[0.147s] DEBUG:colcon:Command line arguments: ['/usr/bin/colcon', 'build', '--symlink-install']
[0.147s] DEBUG:colcon:Parsed command line arguments: Namespace(ament_cmake_args=None, base_paths=['.'], build_base='build', catkin_cmake_args=None, catkin_skip_building_tests=False, cmake_args=None, cmake_clean_cache=False, cmake_clean_first=False, cmake_force_configure=False, cmake_target=None, cmake_target_skip_unavailable=False, continue_on_error=False, event_handlers=None, executor='parallel', ignore_user_meta=False, install_base='install', log_base=None, log_level=None, main=<bound method BuildVerb.main of <colcon_core.verb.build.BuildVerb object at 0x7fa5adae2320>>, merge_install=False, metas=['./colcon.meta'], packages_above=None, packages_above_and_dependencies=None, packages_above_depth=None, packages_end=None, packages_ignore=None, packages_ignore_regex=None, packages_select=None, packages_select_build_failed=False, packages_select_by_dep=None, packages_select_regex=None, packages_select_test_failures=False, packages_skip=None, packages_skip_build_finished=False, packages_skip_by_dep=None, packages_skip_regex=None, packages_skip_test_passed=False, packages_skip_up_to=None, packages_start=None, packages_up_to=None, packages_up_to_regex=None, parallel_workers=12, paths=None, symlink_install=True, test_result_base=None, verb_extension=<colcon_core.verb.build.BuildVerb object at 0x7fa5adae2320>, verb_name='build', verb_parser=<colcon_defaults.argument_parser.defaults.DefaultArgumentsDecorator object at 0x7fa5adae2668>)
[0.151s] Level 1:colcon.colcon_core.package_discovery:discover_packages(colcon_meta) check parameters
[0.151s] Level 1:colcon.colcon_core.package_discovery:discover_packages(recursive) check parameters
[0.151s] Level 1:colcon.colcon_core.package_discovery:discover_packages(ignore) check parameters
[0.151s] Level 1:colcon.colcon_core.package_discovery:discover_packages(path) check parameters
[0.151s] Level 1:colcon.colcon_core.package_discovery:discover_packages(colcon_meta) discover
[0.151s] Level 1:colcon.colcon_core.package_discovery:discover_packages(recursive) discover
[0.151s] INFO:colcon.colcon_core.package_discovery:Crawling recursively for packages in '/home/student/ros2_bridge_custom_interfaces/ros2_ws'
[0.151s] Level 1:colcon.colcon_core.package_identification:_identify(.) by extensions ['ignore', 'ignore_ament_install']
[0.151s] Level 1:colcon.colcon_core.package_identification:_identify(.) by extension 'ignore'
[0.151s] Level 1:colcon.colcon_core.package_identification:_identify(.) by extension 'ignore_ament_install'
[0.152s] Level 1:colcon.colcon_core.package_identification:_identify(.) by extensions ['colcon_pkg']
[0.152s] Level 1:colcon.colcon_core.package_identification:_identify(.) by extension 'colcon_pkg'
[0.152s] Level 1:colcon.colcon_core.package_identification:_identify(.) by extensions ['colcon_meta']
[0.152s] Level 1:colcon.colcon_core.package_identification:_identify(.) by extension 'colcon_meta'
[0.152s] Level 1:colcon.colcon_core.package_identification:_identify(.) by extensions ['ros']
[0.152s] Level 1:colcon.colcon_core.package_identification:_identify(.) by extension 'ros'
[0.161s] Level 1:colcon.colcon_core.package_identification:_identify(.) by extensions ['cmake', 'python']
[0.161s] Level 1:colcon.colcon_core.package_identification:_identify(.) by extension 'cmake'
[0.161s] Level 1:colcon.colcon_core.package_identification:_identify(.) by extension 'python'
[0.161s] Level 1:colcon.colcon_core.package_identification:_identify(.) by extensions ['python_setup_py']
[0.161s] Level 1:colcon.colcon_core.package_identification:_identify(.) by extension 'python_setup_py'
[0.161s] Level 1:colcon.colcon_core.package_identification:_identify(build) by extensions ['ignore', 'ignore_ament_install']
[0.161s] Level 1:colcon.colcon_core.package_identification:_identify(build) by extension 'ignore'
[0.161s] Level 1:colcon.colcon_core.package_identification:_identify(build) ignored
[0.161s] Level 1:colcon.colcon_core.package_identification:_identify(install) by extensions ['ignore', 'ignore_ament_install']
[0.161s] Level 1:colcon.colcon_core.package_identification:_identify(install) by extension 'ignore'
[0.161s] Level 1:colcon.colcon_core.package_identification:_identify(install) ignored
[0.161s] Level 1:colcon.colcon_core.package_identification:_identify(log) by extensions ['ignore', 'ignore_ament_install']
[0.162s] Level 1:colcon.colcon_core.package_identification:_identify(log) by extension 'ignore'
[0.162s] Level 1:colcon.colcon_core.package_identification:_identify(log) ignored
[0.162s] Level 1:colcon.colcon_core.package_identification:_identify(src) by extensions ['ignore', 'ignore_ament_install']
[0.162s] Level 1:colcon.colcon_core.package_identification:_identify(src) by extension 'ignore'
[0.162s] Level 1:colcon.colcon_core.package_identification:_identify(src) by extension 'ignore_ament_install'
[0.162s] Level 1:colcon.colcon_core.package_identification:_identify(src) by extensions ['colcon_pkg']
[0.162s] Level 1:colcon.colcon_core.package_identification:_identify(src) by extension 'colcon_pkg'
[0.162s] Level 1:colcon.colcon_core.package_identification:_identify(src) by extensions ['colcon_meta']
[0.162s] Level 1:colcon.colcon_core.package_identification:_identify(src) by extension 'colcon_meta'
[0.162s] Level 1:colcon.colcon_core.package_identification:_identify(src) by extensions ['ros']
[0.162s] Level 1:colcon.colcon_core.package_identification:_identify(src) by extension 'ros'
[0.162s] Level 1:colcon.colcon_core.package_identification:_identify(src) by extensions ['cmake', 'python']
[0.162s] Level 1:colcon.colcon_core.package_identification:_identify(src) by extension 'cmake'
[0.162s] Level 1:colcon.colcon_core.package_identification:_identify(src) by extension 'python'
[0.162s] Level 1:colcon.colcon_core.package_identification:_identify(src) by extensions ['python_setup_py']
[0.162s] Level 1:colcon.colcon_core.package_identification:_identify(src) by extension 'python_setup_py'
[0.162s] Level 1:colcon.colcon_core.package_identification:_identify(src/blackboard_interfaces) by extensions ['ignore', 'ignore_ament_install']
[0.162s] Level 1:colcon.colcon_core.package_identification:_identify(src/blackboard_interfaces) by extension 'ignore'
[0.162s] Level 1:colcon.colcon_core.package_identification:_identify(src/blackboard_interfaces) by extension 'ignore_ament_install'
[0.162s] Level 1:colcon.colcon_core.package_identification:_identify(src/blackboard_interfaces) by extensions ['colcon_pkg']
[0.163s] Level 1:colcon.colcon_core.package_identification:_identify(src/blackboard_interfaces) by extension 'colcon_pkg'
[0.163s] Level 1:colcon.colcon_core.package_identification:_identify(src/blackboard_interfaces) by extensions ['colcon_meta']
[0.163s] Level 1:colcon.colcon_core.package_identification:_identify(src/blackboard_interfaces) by extension 'colcon_meta'
[0.163s] Level 1:colcon.colcon_core.package_identification:_identify(src/blackboard_interfaces) by extensions ['ros']
[0.163s] Level 1:colcon.colcon_core.package_identification:_identify(src/blackboard_interfaces) by extension 'ros'
[0.165s] DEBUG:colcon.colcon_core.package_identification:Package 'src/blackboard_interfaces' with type 'ros.ament_cmake' and name 'blackboard_interfaces'
[0.165s] Level 1:colcon.colcon_core.package_identification:_identify(src/sshros) by extensions ['ignore', 'ignore_ament_install']
[0.165s] Level 1:colcon.colcon_core.package_identification:_identify(src/sshros) by extension 'ignore'
[0.165s] Level 1:colcon.colcon_core.package_identification:_identify(src/sshros) by extension 'ignore_ament_install'
[0.165s] Level 1:colcon.colcon_core.package_identification:_identify(src/sshros) by extensions ['colcon_pkg']
[0.165s] Level 1:colcon.colcon_core.package_identification:_identify(src/sshros) by extension 'colcon_pkg'
[0.165s] Level 1:colcon.colcon_core.package_identification:_identify(src/sshros) by extensions ['colcon_meta']
[0.165s] Level 1:colcon.colcon_core.package_identification:_identify(src/sshros) by extension 'colcon_meta'
[0.165s] Level 1:colcon.colcon_core.package_identification:_identify(src/sshros) by extensions ['ros']
[0.165s] Level 1:colcon.colcon_core.package_identification:_identify(src/sshros) by extension 'ros'
[0.165s] DEBUG:colcon.colcon_core.package_identification:Package 'src/sshros' with type 'ros.ament_python' and name 'sshros'
[0.166s] Level 1:colcon.colcon_core.package_discovery:discover_packages(recursive) using defaults
[0.166s] Level 1:colcon.colcon_core.package_discovery:discover_packages(ignore) discover
[0.166s] Level 1:colcon.colcon_core.package_discovery:discover_packages(ignore) using defaults
[0.166s] Level 1:colcon.colcon_core.package_discovery:discover_packages(path) discover
[0.166s] Level 1:colcon.colcon_core.package_discovery:discover_packages(path) using defaults
[0.183s] Level 5:colcon.colcon_core.verb:set package 'blackboard_interfaces' build argument 'cmake_args' from command line to 'None'
[0.183s] Level 5:colcon.colcon_core.verb:set package 'blackboard_interfaces' build argument 'cmake_target' from command line to 'None'
[0.183s] Level 5:colcon.colcon_core.verb:set package 'blackboard_interfaces' build argument 'cmake_target_skip_unavailable' from command line to 'False'
[0.183s] Level 5:colcon.colcon_core.verb:set package 'blackboard_interfaces' build argument 'cmake_clean_cache' from command line to 'False'
[0.183s] Level 5:colcon.colcon_core.verb:set package 'blackboard_interfaces' build argument 'cmake_clean_first' from command line to 'False'
[0.183s] Level 5:colcon.colcon_core.verb:set package 'blackboard_interfaces' build argument 'cmake_force_configure' from command line to 'False'
[0.183s] Level 5:colcon.colcon_core.verb:set package 'blackboard_interfaces' build argument 'ament_cmake_args' from command line to 'None'
[0.183s] Level 5:colcon.colcon_core.verb:set package 'blackboard_interfaces' build argument 'catkin_cmake_args' from command line to 'None'
[0.183s] Level 5:colcon.colcon_core.verb:set package 'blackboard_interfaces' build argument 'catkin_skip_building_tests' from command line to 'False'
[0.183s] DEBUG:colcon.colcon_core.verb:Building package 'blackboard_interfaces' with the following arguments: {'ament_cmake_args': None, 'build_base': '/home/student/ros2_bridge_custom_interfaces/ros2_ws/build/blackboard_interfaces', 'catkin_cmake_args': None, 'catkin_skip_building_tests': False, 'cmake_args': None, 'cmake_clean_cache': False, 'cmake_clean_first': False, 'cmake_force_configure': False, 'cmake_target': None, 'cmake_target_skip_unavailable': False, 'install_base': '/home/student/ros2_bridge_custom_interfaces/ros2_ws/install/blackboard_interfaces', 'merge_install': False, 'path': '/home/student/ros2_bridge_custom_interfaces/ros2_ws/src/blackboard_interfaces', 'symlink_install': True, 'test_result_base': None}
[0.185s] Level 5:colcon.colcon_core.verb:set package 'sshros' build argument 'cmake_args' from command line to 'None'
[0.185s] Level 5:colcon.colcon_core.verb:set package 'sshros' build argument 'cmake_target' from command line to 'None'
[0.185s] Level 5:colcon.colcon_core.verb:set package 'sshros' build argument 'cmake_target_skip_unavailable' from command line to 'False'
[0.185s] Level 5:colcon.colcon_core.verb:set package 'sshros' build argument 'cmake_clean_cache' from command line to 'False'
[0.185s] Level 5:colcon.colcon_core.verb:set package 'sshros' build argument 'cmake_clean_first' from command line to 'False'
[0.185s] Level 5:colcon.colcon_core.verb:set package 'sshros' build argument 'cmake_force_configure' from command line to 'False'
[0.185s] Level 5:colcon.colcon_core.verb:set package 'sshros' build argument 'ament_cmake_args' from command line to 'None'
[0.185s] Level 5:colcon.colcon_core.verb:set package 'sshros' build argument 'catkin_cmake_args' from command line to 'None'
[0.185s] Level 5:colcon.colcon_core.verb:set package 'sshros' build argument 'catkin_skip_building_tests' from command line to 'False'
[0.185s] DEBUG:colcon.colcon_core.verb:Building package 'sshros' with the following arguments: {'ament_cmake_args': None, 'build_base': '/home/student/ros2_bridge_custom_interfaces/ros2_ws/build/sshros', 'catkin_cmake_args': None, 'catkin_skip_building_tests': False, 'cmake_args': None, 'cmake_clean_cache': False, 'cmake_clean_first': False, 'cmake_force_configure': False, 'cmake_target': None, 'cmake_target_skip_unavailable': False, 'install_base': '/home/student/ros2_bridge_custom_interfaces/ros2_ws/install/sshros', 'merge_install': False, 'path': '/home/student/ros2_bridge_custom_interfaces/ros2_ws/src/sshros', 'symlink_install': True, 'test_result_base': None}
[0.186s] INFO:colcon.colcon_core.executor:Executing jobs using 'parallel' executor
[0.187s] DEBUG:colcon.colcon_parallel_executor.executor.parallel:run_until_complete
[0.187s] INFO:colcon.colcon_ros.task.ament_cmake.build:Building ROS package in '/home/student/ros2_bridge_custom_interfaces/ros2_ws/src/blackboard_interfaces' with build type 'ament_cmake'
[0.187s] INFO:colcon.colcon_cmake.task.cmake.build:Building CMake package in '/home/student/ros2_bridge_custom_interfaces/ros2_ws/src/blackboard_interfaces'
[0.190s] INFO:colcon.colcon_core.plugin_system:Skipping extension 'colcon_core.shell.bat': Not used on non-Windows systems
[0.190s] INFO:colcon.colcon_core.shell:Skip shell extension 'powershell' for command environment: Not usable outside of PowerShell
[0.190s] DEBUG:colcon.colcon_core.shell:Skip shell extension 'dsv' for command environment
[0.192s] DEBUG:colcon.colcon_core.shell:Ignoring prefix path '/opt/ros/dashing'
[0.194s] INFO:colcon.colcon_ros.task.ament_python.build:Building ROS package in '/home/student/ros2_bridge_custom_interfaces/ros2_ws/src/sshros' with build type 'ament_python'
[0.195s] Level 1:colcon.colcon_core.shell:create_environment_hook('sshros', 'ament_prefix_path')
[0.195s] INFO:colcon.colcon_core.shell:Creating environment hook '/home/student/ros2_bridge_custom_interfaces/ros2_ws/install/sshros/share/sshros/hook/ament_prefix_path.ps1'
[0.196s] INFO:colcon.colcon_core.shell:Creating environment descriptor '/home/student/ros2_bridge_custom_interfaces/ros2_ws/install/sshros/share/sshros/hook/ament_prefix_path.dsv'
[0.196s] INFO:colcon.colcon_core.shell:Creating environment hook '/home/student/ros2_bridge_custom_interfaces/ros2_ws/install/sshros/share/sshros/hook/ament_prefix_path.sh'
[0.197s] INFO:colcon.colcon_core.shell:Skip shell extension 'powershell' for command environment: Not usable outside of PowerShell
[0.197s] DEBUG:colcon.colcon_core.shell:Skip shell extension 'dsv' for command environment
[0.199s] DEBUG:colcon.colcon_core.shell:Ignoring prefix path '/opt/ros/dashing'
[0.205s] DEBUG:colcon.colcon_core.event_handler.log_command:Invoking command in '/home/student/ros2_bridge_custom_interfaces/ros2_ws/build/blackboard_interfaces': CMAKE_PREFIX_PATH=${CMAKE_PREFIX_PATH}:/home/student/ros2_bridge_custom_interfaces/ros2_ws/install/sshros:/opt/ros/dashing /usr/bin/cmake --build /home/student/ros2_bridge_custom_interfaces/ros2_ws/build/blackboard_interfaces -- -j12 -l12
[0.403s] INFO:colcon.colcon_core.task.python.build:Building Python package in '/home/student/ros2_bridge_custom_interfaces/ros2_ws/src/sshros'
[0.404s] INFO:colcon.colcon_core.shell:Skip shell extension 'powershell' for command environment: Not usable outside of PowerShell
[0.404s] DEBUG:colcon.colcon_core.shell:Skip shell extension 'dsv' for command environment
[0.406s] DEBUG:colcon.colcon_core.shell:Ignoring prefix path '/opt/ros/dashing'
[0.411s] DEBUG:colcon.colcon_core.event_handler.log_command:Invoking command in '/home/student/ros2_bridge_custom_interfaces/ros2_ws/build/sshros': PYTHONPATH=/home/student/ros2_bridge_custom_interfaces/ros2_ws/install/sshros/lib/python3.6/site-packages:${PYTHONPATH} /usr/bin/python3 setup.py develop --prefix /home/student/ros2_bridge_custom_interfaces/ros2_ws/install/sshros --editable --build-directory /home/student/ros2_bridge_custom_interfaces/ros2_ws/build/sshros/build --no-deps install_data --install-dir /home/student/ros2_bridge_custom_interfaces/ros2_ws/install/sshros
[0.430s] DEBUG:colcon.colcon_core.event_handler.log_command:Invoked command in '/home/student/ros2_bridge_custom_interfaces/ros2_ws/build/blackboard_interfaces' returned '0': CMAKE_PREFIX_PATH=${CMAKE_PREFIX_PATH}:/home/student/ros2_bridge_custom_interfaces/ros2_ws/install/sshros:/opt/ros/dashing /usr/bin/cmake --build /home/student/ros2_bridge_custom_interfaces/ros2_ws/build/blackboard_interfaces -- -j12 -l12
[0.477s] DEBUG:colcon.colcon_core.event_handler.log_command:Invoking command in '/home/student/ros2_bridge_custom_interfaces/ros2_ws/build/blackboard_interfaces': CMAKE_PREFIX_PATH=${CMAKE_PREFIX_PATH}:/home/student/ros2_bridge_custom_interfaces/ros2_ws/install/sshros:/opt/ros/dashing /usr/bin/cmake --build /home/student/ros2_bridge_custom_interfaces/ros2_ws/build/blackboard_interfaces --target install -- -j12 -l12
[0.745s] Level 1:colcon.colcon_core.shell:create_environment_hook('sshros', 'pythonpath_develop')
[0.746s] INFO:colcon.colcon_core.shell:Creating environment hook '/home/student/ros2_bridge_custom_interfaces/ros2_ws/build/sshros/share/sshros/hook/pythonpath_develop.ps1'
[0.747s] DEBUG:colcon.colcon_core.event_handler.log_command:Invoked command in '/home/student/ros2_bridge_custom_interfaces/ros2_ws/build/sshros' returned '0': PYTHONPATH=/home/student/ros2_bridge_custom_interfaces/ros2_ws/install/sshros/lib/python3.6/site-packages:${PYTHONPATH} /usr/bin/python3 setup.py develop --prefix /home/student/ros2_bridge_custom_interfaces/ros2_ws/install/sshros --editable --build-directory /home/student/ros2_bridge_custom_interfaces/ros2_ws/build/sshros/build --no-deps install_data --install-dir /home/student/ros2_bridge_custom_interfaces/ros2_ws/install/sshros
[0.747s] INFO:colcon.colcon_core.shell:Creating environment descriptor '/home/student/ros2_bridge_custom_interfaces/ros2_ws/build/sshros/share/sshros/hook/pythonpath_develop.dsv'
[0.747s] INFO:colcon.colcon_core.shell:Creating environment hook '/home/student/ros2_bridge_custom_interfaces/ros2_ws/build/sshros/share/sshros/hook/pythonpath_develop.sh'
[0.750s] Level 1:colcon.colcon_core.environment:checking '/home/student/ros2_bridge_custom_interfaces/ros2_ws/install/sshros' for CMake module files
[0.750s] Level 1:colcon.colcon_core.environment:checking '/home/student/ros2_bridge_custom_interfaces/ros2_ws/install/sshros' for CMake config files
[0.751s] Level 1:colcon.colcon_core.environment:checking '/home/student/ros2_bridge_custom_interfaces/ros2_ws/install/sshros/lib'
[0.751s] Level 1:colcon.colcon_core.environment:checking '/home/student/ros2_bridge_custom_interfaces/ros2_ws/install/sshros/bin'
[0.751s] Level 1:colcon.colcon_core.environment:checking '/home/student/ros2_bridge_custom_interfaces/ros2_ws/install/sshros/lib/pkgconfig/sshros.pc'
[0.751s] Level 1:colcon.colcon_core.environment:checking '/home/student/ros2_bridge_custom_interfaces/ros2_ws/install/sshros/lib/python3.6/site-packages'
[0.751s] Level 1:colcon.colcon_core.shell:create_environment_hook('sshros', 'pythonpath')
[0.752s] INFO:colcon.colcon_core.shell:Creating environment hook '/home/student/ros2_bridge_custom_interfaces/ros2_ws/install/sshros/share/sshros/hook/pythonpath.ps1'
[0.752s] INFO:colcon.colcon_core.shell:Creating environment descriptor '/home/student/ros2_bridge_custom_interfaces/ros2_ws/install/sshros/share/sshros/hook/pythonpath.dsv'
[0.752s] INFO:colcon.colcon_core.shell:Creating environment hook '/home/student/ros2_bridge_custom_interfaces/ros2_ws/install/sshros/share/sshros/hook/pythonpath.sh'
[0.753s] Level 1:colcon.colcon_core.environment:create_environment_scripts_only(sshros)
[0.753s] INFO:colcon.colcon_core.shell:Creating package script '/home/student/ros2_bridge_custom_interfaces/ros2_ws/install/sshros/share/sshros/package.ps1'
[0.754s] INFO:colcon.colcon_core.shell:Creating package descriptor '/home/student/ros2_bridge_custom_interfaces/ros2_ws/install/sshros/share/sshros/package.dsv'
[0.754s] INFO:colcon.colcon_core.shell:Creating package script '/home/student/ros2_bridge_custom_interfaces/ros2_ws/install/sshros/share/sshros/package.sh'
[0.764s] INFO:colcon.colcon_core.shell:Creating package script '/home/student/ros2_bridge_custom_interfaces/ros2_ws/install/sshros/share/sshros/package.bash'
[0.765s] INFO:colcon.colcon_core.shell:Creating package script '/home/student/ros2_bridge_custom_interfaces/ros2_ws/install/sshros/share/sshros/package.zsh'
[0.765s] Level 1:colcon.colcon_core.environment:create_file_with_runtime_dependencies(/home/student/ros2_bridge_custom_interfaces/ros2_ws/install/sshros/share/colcon-core/packages/sshros)
[0.766s] Level 1:colcon.colcon_core.environment:create_environment_scripts_only(blackboard_interfaces)
[0.767s] Level 1:colcon.colcon_core.environment:checking '/home/student/ros2_bridge_custom_interfaces/ros2_ws/install/blackboard_interfaces' for CMake module files
[0.767s] DEBUG:colcon.colcon_core.event_handler.log_command:Invoked command in '/home/student/ros2_bridge_custom_interfaces/ros2_ws/build/blackboard_interfaces' returned '0': CMAKE_PREFIX_PATH=${CMAKE_PREFIX_PATH}:/home/student/ros2_bridge_custom_interfaces/ros2_ws/install/sshros:/opt/ros/dashing /usr/bin/cmake --build /home/student/ros2_bridge_custom_interfaces/ros2_ws/build/blackboard_interfaces --target install -- -j12 -l12
[0.768s] Level 1:colcon.colcon_core.environment:checking '/home/student/ros2_bridge_custom_interfaces/ros2_ws/install/blackboard_interfaces' for CMake config files
[0.768s] Level 1:colcon.colcon_core.shell:create_environment_hook('blackboard_interfaces', 'cmake_prefix_path')
[0.769s] INFO:colcon.colcon_core.shell:Creating environment hook '/home/student/ros2_bridge_custom_interfaces/ros2_ws/install/blackboard_interfaces/share/blackboard_interfaces/hook/cmake_prefix_path.ps1'
[0.769s] INFO:colcon.colcon_core.shell:Creating environment descriptor '/home/student/ros2_bridge_custom_interfaces/ros2_ws/install/blackboard_interfaces/share/blackboard_interfaces/hook/cmake_prefix_path.dsv'
[0.769s] INFO:colcon.colcon_core.shell:Creating environment hook '/home/student/ros2_bridge_custom_interfaces/ros2_ws/install/blackboard_interfaces/share/blackboard_interfaces/hook/cmake_prefix_path.sh'
[0.770s] Level 1:colcon.colcon_core.environment:checking '/home/student/ros2_bridge_custom_interfaces/ros2_ws/install/blackboard_interfaces/lib'
[0.770s] Level 1:colcon.colcon_core.shell:create_environment_hook('blackboard_interfaces', 'ld_library_path_lib')
[0.770s] INFO:colcon.colcon_core.shell:Creating environment hook '/home/student/ros2_bridge_custom_interfaces/ros2_ws/install/blackboard_interfaces/share/blackboard_interfaces/hook/ld_library_path_lib.ps1'
[0.770s] INFO:colcon.colcon_core.shell:Creating environment descriptor '/home/student/ros2_bridge_custom_interfaces/ros2_ws/install/blackboard_interfaces/share/blackboard_interfaces/hook/ld_library_path_lib.dsv'
[0.771s] INFO:colcon.colcon_core.shell:Creating environment hook '/home/student/ros2_bridge_custom_interfaces/ros2_ws/install/blackboard_interfaces/share/blackboard_interfaces/hook/ld_library_path_lib.sh'
[0.771s] Level 1:colcon.colcon_core.environment:checking '/home/student/ros2_bridge_custom_interfaces/ros2_ws/install/blackboard_interfaces/bin'
[0.771s] Level 1:colcon.colcon_core.environment:checking '/home/student/ros2_bridge_custom_interfaces/ros2_ws/install/blackboard_interfaces/lib/pkgconfig/blackboard_interfaces.pc'
[0.771s] Level 1:colcon.colcon_core.environment:checking '/home/student/ros2_bridge_custom_interfaces/ros2_ws/install/blackboard_interfaces/lib/python3.6/site-packages'
[0.771s] Level 1:colcon.colcon_core.shell:create_environment_hook('blackboard_interfaces', 'pythonpath')
[0.772s] INFO:colcon.colcon_core.shell:Creating environment hook '/home/student/ros2_bridge_custom_interfaces/ros2_ws/install/blackboard_interfaces/share/blackboard_interfaces/hook/pythonpath.ps1'
[0.772s] INFO:colcon.colcon_core.shell:Creating environment descriptor '/home/student/ros2_bridge_custom_interfaces/ros2_ws/install/blackboard_interfaces/share/blackboard_interfaces/hook/pythonpath.dsv'
[0.772s] INFO:colcon.colcon_core.shell:Creating environment hook '/home/student/ros2_bridge_custom_interfaces/ros2_ws/install/blackboard_interfaces/share/blackboard_interfaces/hook/pythonpath.sh'
[0.773s] INFO:colcon.colcon_core.shell:Creating package script '/home/student/ros2_bridge_custom_interfaces/ros2_ws/install/blackboard_interfaces/share/blackboard_interfaces/package.ps1'
[0.773s] INFO:colcon.colcon_core.shell:Creating package descriptor '/home/student/ros2_bridge_custom_interfaces/ros2_ws/install/blackboard_interfaces/share/blackboard_interfaces/package.dsv'
[0.774s] INFO:colcon.colcon_core.shell:Creating package script '/home/student/ros2_bridge_custom_interfaces/ros2_ws/install/blackboard_interfaces/share/blackboard_interfaces/package.sh'
[0.774s] INFO:colcon.colcon_core.shell:Creating package script '/home/student/ros2_bridge_custom_interfaces/ros2_ws/install/blackboard_interfaces/share/blackboard_interfaces/package.bash'
[0.774s] INFO:colcon.colcon_core.shell:Creating package script '/home/student/ros2_bridge_custom_interfaces/ros2_ws/install/blackboard_interfaces/share/blackboard_interfaces/package.zsh'
[0.775s] Level 1:colcon.colcon_core.environment:create_file_with_runtime_dependencies(/home/student/ros2_bridge_custom_interfaces/ros2_ws/install/blackboard_interfaces/share/colcon-core/packages/blackboard_interfaces)
[0.813s] Level 1:colcon.colcon_core.environment:create_environment_scripts_only(blackboard_interfaces)
[0.814s] Level 1:colcon.colcon_core.environment:checking '/home/student/ros2_bridge_custom_interfaces/ros2_ws/install/blackboard_interfaces' for CMake module files
[0.814s] Level 1:colcon.colcon_core.environment:checking '/home/student/ros2_bridge_custom_interfaces/ros2_ws/install/blackboard_interfaces' for CMake config files
[0.815s] Level 1:colcon.colcon_core.shell:create_environment_hook('blackboard_interfaces', 'cmake_prefix_path')
[0.815s] INFO:colcon.colcon_core.shell:Creating environment hook '/home/student/ros2_bridge_custom_interfaces/ros2_ws/install/blackboard_interfaces/share/blackboard_interfaces/hook/cmake_prefix_path.ps1'
[0.816s] INFO:colcon.colcon_core.shell:Creating environment descriptor '/home/student/ros2_bridge_custom_interfaces/ros2_ws/install/blackboard_interfaces/share/blackboard_interfaces/hook/cmake_prefix_path.dsv'
[0.816s] INFO:colcon.colcon_core.shell:Creating environment hook '/home/student/ros2_bridge_custom_interfaces/ros2_ws/install/blackboard_interfaces/share/blackboard_interfaces/hook/cmake_prefix_path.sh'
[0.817s] Level 1:colcon.colcon_core.environment:checking '/home/student/ros2_bridge_custom_interfaces/ros2_ws/install/blackboard_interfaces/lib'
[0.817s] Level 1:colcon.colcon_core.shell:create_environment_hook('blackboard_interfaces', 'ld_library_path_lib')
[0.817s] INFO:colcon.colcon_core.shell:Creating environment hook '/home/student/ros2_bridge_custom_interfaces/ros2_ws/install/blackboard_interfaces/share/blackboard_interfaces/hook/ld_library_path_lib.ps1'
[0.817s] INFO:colcon.colcon_core.shell:Creating environment descriptor '/home/student/ros2_bridge_custom_interfaces/ros2_ws/install/blackboard_interfaces/share/blackboard_interfaces/hook/ld_library_path_lib.dsv'
[0.818s] INFO:colcon.colcon_core.shell:Creating environment hook '/home/student/ros2_bridge_custom_interfaces/ros2_ws/install/blackboard_interfaces/share/blackboard_interfaces/hook/ld_library_path_lib.sh'
[0.818s] Level 1:colcon.colcon_core.environment:checking '/home/student/ros2_bridge_custom_interfaces/ros2_ws/install/blackboard_interfaces/bin'
[0.818s] Level 1:colcon.colcon_core.environment:checking '/home/student/ros2_bridge_custom_interfaces/ros2_ws/install/blackboard_interfaces/lib/pkgconfig/blackboard_interfaces.pc'
[0.818s] Level 1:colcon.colcon_core.environment:checking '/home/student/ros2_bridge_custom_interfaces/ros2_ws/install/blackboard_interfaces/lib/python3.6/site-packages'
[0.818s] Level 1:colcon.colcon_core.shell:create_environment_hook('blackboard_interfaces', 'pythonpath')
[0.818s] INFO:colcon.colcon_core.shell:Creating environment hook '/home/student/ros2_bridge_custom_interfaces/ros2_ws/install/blackboard_interfaces/share/blackboard_interfaces/hook/pythonpath.ps1'
[0.819s] INFO:colcon.colcon_core.shell:Creating environment descriptor '/home/student/ros2_bridge_custom_interfaces/ros2_ws/install/blackboard_interfaces/share/blackboard_interfaces/hook/pythonpath.dsv'
[0.819s] INFO:colcon.colcon_core.shell:Creating environment hook '/home/student/ros2_bridge_custom_interfaces/ros2_ws/install/blackboard_interfaces/share/blackboard_interfaces/hook/pythonpath.sh'
[0.820s] INFO:colcon.colcon_core.shell:Creating package script '/home/student/ros2_bridge_custom_interfaces/ros2_ws/install/blackboard_interfaces/share/blackboard_interfaces/package.ps1'
[0.820s] INFO:colcon.colcon_core.shell:Creating package descriptor '/home/student/ros2_bridge_custom_interfaces/ros2_ws/install/blackboard_interfaces/share/blackboard_interfaces/package.dsv'
[0.821s] INFO:colcon.colcon_core.shell:Creating package script '/home/student/ros2_bridge_custom_interfaces/ros2_ws/install/blackboard_interfaces/share/blackboard_interfaces/package.sh'
[0.821s] INFO:colcon.colcon_core.shell:Creating package script '/home/student/ros2_bridge_custom_interfaces/ros2_ws/install/blackboard_interfaces/share/blackboard_interfaces/package.bash'
[0.822s] INFO:colcon.colcon_core.shell:Creating package script '/home/student/ros2_bridge_custom_interfaces/ros2_ws/install/blackboard_interfaces/share/blackboard_interfaces/package.zsh'
[0.822s] Level 1:colcon.colcon_core.environment:create_file_with_runtime_dependencies(/home/student/ros2_bridge_custom_interfaces/ros2_ws/install/blackboard_interfaces/share/colcon-core/packages/blackboard_interfaces)
[0.822s] DEBUG:colcon.colcon_parallel_executor.executor.parallel:closing loop
[0.823s] DEBUG:colcon.colcon_parallel_executor.executor.parallel:loop closed
[0.823s] DEBUG:colcon.colcon_parallel_executor.executor.parallel:run_until_complete finished with '0'
[0.823s] DEBUG:colcon.colcon_core.event_reactor:joining thread
[0.828s] INFO:colcon.colcon_core.plugin_system:Skipping extension 'colcon_notification.desktop_notification.terminal_notifier': Not used on non-Darwin systems
[0.828s] INFO:colcon.colcon_core.plugin_system:Skipping extension 'colcon_notification.desktop_notification.win32': Not used on non-Windows systems
[0.828s] INFO:colcon.colcon_notification.desktop_notification:Sending desktop notification using 'notify2'
[0.830s] DEBUG:colcon.colcon_core.event_reactor:joined thread
[0.831s] INFO:colcon.colcon_core.shell:Creating prefix script '/home/student/ros2_bridge_custom_interfaces/ros2_ws/install/local_setup.ps1'
[0.832s] INFO:colcon.colcon_core.shell:Creating prefix util module '/home/student/ros2_bridge_custom_interfaces/ros2_ws/install/_local_setup_util_ps1.py'
[0.833s] INFO:colcon.colcon_core.shell:Creating prefix chain script '/home/student/ros2_bridge_custom_interfaces/ros2_ws/install/setup.ps1'
[0.835s] INFO:colcon.colcon_core.shell:Creating prefix script '/home/student/ros2_bridge_custom_interfaces/ros2_ws/install/local_setup.sh'
[0.835s] INFO:colcon.colcon_core.shell:Creating prefix util module '/home/student/ros2_bridge_custom_interfaces/ros2_ws/install/_local_setup_util_sh.py'
[0.836s] INFO:colcon.colcon_core.shell:Creating prefix chain script '/home/student/ros2_bridge_custom_interfaces/ros2_ws/install/setup.sh'
[0.837s] INFO:colcon.colcon_core.shell:Creating prefix script '/home/student/ros2_bridge_custom_interfaces/ros2_ws/install/local_setup.bash'
[0.838s] INFO:colcon.colcon_core.shell:Creating prefix chain script '/home/student/ros2_bridge_custom_interfaces/ros2_ws/install/setup.bash'
[0.840s] INFO:colcon.colcon_core.shell:Creating prefix script '/home/student/ros2_bridge_custom_interfaces/ros2_ws/install/local_setup.zsh'
[0.840s] INFO:colcon.colcon_core.shell:Creating prefix chain script '/home/student/ros2_bridge_custom_interfaces/ros2_ws/install/setup.zsh'
