[  3%] Built target blackboard_interfaces__cpp
[ 12%] Built target blackboard_interfaces__rosidl_generator_c
[ 22%] Built target blackboard_interfaces__rosidl_typesupport_cpp
[ 32%] Built target blackboard_interfaces__rosidl_typesupport_fastrtps_cpp
[ 41%] Built target blackboard_interfaces__rosidl_typesupport_introspection_cpp
[ 51%] Built target blackboard_interfaces__rosidl_typesupport_introspection_c
[ 61%] Built target blackboard_interfaces__rosidl_typesupport_c
[ 70%] Built target blackboard_interfaces__rosidl_typesupport_fastrtps_c
[ 70%] Built target blackboard_interfaces
[ 74%] Built target blackboard_interfaces__py
[ 80%] Built target blackboard_interfaces__python
[ 87%] Built target blackboard_interfaces__rosidl_typesupport_introspection_c__pyext
[ 93%] Built target blackboard_interfaces__rosidl_typesupport_fastrtps_c__pyext
[100%] Built target blackboard_interfaces__rosidl_typesupport_c__pyext
-- Install configuration: ""
-- Execute custom install script
-- Up-to-date symlink: /home/ubuntu/workspace/install/blackboard_interfaces/share/ament_index/resource_index/rosidl_interfaces/blackboard_interfaces
-- Up-to-date symlink: /home/ubuntu/workspace/install/blackboard_interfaces/include/blackboard_interfaces/msg/detail/task_msg__functions.h
-- Up-to-date symlink: /home/ubuntu/workspace/install/blackboard_interfaces/include/blackboard_interfaces/msg/detail/task_msg__struct.h
-- Up-to-date symlink: /home/ubuntu/workspace/install/blackboard_interfaces/include/blackboard_interfaces/msg/detail/task_msg__type_support.h
-- Up-to-date symlink: /home/ubuntu/workspace/install/blackboard_interfaces/include/blackboard_interfaces/msg/rosidl_generator_c__visibility_control.h
-- Up-to-date symlink: /home/ubuntu/workspace/install/blackboard_interfaces/include/blackboard_interfaces/msg/task_msg.h
-- Up-to-date symlink: /home/ubuntu/workspace/install/blackboard_interfaces/share/blackboard_interfaces/environment/library_path.sh
-- Up-to-date symlink: /home/ubuntu/workspace/install/blackboard_interfaces/share/blackboard_interfaces/environment/library_path.dsv
-- Up-to-date symlink: /home/ubuntu/workspace/install/blackboard_interfaces/include/blackboard_interfaces/msg/detail/task_msg__rosidl_typesupport_fastrtps_c.h
-- Up-to-date symlink: /home/ubuntu/workspace/install/blackboard_interfaces/include/blackboard_interfaces/msg/rosidl_typesupport_fastrtps_c__visibility_control.h
-- Up-to-date symlink: /home/ubuntu/workspace/install/blackboard_interfaces/lib/libblackboard_interfaces__rosidl_typesupport_fastrtps_c.so
-- Up-to-date symlink: /home/ubuntu/workspace/install/blackboard_interfaces/include/blackboard_interfaces/msg/detail/task_msg__rosidl_typesupport_fastrtps_cpp.hpp
-- Up-to-date symlink: /home/ubuntu/workspace/install/blackboard_interfaces/include/blackboard_interfaces/msg/rosidl_typesupport_fastrtps_cpp__visibility_control.h
-- Up-to-date symlink: /home/ubuntu/workspace/install/blackboard_interfaces/lib/libblackboard_interfaces__rosidl_typesupport_fastrtps_cpp.so
-- Up-to-date symlink: /home/ubuntu/workspace/install/blackboard_interfaces/include/blackboard_interfaces/msg/detail/task_msg__rosidl_typesupport_introspection_c.h
-- Up-to-date symlink: /home/ubuntu/workspace/install/blackboard_interfaces/include/blackboard_interfaces/msg/rosidl_typesupport_introspection_c__visibility_control.h
-- Up-to-date symlink: /home/ubuntu/workspace/install/blackboard_interfaces/include/blackboard_interfaces/msg/detail/task_msg__builder.hpp
-- Up-to-date symlink: /home/ubuntu/workspace/install/blackboard_interfaces/include/blackboard_interfaces/msg/detail/task_msg__struct.hpp
-- Up-to-date symlink: /home/ubuntu/workspace/install/blackboard_interfaces/include/blackboard_interfaces/msg/detail/task_msg__traits.hpp
-- Up-to-date symlink: /home/ubuntu/workspace/install/blackboard_interfaces/include/blackboard_interfaces/msg/task_msg.hpp
-- Up-to-date symlink: /home/ubuntu/workspace/install/blackboard_interfaces/include/blackboard_interfaces/msg/detail/task_msg__rosidl_typesupport_introspection_cpp.hpp
-- Up-to-date symlink: /home/ubuntu/workspace/install/blackboard_interfaces/share/blackboard_interfaces/environment/pythonpath.sh
-- Up-to-date symlink: /home/ubuntu/workspace/install/blackboard_interfaces/share/blackboard_interfaces/environment/pythonpath.dsv
-- Up-to-date symlink: /home/ubuntu/workspace/install/blackboard_interfaces/lib/python3.8/site-packages/blackboard_interfaces/__init__.py
-- Up-to-date symlink: /home/ubuntu/workspace/install/blackboard_interfaces/lib/python3.8/site-packages/blackboard_interfaces/msg/__init__.py
-- Up-to-date symlink: /home/ubuntu/workspace/install/blackboard_interfaces/lib/python3.8/site-packages/blackboard_interfaces/msg/_task_msg.py
-- Up-to-date symlink: /home/ubuntu/workspace/install/blackboard_interfaces/lib/python3.8/site-packages/blackboard_interfaces/blackboard_interfaces_s__rosidl_typesupport_fastrtps_c.cpython-38-aarch64-linux-gnu.so
-- Up-to-date symlink: /home/ubuntu/workspace/install/blackboard_interfaces/lib/python3.8/site-packages/blackboard_interfaces/blackboard_interfaces_s__rosidl_typesupport_introspection_c.cpython-38-aarch64-linux-gnu.so
-- Up-to-date symlink: /home/ubuntu/workspace/install/blackboard_interfaces/lib/python3.8/site-packages/blackboard_interfaces/blackboard_interfaces_s__rosidl_typesupport_c.cpython-38-aarch64-linux-gnu.so
-- Up-to-date symlink: /home/ubuntu/workspace/install/blackboard_interfaces/lib/libblackboard_interfaces__python.so
-- Up-to-date symlink: /home/ubuntu/workspace/install/blackboard_interfaces/share/blackboard_interfaces/msg/TaskMsg.idl
-- Up-to-date symlink: /home/ubuntu/workspace/install/blackboard_interfaces/share/blackboard_interfaces/msg/TaskMsg.msg
-- Up-to-date symlink: /home/ubuntu/workspace/install/blackboard_interfaces/share/ament_index/resource_index/package_run_dependencies/blackboard_interfaces
-- Up-to-date symlink: /home/ubuntu/workspace/install/blackboard_interfaces/share/ament_index/resource_index/parent_prefix_path/blackboard_interfaces
-- Up-to-date symlink: /home/ubuntu/workspace/install/blackboard_interfaces/share/blackboard_interfaces/environment/ament_prefix_path.sh
-- Up-to-date symlink: /home/ubuntu/workspace/install/blackboard_interfaces/share/blackboard_interfaces/environment/ament_prefix_path.dsv
-- Up-to-date symlink: /home/ubuntu/workspace/install/blackboard_interfaces/share/blackboard_interfaces/environment/path.sh
-- Up-to-date symlink: /home/ubuntu/workspace/install/blackboard_interfaces/share/blackboard_interfaces/environment/path.dsv
-- Up-to-date symlink: /home/ubuntu/workspace/install/blackboard_interfaces/share/blackboard_interfaces/local_setup.bash
-- Up-to-date symlink: /home/ubuntu/workspace/install/blackboard_interfaces/share/blackboard_interfaces/local_setup.sh
-- Up-to-date symlink: /home/ubuntu/workspace/install/blackboard_interfaces/share/blackboard_interfaces/local_setup.zsh
-- Up-to-date symlink: /home/ubuntu/workspace/install/blackboard_interfaces/share/blackboard_interfaces/local_setup.dsv
-- Symlinking: /home/ubuntu/workspace/install/blackboard_interfaces/share/blackboard_interfaces/package.dsv
-- Up-to-date symlink: /home/ubuntu/workspace/install/blackboard_interfaces/share/ament_index/resource_index/packages/blackboard_interfaces
-- Up-to-date symlink: /home/ubuntu/workspace/install/blackboard_interfaces/share/blackboard_interfaces/cmake/rosidl_cmake-extras.cmake
-- Up-to-date symlink: /home/ubuntu/workspace/install/blackboard_interfaces/share/blackboard_interfaces/cmake/ament_cmake_export_dependencies-extras.cmake
-- Up-to-date symlink: /home/ubuntu/workspace/install/blackboard_interfaces/share/blackboard_interfaces/cmake/ament_cmake_export_libraries-extras.cmake
-- Up-to-date symlink: /home/ubuntu/workspace/install/blackboard_interfaces/share/blackboard_interfaces/cmake/ament_cmake_export_targets-extras.cmake
-- Up-to-date symlink: /home/ubuntu/workspace/install/blackboard_interfaces/share/blackboard_interfaces/cmake/ament_cmake_export_include_directories-extras.cmake
-- Up-to-date symlink: /home/ubuntu/workspace/install/blackboard_interfaces/share/blackboard_interfaces/cmake/rosidl_cmake_export_typesupport_libraries-extras.cmake
-- Up-to-date symlink: /home/ubuntu/workspace/install/blackboard_interfaces/share/blackboard_interfaces/cmake/rosidl_cmake_export_typesupport_targets-extras.cmake
-- Up-to-date symlink: /home/ubuntu/workspace/install/blackboard_interfaces/share/blackboard_interfaces/cmake/blackboard_interfacesConfig.cmake
-- Up-to-date symlink: /home/ubuntu/workspace/install/blackboard_interfaces/share/blackboard_interfaces/cmake/blackboard_interfacesConfig-version.cmake
-- Up-to-date symlink: /home/ubuntu/workspace/install/blackboard_interfaces/share/blackboard_interfaces/package.xml
-- Up-to-date: /home/ubuntu/workspace/install/blackboard_interfaces/lib/libblackboard_interfaces__rosidl_generator_c.so
-- Up-to-date: /home/ubuntu/workspace/install/blackboard_interfaces/lib/libblackboard_interfaces__rosidl_typesupport_introspection_c.so
-- Up-to-date: /home/ubuntu/workspace/install/blackboard_interfaces/lib/libblackboard_interfaces__rosidl_typesupport_c.so
-- Up-to-date: /home/ubuntu/workspace/install/blackboard_interfaces/lib/libblackboard_interfaces__rosidl_typesupport_introspection_cpp.so
-- Up-to-date: /home/ubuntu/workspace/install/blackboard_interfaces/lib/libblackboard_interfaces__rosidl_typesupport_cpp.so
-- Up-to-date: /home/ubuntu/workspace/install/blackboard_interfaces/share/blackboard_interfaces/cmake/blackboard_interfaces__rosidl_generator_cExport.cmake
-- Up-to-date: /home/ubuntu/workspace/install/blackboard_interfaces/share/blackboard_interfaces/cmake/blackboard_interfaces__rosidl_generator_cExport-noconfig.cmake
-- Up-to-date: /home/ubuntu/workspace/install/blackboard_interfaces/share/blackboard_interfaces/cmake/blackboard_interfaces__rosidl_typesupport_introspection_cExport.cmake
-- Up-to-date: /home/ubuntu/workspace/install/blackboard_interfaces/share/blackboard_interfaces/cmake/blackboard_interfaces__rosidl_typesupport_introspection_cExport-noconfig.cmake
-- Up-to-date: /home/ubuntu/workspace/install/blackboard_interfaces/share/blackboard_interfaces/cmake/blackboard_interfaces__rosidl_typesupport_cExport.cmake
-- Up-to-date: /home/ubuntu/workspace/install/blackboard_interfaces/share/blackboard_interfaces/cmake/blackboard_interfaces__rosidl_typesupport_cExport-noconfig.cmake
-- Up-to-date: /home/ubuntu/workspace/install/blackboard_interfaces/share/blackboard_interfaces/cmake/blackboard_interfaces__rosidl_generator_cppExport.cmake
-- Up-to-date: /home/ubuntu/workspace/install/blackboard_interfaces/share/blackboard_interfaces/cmake/blackboard_interfaces__rosidl_typesupport_introspection_cppExport.cmake
-- Up-to-date: /home/ubuntu/workspace/install/blackboard_interfaces/share/blackboard_interfaces/cmake/blackboard_interfaces__rosidl_typesupport_introspection_cppExport-noconfig.cmake
-- Up-to-date: /home/ubuntu/workspace/install/blackboard_interfaces/share/blackboard_interfaces/cmake/blackboard_interfaces__rosidl_typesupport_cppExport.cmake
-- Up-to-date: /home/ubuntu/workspace/install/blackboard_interfaces/share/blackboard_interfaces/cmake/blackboard_interfaces__rosidl_typesupport_cppExport-noconfig.cmake
