-- Found ament_cmake: 0.9.8 (/opt/ros/foxy/share/ament_cmake/cmake)
-- Found PythonInterp: /usr/bin/python3 (found suitable version "3.8.5", minimum required is "3") 
-- Using PYTHON_EXECUTABLE: /usr/bin/python3
-- Override CMake install command with custom implementation using symlinks instead of copying resources
-- Found geometry_msgs: 2.0.4 (/opt/ros/foxy/share/geometry_msgs/cmake)
-- Using all available rosidl_typesupport_c: rosidl_typesupport_fastrtps_c;rosidl_typesupport_introspection_c
-- Found rosidl_adapter: 1.2.1 (/opt/ros/foxy/share/rosidl_adapter/cmake)
-- Using all available rosidl_typesupport_cpp: rosidl_typesupport_fastrtps_cpp;rosidl_typesupport_introspection_cpp
-- Found rosidl_default_generators: 1.0.1 (/opt/ros/foxy/share/rosidl_default_generators/cmake)
-- Found PythonInterp: /usr/bin/python3 (found version "3.8.5") 
-- Found ament_cmake_ros: 0.9.2 (/opt/ros/foxy/share/ament_cmake_ros/cmake)
-- Using all available rosidl_typesupport_c: rosidl_typesupport_fastrtps_c;rosidl_typesupport_introspection_c
-- Using all available rosidl_typesupport_cpp: rosidl_typesupport_fastrtps_cpp;rosidl_typesupport_introspection_cpp
-- Found PythonInterp: /usr/bin/python3 (found suitable version "3.8.5", minimum required is "3.5") 
-- Found python_cmake_module: 0.8.1 (/opt/ros/foxy/share/python_cmake_module/cmake)
-- Using PYTHON_EXECUTABLE: /usr/bin/python3
-- Using PYTHON_INCLUDE_DIRS: /usr/include/python3.8
-- Using PYTHON_LIBRARIES: /usr/lib/aarch64-linux-gnu/libpython3.8.so
-- Found ament_lint_auto: 0.9.6 (/opt/ros/foxy/share/ament_lint_auto/cmake)
-- Added test 'copyright' to check source files copyright and LICENSE
-- Added test 'lint_cmake' to check CMake code style
-- Added test 'xmllint' to check XML markup files
-- Configuring done
-- Generating done
-- Build files have been written to: /home/ubuntu/workspace/build/blackboard_interfaces
[  3%] Built target blackboard_interfaces__cpp
[ 12%] Built target blackboard_interfaces__rosidl_generator_c
[ 22%] Built target blackboard_interfaces__rosidl_typesupport_cpp
[ 32%] Built target blackboard_interfaces__rosidl_typesupport_introspection_cpp
[ 41%] Built target blackboard_interfaces__rosidl_typesupport_fastrtps_cpp
[ 51%] Built target blackboard_interfaces__rosidl_typesupport_introspection_c
[ 61%] Built target blackboard_interfaces__rosidl_typesupport_c
[ 70%] Built target blackboard_interfaces__rosidl_typesupport_fastrtps_c
[ 70%] Built target blackboard_interfaces
[ 74%] Built target blackboard_interfaces__py
[ 80%] Built target blackboard_interfaces__python
[ 87%] Built target blackboard_interfaces__rosidl_typesupport_introspection_c__pyext
[ 93%] Built target blackboard_interfaces__rosidl_typesupport_fastrtps_c__pyext
[100%] Built target blackboard_interfaces__rosidl_typesupport_c__pyext
-- Install configuration: ""
-- Execute custom install script
-- Up-to-date symlink: /home/ubuntu/workspace/install/blackboard_interfaces/share/ament_index/resource_index/rosidl_interfaces/blackboard_interfaces
-- Up-to-date symlink: /home/ubuntu/workspace/install/blackboard_interfaces/include/blackboard_interfaces/msg/detail/task_msg__functions.h
-- Up-to-date symlink: /home/ubuntu/workspace/install/blackboard_interfaces/include/blackboard_interfaces/msg/detail/task_msg__struct.h
-- Up-to-date symlink: /home/ubuntu/workspace/install/blackboard_interfaces/include/blackboard_interfaces/msg/detail/task_msg__type_support.h
-- Up-to-date symlink: /home/ubuntu/workspace/install/blackboard_interfaces/include/blackboard_interfaces/msg/rosidl_generator_c__visibility_control.h
-- Up-to-date symlink: /home/ubuntu/workspace/install/blackboard_interfaces/include/blackboard_interfaces/msg/task_msg.h
-- Up-to-date symlink: /home/ubuntu/workspace/install/blackboard_interfaces/share/blackboard_interfaces/environment/library_path.sh
-- Up-to-date symlink: /home/ubuntu/workspace/install/blackboard_interfaces/share/blackboard_interfaces/environment/library_path.dsv
-- Up-to-date symlink: /home/ubuntu/workspace/install/blackboard_interfaces/include/blackboard_interfaces/msg/detail/task_msg__rosidl_typesupport_fastrtps_c.h
-- Up-to-date symlink: /home/ubuntu/workspace/install/blackboard_interfaces/include/blackboard_interfaces/msg/rosidl_typesupport_fastrtps_c__visibility_control.h
-- Up-to-date symlink: /home/ubuntu/workspace/install/blackboard_interfaces/lib/libblackboard_interfaces__rosidl_typesupport_fastrtps_c.so
-- Up-to-date symlink: /home/ubuntu/workspace/install/blackboard_interfaces/include/blackboard_interfaces/msg/detail/task_msg__rosidl_typesupport_fastrtps_cpp.hpp
-- Up-to-date symlink: /home/ubuntu/workspace/install/blackboard_interfaces/include/blackboard_interfaces/msg/rosidl_typesupport_fastrtps_cpp__visibility_control.h
-- Up-to-date symlink: /home/ubuntu/workspace/install/blackboard_interfaces/lib/libblackboard_interfaces__rosidl_typesupport_fastrtps_cpp.so
-- Up-to-date symlink: /home/ubuntu/workspace/install/blackboard_interfaces/include/blackboard_interfaces/msg/detail/task_msg__rosidl_typesupport_introspection_c.h
-- Up-to-date symlink: /home/ubuntu/workspace/install/blackboard_interfaces/include/blackboard_interfaces/msg/rosidl_typesupport_introspection_c__visibility_control.h
-- Up-to-date symlink: /home/ubuntu/workspace/install/blackboard_interfaces/include/blackboard_interfaces/msg/detail/task_msg__builder.hpp
-- Up-to-date symlink: /home/ubuntu/workspace/install/blackboard_interfaces/include/blackboard_interfaces/msg/detail/task_msg__struct.hpp
-- Up-to-date symlink: /home/ubuntu/workspace/install/blackboard_interfaces/include/blackboard_interfaces/msg/detail/task_msg__traits.hpp
-- Up-to-date symlink: /home/ubuntu/workspace/install/blackboard_interfaces/include/blackboard_interfaces/msg/task_msg.hpp
-- Up-to-date symlink: /home/ubuntu/workspace/install/blackboard_interfaces/include/blackboard_interfaces/msg/detail/task_msg__rosidl_typesupport_introspection_cpp.hpp
-- Up-to-date symlink: /home/ubuntu/workspace/install/blackboard_interfaces/share/blackboard_interfaces/environment/pythonpath.sh
-- Up-to-date symlink: /home/ubuntu/workspace/install/blackboard_interfaces/share/blackboard_interfaces/environment/pythonpath.dsv
-- Up-to-date symlink: /home/ubuntu/workspace/install/blackboard_interfaces/lib/python3.8/site-packages/blackboard_interfaces/__init__.py
-- Up-to-date symlink: /home/ubuntu/workspace/install/blackboard_interfaces/lib/python3.8/site-packages/blackboard_interfaces/msg/__init__.py
-- Up-to-date symlink: /home/ubuntu/workspace/install/blackboard_interfaces/lib/python3.8/site-packages/blackboard_interfaces/msg/_task_msg.py
-- Up-to-date symlink: /home/ubuntu/workspace/install/blackboard_interfaces/lib/python3.8/site-packages/blackboard_interfaces/blackboard_interfaces_s__rosidl_typesupport_fastrtps_c.cpython-38-aarch64-linux-gnu.so
-- Up-to-date symlink: /home/ubuntu/workspace/install/blackboard_interfaces/lib/python3.8/site-packages/blackboard_interfaces/blackboard_interfaces_s__rosidl_typesupport_introspection_c.cpython-38-aarch64-linux-gnu.so
-- Up-to-date symlink: /home/ubuntu/workspace/install/blackboard_interfaces/lib/python3.8/site-packages/blackboard_interfaces/blackboard_interfaces_s__rosidl_typesupport_c.cpython-38-aarch64-linux-gnu.so
-- Up-to-date symlink: /home/ubuntu/workspace/install/blackboard_interfaces/lib/libblackboard_interfaces__python.so
-- Up-to-date symlink: /home/ubuntu/workspace/install/blackboard_interfaces/share/blackboard_interfaces/msg/TaskMsg.idl
-- Up-to-date symlink: /home/ubuntu/workspace/install/blackboard_interfaces/share/blackboard_interfaces/msg/TaskMsg.msg
-- Up-to-date symlink: /home/ubuntu/workspace/install/blackboard_interfaces/share/ament_index/resource_index/package_run_dependencies/blackboard_interfaces
-- Up-to-date symlink: /home/ubuntu/workspace/install/blackboard_interfaces/share/ament_index/resource_index/parent_prefix_path/blackboard_interfaces
-- Up-to-date symlink: /home/ubuntu/workspace/install/blackboard_interfaces/share/blackboard_interfaces/environment/ament_prefix_path.sh
-- Up-to-date symlink: /home/ubuntu/workspace/install/blackboard_interfaces/share/blackboard_interfaces/environment/ament_prefix_path.dsv
-- Up-to-date symlink: /home/ubuntu/workspace/install/blackboard_interfaces/share/blackboard_interfaces/environment/path.sh
-- Up-to-date symlink: /home/ubuntu/workspace/install/blackboard_interfaces/share/blackboard_interfaces/environment/path.dsv
-- Up-to-date symlink: /home/ubuntu/workspace/install/blackboard_interfaces/share/blackboard_interfaces/local_setup.bash
-- Up-to-date symlink: /home/ubuntu/workspace/install/blackboard_interfaces/share/blackboard_interfaces/local_setup.sh
-- Up-to-date symlink: /home/ubuntu/workspace/install/blackboard_interfaces/share/blackboard_interfaces/local_setup.zsh
-- Up-to-date symlink: /home/ubuntu/workspace/install/blackboard_interfaces/share/blackboard_interfaces/local_setup.dsv
-- Symlinking: /home/ubuntu/workspace/install/blackboard_interfaces/share/blackboard_interfaces/package.dsv
-- Up-to-date symlink: /home/ubuntu/workspace/install/blackboard_interfaces/share/ament_index/resource_index/packages/blackboard_interfaces
-- Up-to-date symlink: /home/ubuntu/workspace/install/blackboard_interfaces/share/blackboard_interfaces/cmake/rosidl_cmake-extras.cmake
-- Up-to-date symlink: /home/ubuntu/workspace/install/blackboard_interfaces/share/blackboard_interfaces/cmake/ament_cmake_export_dependencies-extras.cmake
-- Up-to-date symlink: /home/ubuntu/workspace/install/blackboard_interfaces/share/blackboard_interfaces/cmake/ament_cmake_export_libraries-extras.cmake
-- Up-to-date symlink: /home/ubuntu/workspace/install/blackboard_interfaces/share/blackboard_interfaces/cmake/ament_cmake_export_targets-extras.cmake
-- Up-to-date symlink: /home/ubuntu/workspace/install/blackboard_interfaces/share/blackboard_interfaces/cmake/ament_cmake_export_include_directories-extras.cmake
-- Up-to-date symlink: /home/ubuntu/workspace/install/blackboard_interfaces/share/blackboard_interfaces/cmake/rosidl_cmake_export_typesupport_libraries-extras.cmake
-- Up-to-date symlink: /home/ubuntu/workspace/install/blackboard_interfaces/share/blackboard_interfaces/cmake/rosidl_cmake_export_typesupport_targets-extras.cmake
-- Up-to-date symlink: /home/ubuntu/workspace/install/blackboard_interfaces/share/blackboard_interfaces/cmake/blackboard_interfacesConfig.cmake
-- Up-to-date symlink: /home/ubuntu/workspace/install/blackboard_interfaces/share/blackboard_interfaces/cmake/blackboard_interfacesConfig-version.cmake
-- Up-to-date symlink: /home/ubuntu/workspace/install/blackboard_interfaces/share/blackboard_interfaces/package.xml
-- Up-to-date: /home/ubuntu/workspace/install/blackboard_interfaces/lib/libblackboard_interfaces__rosidl_generator_c.so
-- Up-to-date: /home/ubuntu/workspace/install/blackboard_interfaces/lib/libblackboard_interfaces__rosidl_typesupport_introspection_c.so
-- Up-to-date: /home/ubuntu/workspace/install/blackboard_interfaces/lib/libblackboard_interfaces__rosidl_typesupport_c.so
-- Up-to-date: /home/ubuntu/workspace/install/blackboard_interfaces/lib/libblackboard_interfaces__rosidl_typesupport_introspection_cpp.so
-- Up-to-date: /home/ubuntu/workspace/install/blackboard_interfaces/lib/libblackboard_interfaces__rosidl_typesupport_cpp.so
Compiling '/home/ubuntu/workspace/install/blackboard_interfaces/lib/python3.8/site-packages/blackboard_interfaces/__init__.py'...
-- Up-to-date: /home/ubuntu/workspace/install/blackboard_interfaces/share/blackboard_interfaces/cmake/blackboard_interfaces__rosidl_generator_cExport.cmake
-- Installing: /home/ubuntu/workspace/install/blackboard_interfaces/share/blackboard_interfaces/cmake/blackboard_interfaces__rosidl_generator_cExport-noconfig.cmake
-- Up-to-date: /home/ubuntu/workspace/install/blackboard_interfaces/share/blackboard_interfaces/cmake/blackboard_interfaces__rosidl_typesupport_introspection_cExport.cmake
-- Installing: /home/ubuntu/workspace/install/blackboard_interfaces/share/blackboard_interfaces/cmake/blackboard_interfaces__rosidl_typesupport_introspection_cExport-noconfig.cmake
-- Up-to-date: /home/ubuntu/workspace/install/blackboard_interfaces/share/blackboard_interfaces/cmake/blackboard_interfaces__rosidl_typesupport_cExport.cmake
-- Installing: /home/ubuntu/workspace/install/blackboard_interfaces/share/blackboard_interfaces/cmake/blackboard_interfaces__rosidl_typesupport_cExport-noconfig.cmake
-- Up-to-date: /home/ubuntu/workspace/install/blackboard_interfaces/share/blackboard_interfaces/cmake/blackboard_interfaces__rosidl_generator_cppExport.cmake
-- Up-to-date: /home/ubuntu/workspace/install/blackboard_interfaces/share/blackboard_interfaces/cmake/blackboard_interfaces__rosidl_typesupport_introspection_cppExport.cmake
-- Installing: /home/ubuntu/workspace/install/blackboard_interfaces/share/blackboard_interfaces/cmake/blackboard_interfaces__rosidl_typesupport_introspection_cppExport-noconfig.cmake
-- Up-to-date: /home/ubuntu/workspace/install/blackboard_interfaces/share/blackboard_interfaces/cmake/blackboard_interfaces__rosidl_typesupport_cppExport.cmake
-- Installing: /home/ubuntu/workspace/install/blackboard_interfaces/share/blackboard_interfaces/cmake/blackboard_interfaces__rosidl_typesupport_cppExport-noconfig.cmake
