[0.136s] DEBUG:colcon:Command line arguments: ['/usr/bin/colcon', 'build']
[0.136s] DEBUG:colcon:Parsed command line arguments: Namespace(ament_cmake_args=None, base_paths=['.'], build_base='build', catkin_cmake_args=None, catkin_skip_building_tests=False, cmake_args=None, cmake_clean_cache=False, cmake_clean_first=False, cmake_force_configure=False, cmake_target=None, cmake_target_skip_unavailable=False, continue_on_error=False, event_handlers=None, executor='parallel', ignore_user_meta=False, install_base='install', log_base=None, log_level=None, main=<bound method BuildVerb.main of <colcon_core.verb.build.BuildVerb object at 0x7fd1e9d64518>>, merge_install=False, metas=['./colcon.meta'], packages_above=None, packages_above_and_dependencies=None, packages_above_depth=None, packages_end=None, packages_ignore=None, packages_ignore_regex=None, packages_select=None, packages_select_build_failed=False, packages_select_by_dep=None, packages_select_regex=None, packages_select_test_failures=False, packages_skip=None, packages_skip_build_finished=False, packages_skip_by_dep=None, packages_skip_regex=None, packages_skip_test_passed=False, packages_skip_up_to=None, packages_start=None, packages_up_to=None, packages_up_to_regex=None, parallel_workers=12, paths=None, symlink_install=False, test_result_base=None, verb_extension=<colcon_core.verb.build.BuildVerb object at 0x7fd1e9d64518>, verb_name='build', verb_parser=<colcon_defaults.argument_parser.defaults.DefaultArgumentsDecorator object at 0x7fd1e9d64860>)
[0.141s] Level 1:colcon.colcon_core.package_discovery:discover_packages(colcon_meta) check parameters
[0.141s] Level 1:colcon.colcon_core.package_discovery:discover_packages(recursive) check parameters
[0.141s] Level 1:colcon.colcon_core.package_discovery:discover_packages(ignore) check parameters
[0.141s] Level 1:colcon.colcon_core.package_discovery:discover_packages(path) check parameters
[0.141s] Level 1:colcon.colcon_core.package_discovery:discover_packages(colcon_meta) discover
[0.141s] Level 1:colcon.colcon_core.package_discovery:discover_packages(recursive) discover
[0.141s] INFO:colcon.colcon_core.package_discovery:Crawling recursively for packages in '/home/student/ros2_bridge_custom_interfaces/ros2_ws'
[0.141s] Level 1:colcon.colcon_core.package_identification:_identify(.) by extensions ['ignore', 'ignore_ament_install']
[0.141s] Level 1:colcon.colcon_core.package_identification:_identify(.) by extension 'ignore'
[0.141s] Level 1:colcon.colcon_core.package_identification:_identify(.) by extension 'ignore_ament_install'
[0.142s] Level 1:colcon.colcon_core.package_identification:_identify(.) by extensions ['colcon_pkg']
[0.142s] Level 1:colcon.colcon_core.package_identification:_identify(.) by extension 'colcon_pkg'
[0.142s] Level 1:colcon.colcon_core.package_identification:_identify(.) by extensions ['colcon_meta']
[0.142s] Level 1:colcon.colcon_core.package_identification:_identify(.) by extension 'colcon_meta'
[0.142s] Level 1:colcon.colcon_core.package_identification:_identify(.) by extensions ['ros']
[0.142s] Level 1:colcon.colcon_core.package_identification:_identify(.) by extension 'ros'
[0.151s] Level 1:colcon.colcon_core.package_identification:_identify(.) by extensions ['cmake', 'python']
[0.151s] Level 1:colcon.colcon_core.package_identification:_identify(.) by extension 'cmake'
[0.151s] Level 1:colcon.colcon_core.package_identification:_identify(.) by extension 'python'
[0.151s] Level 1:colcon.colcon_core.package_identification:_identify(.) by extensions ['python_setup_py']
[0.151s] Level 1:colcon.colcon_core.package_identification:_identify(.) by extension 'python_setup_py'
[0.151s] Level 1:colcon.colcon_core.package_identification:_identify(build) by extensions ['ignore', 'ignore_ament_install']
[0.151s] Level 1:colcon.colcon_core.package_identification:_identify(build) by extension 'ignore'
[0.151s] Level 1:colcon.colcon_core.package_identification:_identify(build) ignored
[0.151s] Level 1:colcon.colcon_core.package_identification:_identify(install) by extensions ['ignore', 'ignore_ament_install']
[0.151s] Level 1:colcon.colcon_core.package_identification:_identify(install) by extension 'ignore'
[0.152s] Level 1:colcon.colcon_core.package_identification:_identify(install) ignored
[0.152s] Level 1:colcon.colcon_core.package_identification:_identify(log) by extensions ['ignore', 'ignore_ament_install']
[0.152s] Level 1:colcon.colcon_core.package_identification:_identify(log) by extension 'ignore'
[0.152s] Level 1:colcon.colcon_core.package_identification:_identify(log) ignored
[0.152s] Level 1:colcon.colcon_core.package_identification:_identify(src) by extensions ['ignore', 'ignore_ament_install']
[0.152s] Level 1:colcon.colcon_core.package_identification:_identify(src) by extension 'ignore'
[0.152s] Level 1:colcon.colcon_core.package_identification:_identify(src) by extension 'ignore_ament_install'
[0.152s] Level 1:colcon.colcon_core.package_identification:_identify(src) by extensions ['colcon_pkg']
[0.152s] Level 1:colcon.colcon_core.package_identification:_identify(src) by extension 'colcon_pkg'
[0.152s] Level 1:colcon.colcon_core.package_identification:_identify(src) by extensions ['colcon_meta']
[0.152s] Level 1:colcon.colcon_core.package_identification:_identify(src) by extension 'colcon_meta'
[0.152s] Level 1:colcon.colcon_core.package_identification:_identify(src) by extensions ['ros']
[0.152s] Level 1:colcon.colcon_core.package_identification:_identify(src) by extension 'ros'
[0.152s] Level 1:colcon.colcon_core.package_identification:_identify(src) by extensions ['cmake', 'python']
[0.152s] Level 1:colcon.colcon_core.package_identification:_identify(src) by extension 'cmake'
[0.152s] Level 1:colcon.colcon_core.package_identification:_identify(src) by extension 'python'
[0.152s] Level 1:colcon.colcon_core.package_identification:_identify(src) by extensions ['python_setup_py']
[0.152s] Level 1:colcon.colcon_core.package_identification:_identify(src) by extension 'python_setup_py'
[0.152s] Level 1:colcon.colcon_core.package_identification:_identify(src/blackboard_interfaces) by extensions ['ignore', 'ignore_ament_install']
[0.153s] Level 1:colcon.colcon_core.package_identification:_identify(src/blackboard_interfaces) by extension 'ignore'
[0.153s] Level 1:colcon.colcon_core.package_identification:_identify(src/blackboard_interfaces) by extension 'ignore_ament_install'
[0.153s] Level 1:colcon.colcon_core.package_identification:_identify(src/blackboard_interfaces) by extensions ['colcon_pkg']
[0.153s] Level 1:colcon.colcon_core.package_identification:_identify(src/blackboard_interfaces) by extension 'colcon_pkg'
[0.153s] Level 1:colcon.colcon_core.package_identification:_identify(src/blackboard_interfaces) by extensions ['colcon_meta']
[0.153s] Level 1:colcon.colcon_core.package_identification:_identify(src/blackboard_interfaces) by extension 'colcon_meta'
[0.153s] Level 1:colcon.colcon_core.package_identification:_identify(src/blackboard_interfaces) by extensions ['ros']
[0.153s] Level 1:colcon.colcon_core.package_identification:_identify(src/blackboard_interfaces) by extension 'ros'
[0.155s] DEBUG:colcon.colcon_core.package_identification:Package 'src/blackboard_interfaces' with type 'ros.ament_cmake' and name 'blackboard_interfaces'
[0.155s] Level 1:colcon.colcon_core.package_identification:_identify(src/sshros) by extensions ['ignore', 'ignore_ament_install']
[0.155s] Level 1:colcon.colcon_core.package_identification:_identify(src/sshros) by extension 'ignore'
[0.155s] Level 1:colcon.colcon_core.package_identification:_identify(src/sshros) by extension 'ignore_ament_install'
[0.155s] Level 1:colcon.colcon_core.package_identification:_identify(src/sshros) by extensions ['colcon_pkg']
[0.155s] Level 1:colcon.colcon_core.package_identification:_identify(src/sshros) by extension 'colcon_pkg'
[0.155s] Level 1:colcon.colcon_core.package_identification:_identify(src/sshros) by extensions ['colcon_meta']
[0.155s] Level 1:colcon.colcon_core.package_identification:_identify(src/sshros) by extension 'colcon_meta'
[0.155s] Level 1:colcon.colcon_core.package_identification:_identify(src/sshros) by extensions ['ros']
[0.155s] Level 1:colcon.colcon_core.package_identification:_identify(src/sshros) by extension 'ros'
[0.156s] DEBUG:colcon.colcon_core.package_identification:Package 'src/sshros' with type 'ros.ament_python' and name 'sshros'
[0.156s] Level 1:colcon.colcon_core.package_discovery:discover_packages(recursive) using defaults
[0.156s] Level 1:colcon.colcon_core.package_discovery:discover_packages(ignore) discover
[0.156s] Level 1:colcon.colcon_core.package_discovery:discover_packages(ignore) using defaults
[0.156s] Level 1:colcon.colcon_core.package_discovery:discover_packages(path) discover
[0.156s] Level 1:colcon.colcon_core.package_discovery:discover_packages(path) using defaults
[0.173s] Level 5:colcon.colcon_core.verb:set package 'blackboard_interfaces' build argument 'cmake_args' from command line to 'None'
[0.173s] Level 5:colcon.colcon_core.verb:set package 'blackboard_interfaces' build argument 'cmake_target' from command line to 'None'
[0.173s] Level 5:colcon.colcon_core.verb:set package 'blackboard_interfaces' build argument 'cmake_target_skip_unavailable' from command line to 'False'
[0.173s] Level 5:colcon.colcon_core.verb:set package 'blackboard_interfaces' build argument 'cmake_clean_cache' from command line to 'False'
[0.173s] Level 5:colcon.colcon_core.verb:set package 'blackboard_interfaces' build argument 'cmake_clean_first' from command line to 'False'
[0.173s] Level 5:colcon.colcon_core.verb:set package 'blackboard_interfaces' build argument 'cmake_force_configure' from command line to 'False'
[0.173s] Level 5:colcon.colcon_core.verb:set package 'blackboard_interfaces' build argument 'ament_cmake_args' from command line to 'None'
[0.173s] Level 5:colcon.colcon_core.verb:set package 'blackboard_interfaces' build argument 'catkin_cmake_args' from command line to 'None'
[0.173s] Level 5:colcon.colcon_core.verb:set package 'blackboard_interfaces' build argument 'catkin_skip_building_tests' from command line to 'False'
[0.173s] DEBUG:colcon.colcon_core.verb:Building package 'blackboard_interfaces' with the following arguments: {'ament_cmake_args': None, 'build_base': '/home/student/ros2_bridge_custom_interfaces/ros2_ws/build/blackboard_interfaces', 'catkin_cmake_args': None, 'catkin_skip_building_tests': False, 'cmake_args': None, 'cmake_clean_cache': False, 'cmake_clean_first': False, 'cmake_force_configure': False, 'cmake_target': None, 'cmake_target_skip_unavailable': False, 'install_base': '/home/student/ros2_bridge_custom_interfaces/ros2_ws/install/blackboard_interfaces', 'merge_install': False, 'path': '/home/student/ros2_bridge_custom_interfaces/ros2_ws/src/blackboard_interfaces', 'symlink_install': False, 'test_result_base': None}
[0.175s] Level 5:colcon.colcon_core.verb:set package 'sshros' build argument 'cmake_args' from command line to 'None'
[0.175s] Level 5:colcon.colcon_core.verb:set package 'sshros' build argument 'cmake_target' from command line to 'None'
[0.175s] Level 5:colcon.colcon_core.verb:set package 'sshros' build argument 'cmake_target_skip_unavailable' from command line to 'False'
[0.175s] Level 5:colcon.colcon_core.verb:set package 'sshros' build argument 'cmake_clean_cache' from command line to 'False'
[0.175s] Level 5:colcon.colcon_core.verb:set package 'sshros' build argument 'cmake_clean_first' from command line to 'False'
[0.175s] Level 5:colcon.colcon_core.verb:set package 'sshros' build argument 'cmake_force_configure' from command line to 'False'
[0.175s] Level 5:colcon.colcon_core.verb:set package 'sshros' build argument 'ament_cmake_args' from command line to 'None'
[0.175s] Level 5:colcon.colcon_core.verb:set package 'sshros' build argument 'catkin_cmake_args' from command line to 'None'
[0.175s] Level 5:colcon.colcon_core.verb:set package 'sshros' build argument 'catkin_skip_building_tests' from command line to 'False'
[0.175s] DEBUG:colcon.colcon_core.verb:Building package 'sshros' with the following arguments: {'ament_cmake_args': None, 'build_base': '/home/student/ros2_bridge_custom_interfaces/ros2_ws/build/sshros', 'catkin_cmake_args': None, 'catkin_skip_building_tests': False, 'cmake_args': None, 'cmake_clean_cache': False, 'cmake_clean_first': False, 'cmake_force_configure': False, 'cmake_target': None, 'cmake_target_skip_unavailable': False, 'install_base': '/home/student/ros2_bridge_custom_interfaces/ros2_ws/install/sshros', 'merge_install': False, 'path': '/home/student/ros2_bridge_custom_interfaces/ros2_ws/src/sshros', 'symlink_install': False, 'test_result_base': None}
[0.176s] INFO:colcon.colcon_core.executor:Executing jobs using 'parallel' executor
[0.177s] DEBUG:colcon.colcon_parallel_executor.executor.parallel:run_until_complete
[0.177s] INFO:colcon.colcon_ros.task.ament_cmake.build:Building ROS package in '/home/student/ros2_bridge_custom_interfaces/ros2_ws/src/blackboard_interfaces' with build type 'ament_cmake'
[0.177s] INFO:colcon.colcon_cmake.task.cmake.build:Building CMake package in '/home/student/ros2_bridge_custom_interfaces/ros2_ws/src/blackboard_interfaces'
[0.180s] INFO:colcon.colcon_core.plugin_system:Skipping extension 'colcon_core.shell.bat': Not used on non-Windows systems
[0.181s] INFO:colcon.colcon_core.shell:Skip shell extension 'powershell' for command environment: Not usable outside of PowerShell
[0.181s] DEBUG:colcon.colcon_core.shell:Skip shell extension 'dsv' for command environment
[0.182s] DEBUG:colcon.colcon_core.shell:Ignoring prefix path '/opt/ros/dashing'
[0.184s] INFO:colcon.colcon_ros.task.ament_python.build:Building ROS package in '/home/student/ros2_bridge_custom_interfaces/ros2_ws/src/sshros' with build type 'ament_python'
[0.184s] Level 1:colcon.colcon_core.shell:create_environment_hook('sshros', 'ament_prefix_path')
[0.185s] INFO:colcon.colcon_core.shell:Creating environment hook '/home/student/ros2_bridge_custom_interfaces/ros2_ws/install/sshros/share/sshros/hook/ament_prefix_path.ps1'
[0.186s] INFO:colcon.colcon_core.shell:Creating environment descriptor '/home/student/ros2_bridge_custom_interfaces/ros2_ws/install/sshros/share/sshros/hook/ament_prefix_path.dsv'
[0.186s] INFO:colcon.colcon_core.shell:Creating environment hook '/home/student/ros2_bridge_custom_interfaces/ros2_ws/install/sshros/share/sshros/hook/ament_prefix_path.sh'
[0.187s] INFO:colcon.colcon_core.shell:Skip shell extension 'powershell' for command environment: Not usable outside of PowerShell
[0.187s] DEBUG:colcon.colcon_core.shell:Skip shell extension 'dsv' for command environment
[0.188s] DEBUG:colcon.colcon_core.shell:Ignoring prefix path '/opt/ros/dashing'
[0.194s] DEBUG:colcon.colcon_core.event_handler.log_command:Invoking command in '/home/student/ros2_bridge_custom_interfaces/ros2_ws/build/blackboard_interfaces': CMAKE_PREFIX_PATH=/opt/ros/dashing /usr/bin/cmake /home/student/ros2_bridge_custom_interfaces/ros2_ws/src/blackboard_interfaces -DCMAKE_INSTALL_PREFIX=/home/student/ros2_bridge_custom_interfaces/ros2_ws/install/blackboard_interfaces
[0.368s] INFO:colcon.colcon_core.task.python.build:Building Python package in '/home/student/ros2_bridge_custom_interfaces/ros2_ws/src/sshros'
[0.370s] INFO:colcon.colcon_core.shell:Skip shell extension 'powershell' for command environment: Not usable outside of PowerShell
[0.370s] DEBUG:colcon.colcon_core.shell:Skip shell extension 'dsv' for command environment
[0.372s] DEBUG:colcon.colcon_core.shell:Ignoring prefix path '/opt/ros/dashing'
[0.379s] DEBUG:colcon.colcon_core.event_handler.log_command:Invoking command in '/home/student/ros2_bridge_custom_interfaces/ros2_ws/src/sshros': PYTHONPATH=/home/student/ros2_bridge_custom_interfaces/ros2_ws/install/sshros/lib/python3.6/site-packages:${PYTHONPATH} /usr/bin/python3 setup.py egg_info --egg-base ../../build/sshros build --build-base /home/student/ros2_bridge_custom_interfaces/ros2_ws/build/sshros/build install --prefix /home/student/ros2_bridge_custom_interfaces/ros2_ws/install/sshros --record /home/student/ros2_bridge_custom_interfaces/ros2_ws/build/sshros/install.log --single-version-externally-managed
[0.618s] DEBUG:colcon.colcon_core.event_handler.log_command:Invoked command in '/home/student/ros2_bridge_custom_interfaces/ros2_ws/src/sshros' returned '0': PYTHONPATH=/home/student/ros2_bridge_custom_interfaces/ros2_ws/install/sshros/lib/python3.6/site-packages:${PYTHONPATH} /usr/bin/python3 setup.py egg_info --egg-base ../../build/sshros build --build-base /home/student/ros2_bridge_custom_interfaces/ros2_ws/build/sshros/build install --prefix /home/student/ros2_bridge_custom_interfaces/ros2_ws/install/sshros --record /home/student/ros2_bridge_custom_interfaces/ros2_ws/build/sshros/install.log --single-version-externally-managed
[0.621s] Level 1:colcon.colcon_core.environment:checking '/home/student/ros2_bridge_custom_interfaces/ros2_ws/install/sshros' for CMake module files
[0.622s] Level 1:colcon.colcon_core.environment:checking '/home/student/ros2_bridge_custom_interfaces/ros2_ws/install/sshros' for CMake config files
[0.623s] Level 1:colcon.colcon_core.environment:checking '/home/student/ros2_bridge_custom_interfaces/ros2_ws/install/sshros/lib'
[0.623s] Level 1:colcon.colcon_core.environment:checking '/home/student/ros2_bridge_custom_interfaces/ros2_ws/install/sshros/bin'
[0.623s] Level 1:colcon.colcon_core.environment:checking '/home/student/ros2_bridge_custom_interfaces/ros2_ws/install/sshros/lib/pkgconfig/sshros.pc'
[0.623s] Level 1:colcon.colcon_core.environment:checking '/home/student/ros2_bridge_custom_interfaces/ros2_ws/install/sshros/lib/python3.6/site-packages'
[0.623s] Level 1:colcon.colcon_core.shell:create_environment_hook('sshros', 'pythonpath')
[0.623s] INFO:colcon.colcon_core.shell:Creating environment hook '/home/student/ros2_bridge_custom_interfaces/ros2_ws/install/sshros/share/sshros/hook/pythonpath.ps1'
[0.624s] INFO:colcon.colcon_core.shell:Creating environment descriptor '/home/student/ros2_bridge_custom_interfaces/ros2_ws/install/sshros/share/sshros/hook/pythonpath.dsv'
[0.624s] INFO:colcon.colcon_core.shell:Creating environment hook '/home/student/ros2_bridge_custom_interfaces/ros2_ws/install/sshros/share/sshros/hook/pythonpath.sh'
[0.624s] Level 1:colcon.colcon_core.environment:create_environment_scripts_only(sshros)
[0.625s] INFO:colcon.colcon_core.shell:Creating package script '/home/student/ros2_bridge_custom_interfaces/ros2_ws/install/sshros/share/sshros/package.ps1'
[0.626s] INFO:colcon.colcon_core.shell:Creating package descriptor '/home/student/ros2_bridge_custom_interfaces/ros2_ws/install/sshros/share/sshros/package.dsv'
[0.626s] INFO:colcon.colcon_core.shell:Creating package script '/home/student/ros2_bridge_custom_interfaces/ros2_ws/install/sshros/share/sshros/package.sh'
[0.627s] INFO:colcon.colcon_core.shell:Creating package script '/home/student/ros2_bridge_custom_interfaces/ros2_ws/install/sshros/share/sshros/package.bash'
[0.627s] INFO:colcon.colcon_core.shell:Creating package script '/home/student/ros2_bridge_custom_interfaces/ros2_ws/install/sshros/share/sshros/package.zsh'
[0.628s] Level 1:colcon.colcon_core.environment:create_file_with_runtime_dependencies(/home/student/ros2_bridge_custom_interfaces/ros2_ws/install/sshros/share/colcon-core/packages/sshros)
[2.091s] DEBUG:colcon.colcon_core.event_handler.log_command:Invoked command in '/home/student/ros2_bridge_custom_interfaces/ros2_ws/build/blackboard_interfaces' returned '0': CMAKE_PREFIX_PATH=/opt/ros/dashing /usr/bin/cmake /home/student/ros2_bridge_custom_interfaces/ros2_ws/src/blackboard_interfaces -DCMAKE_INSTALL_PREFIX=/home/student/ros2_bridge_custom_interfaces/ros2_ws/install/blackboard_interfaces
[2.093s] DEBUG:colcon.colcon_core.event_handler.log_command:Invoking command in '/home/student/ros2_bridge_custom_interfaces/ros2_ws/build/blackboard_interfaces': CMAKE_PREFIX_PATH=/opt/ros/dashing /usr/bin/cmake --build /home/student/ros2_bridge_custom_interfaces/ros2_ws/build/blackboard_interfaces -- -j12 -l12
[4.390s] DEBUG:colcon.colcon_core.event_handler.log_command:Invoked command in '/home/student/ros2_bridge_custom_interfaces/ros2_ws/build/blackboard_interfaces' returned '0': CMAKE_PREFIX_PATH=/opt/ros/dashing /usr/bin/cmake --build /home/student/ros2_bridge_custom_interfaces/ros2_ws/build/blackboard_interfaces -- -j12 -l12
[4.436s] DEBUG:colcon.colcon_core.event_handler.log_command:Invoking command in '/home/student/ros2_bridge_custom_interfaces/ros2_ws/build/blackboard_interfaces': CMAKE_PREFIX_PATH=/opt/ros/dashing /usr/bin/cmake --build /home/student/ros2_bridge_custom_interfaces/ros2_ws/build/blackboard_interfaces --target install -- -j12 -l12
[4.707s] Level 1:colcon.colcon_core.environment:create_environment_scripts_only(blackboard_interfaces)
[4.707s] DEBUG:colcon.colcon_core.event_handler.log_command:Invoked command in '/home/student/ros2_bridge_custom_interfaces/ros2_ws/build/blackboard_interfaces' returned '0': CMAKE_PREFIX_PATH=/opt/ros/dashing /usr/bin/cmake --build /home/student/ros2_bridge_custom_interfaces/ros2_ws/build/blackboard_interfaces --target install -- -j12 -l12
[4.708s] Level 1:colcon.colcon_core.environment:checking '/home/student/ros2_bridge_custom_interfaces/ros2_ws/install/blackboard_interfaces' for CMake module files
[4.708s] Level 1:colcon.colcon_core.environment:checking '/home/student/ros2_bridge_custom_interfaces/ros2_ws/install/blackboard_interfaces' for CMake config files
[4.709s] Level 1:colcon.colcon_core.shell:create_environment_hook('blackboard_interfaces', 'cmake_prefix_path')
[4.709s] INFO:colcon.colcon_core.shell:Creating environment hook '/home/student/ros2_bridge_custom_interfaces/ros2_ws/install/blackboard_interfaces/share/blackboard_interfaces/hook/cmake_prefix_path.ps1'
[4.710s] INFO:colcon.colcon_core.shell:Creating environment descriptor '/home/student/ros2_bridge_custom_interfaces/ros2_ws/install/blackboard_interfaces/share/blackboard_interfaces/hook/cmake_prefix_path.dsv'
[4.710s] INFO:colcon.colcon_core.shell:Creating environment hook '/home/student/ros2_bridge_custom_interfaces/ros2_ws/install/blackboard_interfaces/share/blackboard_interfaces/hook/cmake_prefix_path.sh'
[4.710s] Level 1:colcon.colcon_core.environment:checking '/home/student/ros2_bridge_custom_interfaces/ros2_ws/install/blackboard_interfaces/lib'
[4.710s] Level 1:colcon.colcon_core.shell:create_environment_hook('blackboard_interfaces', 'ld_library_path_lib')
[4.711s] INFO:colcon.colcon_core.shell:Creating environment hook '/home/student/ros2_bridge_custom_interfaces/ros2_ws/install/blackboard_interfaces/share/blackboard_interfaces/hook/ld_library_path_lib.ps1'
[4.711s] INFO:colcon.colcon_core.shell:Creating environment descriptor '/home/student/ros2_bridge_custom_interfaces/ros2_ws/install/blackboard_interfaces/share/blackboard_interfaces/hook/ld_library_path_lib.dsv'
[4.711s] INFO:colcon.colcon_core.shell:Creating environment hook '/home/student/ros2_bridge_custom_interfaces/ros2_ws/install/blackboard_interfaces/share/blackboard_interfaces/hook/ld_library_path_lib.sh'
[4.712s] Level 1:colcon.colcon_core.environment:checking '/home/student/ros2_bridge_custom_interfaces/ros2_ws/install/blackboard_interfaces/bin'
[4.712s] Level 1:colcon.colcon_core.environment:checking '/home/student/ros2_bridge_custom_interfaces/ros2_ws/install/blackboard_interfaces/lib/pkgconfig/blackboard_interfaces.pc'
[4.712s] Level 1:colcon.colcon_core.environment:checking '/home/student/ros2_bridge_custom_interfaces/ros2_ws/install/blackboard_interfaces/lib/python3.6/site-packages'
[4.712s] Level 1:colcon.colcon_core.shell:create_environment_hook('blackboard_interfaces', 'pythonpath')
[4.712s] INFO:colcon.colcon_core.shell:Creating environment hook '/home/student/ros2_bridge_custom_interfaces/ros2_ws/install/blackboard_interfaces/share/blackboard_interfaces/hook/pythonpath.ps1'
[4.713s] INFO:colcon.colcon_core.shell:Creating environment descriptor '/home/student/ros2_bridge_custom_interfaces/ros2_ws/install/blackboard_interfaces/share/blackboard_interfaces/hook/pythonpath.dsv'
[4.713s] INFO:colcon.colcon_core.shell:Creating environment hook '/home/student/ros2_bridge_custom_interfaces/ros2_ws/install/blackboard_interfaces/share/blackboard_interfaces/hook/pythonpath.sh'
[4.714s] INFO:colcon.colcon_core.shell:Creating package script '/home/student/ros2_bridge_custom_interfaces/ros2_ws/install/blackboard_interfaces/share/blackboard_interfaces/package.ps1'
[4.714s] INFO:colcon.colcon_core.shell:Creating package descriptor '/home/student/ros2_bridge_custom_interfaces/ros2_ws/install/blackboard_interfaces/share/blackboard_interfaces/package.dsv'
[4.714s] INFO:colcon.colcon_core.shell:Creating package script '/home/student/ros2_bridge_custom_interfaces/ros2_ws/install/blackboard_interfaces/share/blackboard_interfaces/package.sh'
[4.715s] INFO:colcon.colcon_core.shell:Creating package script '/home/student/ros2_bridge_custom_interfaces/ros2_ws/install/blackboard_interfaces/share/blackboard_interfaces/package.bash'
[4.715s] INFO:colcon.colcon_core.shell:Creating package script '/home/student/ros2_bridge_custom_interfaces/ros2_ws/install/blackboard_interfaces/share/blackboard_interfaces/package.zsh'
[4.715s] Level 1:colcon.colcon_core.environment:create_file_with_runtime_dependencies(/home/student/ros2_bridge_custom_interfaces/ros2_ws/install/blackboard_interfaces/share/colcon-core/packages/blackboard_interfaces)
[4.754s] Level 1:colcon.colcon_core.environment:create_environment_scripts_only(blackboard_interfaces)
[4.755s] Level 1:colcon.colcon_core.environment:checking '/home/student/ros2_bridge_custom_interfaces/ros2_ws/install/blackboard_interfaces' for CMake module files
[4.755s] Level 1:colcon.colcon_core.environment:checking '/home/student/ros2_bridge_custom_interfaces/ros2_ws/install/blackboard_interfaces' for CMake config files
[4.756s] Level 1:colcon.colcon_core.shell:create_environment_hook('blackboard_interfaces', 'cmake_prefix_path')
[4.756s] INFO:colcon.colcon_core.shell:Creating environment hook '/home/student/ros2_bridge_custom_interfaces/ros2_ws/install/blackboard_interfaces/share/blackboard_interfaces/hook/cmake_prefix_path.ps1'
[4.757s] INFO:colcon.colcon_core.shell:Creating environment descriptor '/home/student/ros2_bridge_custom_interfaces/ros2_ws/install/blackboard_interfaces/share/blackboard_interfaces/hook/cmake_prefix_path.dsv'
[4.757s] INFO:colcon.colcon_core.shell:Creating environment hook '/home/student/ros2_bridge_custom_interfaces/ros2_ws/install/blackboard_interfaces/share/blackboard_interfaces/hook/cmake_prefix_path.sh'
[4.758s] Level 1:colcon.colcon_core.environment:checking '/home/student/ros2_bridge_custom_interfaces/ros2_ws/install/blackboard_interfaces/lib'
[4.758s] Level 1:colcon.colcon_core.shell:create_environment_hook('blackboard_interfaces', 'ld_library_path_lib')
[4.758s] INFO:colcon.colcon_core.shell:Creating environment hook '/home/student/ros2_bridge_custom_interfaces/ros2_ws/install/blackboard_interfaces/share/blackboard_interfaces/hook/ld_library_path_lib.ps1'
[4.758s] INFO:colcon.colcon_core.shell:Creating environment descriptor '/home/student/ros2_bridge_custom_interfaces/ros2_ws/install/blackboard_interfaces/share/blackboard_interfaces/hook/ld_library_path_lib.dsv'
[4.759s] INFO:colcon.colcon_core.shell:Creating environment hook '/home/student/ros2_bridge_custom_interfaces/ros2_ws/install/blackboard_interfaces/share/blackboard_interfaces/hook/ld_library_path_lib.sh'
[4.759s] Level 1:colcon.colcon_core.environment:checking '/home/student/ros2_bridge_custom_interfaces/ros2_ws/install/blackboard_interfaces/bin'
[4.759s] Level 1:colcon.colcon_core.environment:checking '/home/student/ros2_bridge_custom_interfaces/ros2_ws/install/blackboard_interfaces/lib/pkgconfig/blackboard_interfaces.pc'
[4.759s] Level 1:colcon.colcon_core.environment:checking '/home/student/ros2_bridge_custom_interfaces/ros2_ws/install/blackboard_interfaces/lib/python3.6/site-packages'
[4.759s] Level 1:colcon.colcon_core.shell:create_environment_hook('blackboard_interfaces', 'pythonpath')
[4.760s] INFO:colcon.colcon_core.shell:Creating environment hook '/home/student/ros2_bridge_custom_interfaces/ros2_ws/install/blackboard_interfaces/share/blackboard_interfaces/hook/pythonpath.ps1'
[4.760s] INFO:colcon.colcon_core.shell:Creating environment descriptor '/home/student/ros2_bridge_custom_interfaces/ros2_ws/install/blackboard_interfaces/share/blackboard_interfaces/hook/pythonpath.dsv'
[4.760s] INFO:colcon.colcon_core.shell:Creating environment hook '/home/student/ros2_bridge_custom_interfaces/ros2_ws/install/blackboard_interfaces/share/blackboard_interfaces/hook/pythonpath.sh'
[4.761s] INFO:colcon.colcon_core.shell:Creating package script '/home/student/ros2_bridge_custom_interfaces/ros2_ws/install/blackboard_interfaces/share/blackboard_interfaces/package.ps1'
[4.762s] INFO:colcon.colcon_core.shell:Creating package descriptor '/home/student/ros2_bridge_custom_interfaces/ros2_ws/install/blackboard_interfaces/share/blackboard_interfaces/package.dsv'
[4.762s] INFO:colcon.colcon_core.shell:Creating package script '/home/student/ros2_bridge_custom_interfaces/ros2_ws/install/blackboard_interfaces/share/blackboard_interfaces/package.sh'
[4.762s] INFO:colcon.colcon_core.shell:Creating package script '/home/student/ros2_bridge_custom_interfaces/ros2_ws/install/blackboard_interfaces/share/blackboard_interfaces/package.bash'
[4.763s] INFO:colcon.colcon_core.shell:Creating package script '/home/student/ros2_bridge_custom_interfaces/ros2_ws/install/blackboard_interfaces/share/blackboard_interfaces/package.zsh'
[4.763s] Level 1:colcon.colcon_core.environment:create_file_with_runtime_dependencies(/home/student/ros2_bridge_custom_interfaces/ros2_ws/install/blackboard_interfaces/share/colcon-core/packages/blackboard_interfaces)
[4.763s] DEBUG:colcon.colcon_parallel_executor.executor.parallel:closing loop
[4.764s] DEBUG:colcon.colcon_parallel_executor.executor.parallel:loop closed
[4.764s] DEBUG:colcon.colcon_parallel_executor.executor.parallel:run_until_complete finished with '0'
[4.765s] DEBUG:colcon.colcon_core.event_reactor:joining thread
[4.769s] INFO:colcon.colcon_core.plugin_system:Skipping extension 'colcon_notification.desktop_notification.terminal_notifier': Not used on non-Darwin systems
[4.769s] INFO:colcon.colcon_core.plugin_system:Skipping extension 'colcon_notification.desktop_notification.win32': Not used on non-Windows systems
[4.769s] INFO:colcon.colcon_notification.desktop_notification:Sending desktop notification using 'notify2'
[4.772s] DEBUG:colcon.colcon_core.event_reactor:joined thread
[4.772s] INFO:colcon.colcon_core.shell:Creating prefix script '/home/student/ros2_bridge_custom_interfaces/ros2_ws/install/local_setup.ps1'
[4.773s] INFO:colcon.colcon_core.shell:Creating prefix util module '/home/student/ros2_bridge_custom_interfaces/ros2_ws/install/_local_setup_util_ps1.py'
[4.774s] INFO:colcon.colcon_core.shell:Creating prefix chain script '/home/student/ros2_bridge_custom_interfaces/ros2_ws/install/setup.ps1'
[4.776s] INFO:colcon.colcon_core.shell:Creating prefix script '/home/student/ros2_bridge_custom_interfaces/ros2_ws/install/local_setup.sh'
[4.777s] INFO:colcon.colcon_core.shell:Creating prefix util module '/home/student/ros2_bridge_custom_interfaces/ros2_ws/install/_local_setup_util_sh.py'
[4.777s] INFO:colcon.colcon_core.shell:Creating prefix chain script '/home/student/ros2_bridge_custom_interfaces/ros2_ws/install/setup.sh'
[4.779s] INFO:colcon.colcon_core.shell:Creating prefix script '/home/student/ros2_bridge_custom_interfaces/ros2_ws/install/local_setup.bash'
[4.779s] INFO:colcon.colcon_core.shell:Creating prefix chain script '/home/student/ros2_bridge_custom_interfaces/ros2_ws/install/setup.bash'
[4.781s] INFO:colcon.colcon_core.shell:Creating prefix script '/home/student/ros2_bridge_custom_interfaces/ros2_ws/install/local_setup.zsh'
[4.781s] INFO:colcon.colcon_core.shell:Creating prefix chain script '/home/student/ros2_bridge_custom_interfaces/ros2_ws/install/setup.zsh'
