[1.222s] DEBUG:colcon:Command line arguments: ['/usr/bin/colcon', 'build', '--symlink-install']
[1.223s] DEBUG:colcon:Parsed command line arguments: Namespace(ament_cmake_args=None, base_paths=['.'], build_base='build', catkin_cmake_args=None, catkin_skip_building_tests=False, cmake_args=None, cmake_clean_cache=False, cmake_clean_first=False, cmake_force_configure=False, cmake_target=None, cmake_target_skip_unavailable=False, continue_on_error=False, event_handlers=None, executor='parallel', ignore_user_meta=False, install_base='install', log_base=None, log_level=None, main=<bound method BuildVerb.main of <colcon_core.verb.build.BuildVerb object at 0xffff91e51730>>, merge_install=False, metas=['./colcon.meta'], packages_above=None, packages_above_and_dependencies=None, packages_above_depth=None, packages_end=None, packages_ignore=None, packages_ignore_regex=None, packages_select=None, packages_select_build_failed=False, packages_select_by_dep=None, packages_select_regex=None, packages_select_test_failures=False, packages_skip=None, packages_skip_build_finished=False, packages_skip_by_dep=None, packages_skip_regex=None, packages_skip_test_passed=False, packages_skip_up_to=None, packages_start=None, packages_up_to=None, packages_up_to_regex=None, parallel_workers=4, paths=None, symlink_install=True, test_result_base=None, verb_extension=<colcon_core.verb.build.BuildVerb object at 0xffff91e51730>, verb_name='build', verb_parser=<colcon_defaults.argument_parser.defaults.DefaultArgumentsDecorator object at 0xffff91e51c70>)
[1.245s] Level 1:colcon.colcon_core.package_discovery:discover_packages(colcon_meta) check parameters
[1.245s] Level 1:colcon.colcon_core.package_discovery:discover_packages(recursive) check parameters
[1.245s] Level 1:colcon.colcon_core.package_discovery:discover_packages(ignore) check parameters
[1.245s] Level 1:colcon.colcon_core.package_discovery:discover_packages(path) check parameters
[1.246s] Level 1:colcon.colcon_core.package_discovery:discover_packages(colcon_meta) discover
[1.246s] Level 1:colcon.colcon_core.package_discovery:discover_packages(recursive) discover
[1.246s] INFO:colcon.colcon_core.package_discovery:Crawling recursively for packages in '/home/ubuntu/workspace'
[1.246s] Level 1:colcon.colcon_core.package_identification:_identify(.) by extensions ['ignore', 'ignore_ament_install']
[1.247s] Level 1:colcon.colcon_core.package_identification:_identify(.) by extension 'ignore'
[1.247s] Level 1:colcon.colcon_core.package_identification:_identify(.) by extension 'ignore_ament_install'
[1.247s] Level 1:colcon.colcon_core.package_identification:_identify(.) by extensions ['colcon_pkg']
[1.247s] Level 1:colcon.colcon_core.package_identification:_identify(.) by extension 'colcon_pkg'
[1.248s] Level 1:colcon.colcon_core.package_identification:_identify(.) by extensions ['colcon_meta']
[1.248s] Level 1:colcon.colcon_core.package_identification:_identify(.) by extension 'colcon_meta'
[1.248s] Level 1:colcon.colcon_core.package_identification:_identify(.) by extensions ['ros']
[1.248s] Level 1:colcon.colcon_core.package_identification:_identify(.) by extension 'ros'
[1.293s] Level 1:colcon.colcon_core.package_identification:_identify(.) by extensions ['cmake', 'python']
[1.293s] Level 1:colcon.colcon_core.package_identification:_identify(.) by extension 'cmake'
[1.294s] Level 1:colcon.colcon_core.package_identification:_identify(.) by extension 'python'
[1.294s] Level 1:colcon.colcon_core.package_identification:_identify(.) by extensions ['python_setup_py']
[1.294s] Level 1:colcon.colcon_core.package_identification:_identify(.) by extension 'python_setup_py'
[1.295s] Level 1:colcon.colcon_core.package_identification:_identify(build) by extensions ['ignore', 'ignore_ament_install']
[1.295s] Level 1:colcon.colcon_core.package_identification:_identify(build) by extension 'ignore'
[1.295s] Level 1:colcon.colcon_core.package_identification:_identify(build) ignored
[1.296s] Level 1:colcon.colcon_core.package_identification:_identify(install) by extensions ['ignore', 'ignore_ament_install']
[1.296s] Level 1:colcon.colcon_core.package_identification:_identify(install) by extension 'ignore'
[1.296s] Level 1:colcon.colcon_core.package_identification:_identify(install) ignored
[1.297s] Level 1:colcon.colcon_core.package_identification:_identify(log) by extensions ['ignore', 'ignore_ament_install']
[1.297s] Level 1:colcon.colcon_core.package_identification:_identify(log) by extension 'ignore'
[1.297s] Level 1:colcon.colcon_core.package_identification:_identify(log) ignored
[1.298s] Level 1:colcon.colcon_core.package_identification:_identify(src) by extensions ['ignore', 'ignore_ament_install']
[1.298s] Level 1:colcon.colcon_core.package_identification:_identify(src) by extension 'ignore'
[1.298s] Level 1:colcon.colcon_core.package_identification:_identify(src) by extension 'ignore_ament_install'
[1.299s] Level 1:colcon.colcon_core.package_identification:_identify(src) by extensions ['colcon_pkg']
[1.299s] Level 1:colcon.colcon_core.package_identification:_identify(src) by extension 'colcon_pkg'
[1.299s] Level 1:colcon.colcon_core.package_identification:_identify(src) by extensions ['colcon_meta']
[1.299s] Level 1:colcon.colcon_core.package_identification:_identify(src) by extension 'colcon_meta'
[1.299s] Level 1:colcon.colcon_core.package_identification:_identify(src) by extensions ['ros']
[1.299s] Level 1:colcon.colcon_core.package_identification:_identify(src) by extension 'ros'
[1.300s] Level 1:colcon.colcon_core.package_identification:_identify(src) by extensions ['cmake', 'python']
[1.300s] Level 1:colcon.colcon_core.package_identification:_identify(src) by extension 'cmake'
[1.300s] Level 1:colcon.colcon_core.package_identification:_identify(src) by extension 'python'
[1.300s] Level 1:colcon.colcon_core.package_identification:_identify(src) by extensions ['python_setup_py']
[1.300s] Level 1:colcon.colcon_core.package_identification:_identify(src) by extension 'python_setup_py'
[1.301s] Level 1:colcon.colcon_core.package_identification:_identify(src/blackboard_interfaces) by extensions ['ignore', 'ignore_ament_install']
[1.301s] Level 1:colcon.colcon_core.package_identification:_identify(src/blackboard_interfaces) by extension 'ignore'
[1.301s] Level 1:colcon.colcon_core.package_identification:_identify(src/blackboard_interfaces) by extension 'ignore_ament_install'
[1.302s] Level 1:colcon.colcon_core.package_identification:_identify(src/blackboard_interfaces) by extensions ['colcon_pkg']
[1.302s] Level 1:colcon.colcon_core.package_identification:_identify(src/blackboard_interfaces) by extension 'colcon_pkg'
[1.302s] Level 1:colcon.colcon_core.package_identification:_identify(src/blackboard_interfaces) by extensions ['colcon_meta']
[1.302s] Level 1:colcon.colcon_core.package_identification:_identify(src/blackboard_interfaces) by extension 'colcon_meta'
[1.302s] Level 1:colcon.colcon_core.package_identification:_identify(src/blackboard_interfaces) by extensions ['ros']
[1.302s] Level 1:colcon.colcon_core.package_identification:_identify(src/blackboard_interfaces) by extension 'ros'
[1.312s] DEBUG:colcon.colcon_core.package_identification:Package 'src/blackboard_interfaces' with type 'ros.ament_cmake' and name 'blackboard_interfaces'
[1.312s] Level 1:colcon.colcon_core.package_identification:_identify(src/sshros) by extensions ['ignore', 'ignore_ament_install']
[1.313s] Level 1:colcon.colcon_core.package_identification:_identify(src/sshros) by extension 'ignore'
[1.313s] Level 1:colcon.colcon_core.package_identification:_identify(src/sshros) by extension 'ignore_ament_install'
[1.313s] Level 1:colcon.colcon_core.package_identification:_identify(src/sshros) by extensions ['colcon_pkg']
[1.313s] Level 1:colcon.colcon_core.package_identification:_identify(src/sshros) by extension 'colcon_pkg'
[1.314s] Level 1:colcon.colcon_core.package_identification:_identify(src/sshros) by extensions ['colcon_meta']
[1.314s] Level 1:colcon.colcon_core.package_identification:_identify(src/sshros) by extension 'colcon_meta'
[1.314s] Level 1:colcon.colcon_core.package_identification:_identify(src/sshros) by extensions ['ros']
[1.314s] Level 1:colcon.colcon_core.package_identification:_identify(src/sshros) by extension 'ros'
[1.316s] DEBUG:colcon.colcon_core.package_identification:Package 'src/sshros' with type 'ros.ament_python' and name 'sshros'
[1.317s] Level 1:colcon.colcon_core.package_discovery:discover_packages(recursive) using defaults
[1.317s] Level 1:colcon.colcon_core.package_discovery:discover_packages(ignore) discover
[1.317s] Level 1:colcon.colcon_core.package_discovery:discover_packages(ignore) using defaults
[1.317s] Level 1:colcon.colcon_core.package_discovery:discover_packages(path) discover
[1.317s] Level 1:colcon.colcon_core.package_discovery:discover_packages(path) using defaults
[1.398s] Level 5:colcon.colcon_core.verb:set package 'blackboard_interfaces' build argument 'cmake_args' from command line to 'None'
[1.398s] Level 5:colcon.colcon_core.verb:set package 'blackboard_interfaces' build argument 'cmake_target' from command line to 'None'
[1.398s] Level 5:colcon.colcon_core.verb:set package 'blackboard_interfaces' build argument 'cmake_target_skip_unavailable' from command line to 'False'
[1.398s] Level 5:colcon.colcon_core.verb:set package 'blackboard_interfaces' build argument 'cmake_clean_cache' from command line to 'False'
[1.398s] Level 5:colcon.colcon_core.verb:set package 'blackboard_interfaces' build argument 'cmake_clean_first' from command line to 'False'
[1.398s] Level 5:colcon.colcon_core.verb:set package 'blackboard_interfaces' build argument 'cmake_force_configure' from command line to 'False'
[1.399s] Level 5:colcon.colcon_core.verb:set package 'blackboard_interfaces' build argument 'ament_cmake_args' from command line to 'None'
[1.399s] Level 5:colcon.colcon_core.verb:set package 'blackboard_interfaces' build argument 'catkin_cmake_args' from command line to 'None'
[1.399s] Level 5:colcon.colcon_core.verb:set package 'blackboard_interfaces' build argument 'catkin_skip_building_tests' from command line to 'False'
[1.399s] DEBUG:colcon.colcon_core.verb:Building package 'blackboard_interfaces' with the following arguments: {'ament_cmake_args': None, 'build_base': '/home/ubuntu/workspace/build/blackboard_interfaces', 'catkin_cmake_args': None, 'catkin_skip_building_tests': False, 'cmake_args': None, 'cmake_clean_cache': False, 'cmake_clean_first': False, 'cmake_force_configure': False, 'cmake_target': None, 'cmake_target_skip_unavailable': False, 'install_base': '/home/ubuntu/workspace/install/blackboard_interfaces', 'merge_install': False, 'path': '/home/ubuntu/workspace/src/blackboard_interfaces', 'symlink_install': True, 'test_result_base': None}
[1.409s] Level 5:colcon.colcon_core.verb:set package 'sshros' build argument 'cmake_args' from command line to 'None'
[1.410s] Level 5:colcon.colcon_core.verb:set package 'sshros' build argument 'cmake_target' from command line to 'None'
[1.410s] Level 5:colcon.colcon_core.verb:set package 'sshros' build argument 'cmake_target_skip_unavailable' from command line to 'False'
[1.410s] Level 5:colcon.colcon_core.verb:set package 'sshros' build argument 'cmake_clean_cache' from command line to 'False'
[1.410s] Level 5:colcon.colcon_core.verb:set package 'sshros' build argument 'cmake_clean_first' from command line to 'False'
[1.410s] Level 5:colcon.colcon_core.verb:set package 'sshros' build argument 'cmake_force_configure' from command line to 'False'
[1.410s] Level 5:colcon.colcon_core.verb:set package 'sshros' build argument 'ament_cmake_args' from command line to 'None'
[1.410s] Level 5:colcon.colcon_core.verb:set package 'sshros' build argument 'catkin_cmake_args' from command line to 'None'
[1.410s] Level 5:colcon.colcon_core.verb:set package 'sshros' build argument 'catkin_skip_building_tests' from command line to 'False'
[1.411s] DEBUG:colcon.colcon_core.verb:Building package 'sshros' with the following arguments: {'ament_cmake_args': None, 'build_base': '/home/ubuntu/workspace/build/sshros', 'catkin_cmake_args': None, 'catkin_skip_building_tests': False, 'cmake_args': None, 'cmake_clean_cache': False, 'cmake_clean_first': False, 'cmake_force_configure': False, 'cmake_target': None, 'cmake_target_skip_unavailable': False, 'install_base': '/home/ubuntu/workspace/install/sshros', 'merge_install': False, 'path': '/home/ubuntu/workspace/src/sshros', 'symlink_install': True, 'test_result_base': None}
[1.412s] INFO:colcon.colcon_core.executor:Executing jobs using 'parallel' executor
[1.419s] DEBUG:colcon.colcon_parallel_executor.executor.parallel:run_until_complete
[1.421s] INFO:colcon.colcon_ros.task.ament_cmake.build:Building ROS package in '/home/ubuntu/workspace/src/blackboard_interfaces' with build type 'ament_cmake'
[1.421s] INFO:colcon.colcon_cmake.task.cmake.build:Building CMake package in '/home/ubuntu/workspace/src/blackboard_interfaces'
[1.445s] INFO:colcon.colcon_core.plugin_system:Skipping extension 'colcon_core.shell.bat': Not used on non-Windows systems
[1.446s] INFO:colcon.colcon_core.shell:Skip shell extension 'powershell' for command environment: Not usable outside of PowerShell
[1.447s] DEBUG:colcon.colcon_core.shell:Skip shell extension 'dsv' for command environment
[1.460s] DEBUG:colcon.colcon_core.shell:Ignoring prefix path '/opt/ros/foxy'
[1.482s] INFO:colcon.colcon_ros.task.ament_python.build:Building ROS package in '/home/ubuntu/workspace/src/sshros' with build type 'ament_python'
[1.483s] Level 1:colcon.colcon_core.shell:create_environment_hook('sshros', 'ament_prefix_path')
[1.485s] INFO:colcon.colcon_core.shell:Creating environment hook '/home/ubuntu/workspace/install/sshros/share/sshros/hook/ament_prefix_path.ps1'
[1.489s] INFO:colcon.colcon_core.shell:Creating environment descriptor '/home/ubuntu/workspace/install/sshros/share/sshros/hook/ament_prefix_path.dsv'
[1.504s] INFO:colcon.colcon_core.shell:Creating environment hook '/home/ubuntu/workspace/install/sshros/share/sshros/hook/ament_prefix_path.sh'
[1.514s] INFO:colcon.colcon_core.shell:Skip shell extension 'powershell' for command environment: Not usable outside of PowerShell
[1.515s] DEBUG:colcon.colcon_core.shell:Skip shell extension 'dsv' for command environment
[1.527s] DEBUG:colcon.colcon_core.shell:Ignoring prefix path '/opt/ros/foxy'
[1.565s] DEBUG:colcon.colcon_core.event_handler.log_command:Invoking command in '/home/ubuntu/workspace/build/blackboard_interfaces': CMAKE_PREFIX_PATH=${CMAKE_PREFIX_PATH}:/home/ubuntu/workspace/install/sshros:/opt/ros/foxy /usr/bin/cmake --build /home/ubuntu/workspace/build/blackboard_interfaces -- -j4 -l4
[2.919s] INFO:colcon.colcon_core.task.python.build:Building Python package in '/home/ubuntu/workspace/src/sshros'
[2.922s] INFO:colcon.colcon_core.shell:Skip shell extension 'powershell' for command environment: Not usable outside of PowerShell
[2.923s] DEBUG:colcon.colcon_core.shell:Skip shell extension 'dsv' for command environment
[2.931s] DEBUG:colcon.colcon_core.shell:Ignoring prefix path '/opt/ros/foxy'
[2.947s] DEBUG:colcon.colcon_core.event_handler.log_command:Invoked command in '/home/ubuntu/workspace/build/blackboard_interfaces' returned '0': CMAKE_PREFIX_PATH=${CMAKE_PREFIX_PATH}:/home/ubuntu/workspace/install/sshros:/opt/ros/foxy /usr/bin/cmake --build /home/ubuntu/workspace/build/blackboard_interfaces -- -j4 -l4
[2.986s] DEBUG:colcon.colcon_core.event_handler.log_command:Invoking command in '/home/ubuntu/workspace/build/sshros': PYTHONPATH=/home/ubuntu/workspace/install/sshros/lib/python3.8/site-packages:${PYTHONPATH} /usr/bin/python3 setup.py develop --prefix /home/ubuntu/workspace/install/sshros --editable --build-directory /home/ubuntu/workspace/build/sshros/build --no-deps install_data --install-dir /home/ubuntu/workspace/install/sshros
[3.323s] DEBUG:colcon.colcon_core.event_handler.log_command:Invoking command in '/home/ubuntu/workspace/build/blackboard_interfaces': CMAKE_PREFIX_PATH=${CMAKE_PREFIX_PATH}:/home/ubuntu/workspace/install/sshros:/opt/ros/foxy /usr/bin/cmake --install /home/ubuntu/workspace/build/blackboard_interfaces
[3.737s] Level 1:colcon.colcon_core.environment:create_environment_scripts_only(blackboard_interfaces)
[3.740s] DEBUG:colcon.colcon_core.event_handler.log_command:Invoked command in '/home/ubuntu/workspace/build/blackboard_interfaces' returned '0': CMAKE_PREFIX_PATH=${CMAKE_PREFIX_PATH}:/home/ubuntu/workspace/install/sshros:/opt/ros/foxy /usr/bin/cmake --install /home/ubuntu/workspace/build/blackboard_interfaces
[3.755s] Level 1:colcon.colcon_core.environment:checking '/home/ubuntu/workspace/install/blackboard_interfaces' for CMake module files
[3.759s] Level 1:colcon.colcon_core.environment:checking '/home/ubuntu/workspace/install/blackboard_interfaces' for CMake config files
[3.762s] Level 1:colcon.colcon_core.shell:create_environment_hook('blackboard_interfaces', 'cmake_prefix_path')
[3.765s] INFO:colcon.colcon_core.shell:Creating environment hook '/home/ubuntu/workspace/install/blackboard_interfaces/share/blackboard_interfaces/hook/cmake_prefix_path.ps1'
[3.768s] INFO:colcon.colcon_core.shell:Creating environment descriptor '/home/ubuntu/workspace/install/blackboard_interfaces/share/blackboard_interfaces/hook/cmake_prefix_path.dsv'
[3.777s] INFO:colcon.colcon_core.shell:Creating environment hook '/home/ubuntu/workspace/install/blackboard_interfaces/share/blackboard_interfaces/hook/cmake_prefix_path.sh'
[3.782s] Level 1:colcon.colcon_core.environment:checking '/home/ubuntu/workspace/install/blackboard_interfaces/lib'
[3.783s] Level 1:colcon.colcon_core.shell:create_environment_hook('blackboard_interfaces', 'ld_library_path_lib')
[3.785s] INFO:colcon.colcon_core.shell:Creating environment hook '/home/ubuntu/workspace/install/blackboard_interfaces/share/blackboard_interfaces/hook/ld_library_path_lib.ps1'
[3.787s] INFO:colcon.colcon_core.shell:Creating environment descriptor '/home/ubuntu/workspace/install/blackboard_interfaces/share/blackboard_interfaces/hook/ld_library_path_lib.dsv'
[3.789s] INFO:colcon.colcon_core.shell:Creating environment hook '/home/ubuntu/workspace/install/blackboard_interfaces/share/blackboard_interfaces/hook/ld_library_path_lib.sh'
[3.791s] Level 1:colcon.colcon_core.environment:checking '/home/ubuntu/workspace/install/blackboard_interfaces/bin'
[3.792s] Level 1:colcon.colcon_core.environment:checking '/home/ubuntu/workspace/install/blackboard_interfaces/lib/pkgconfig/blackboard_interfaces.pc'
[3.792s] Level 1:colcon.colcon_core.environment:checking '/home/ubuntu/workspace/install/blackboard_interfaces/lib/python3.8/site-packages'
[3.792s] Level 1:colcon.colcon_core.shell:create_environment_hook('blackboard_interfaces', 'pythonpath')
[3.795s] INFO:colcon.colcon_core.shell:Creating environment hook '/home/ubuntu/workspace/install/blackboard_interfaces/share/blackboard_interfaces/hook/pythonpath.ps1'
[3.797s] INFO:colcon.colcon_core.shell:Creating environment descriptor '/home/ubuntu/workspace/install/blackboard_interfaces/share/blackboard_interfaces/hook/pythonpath.dsv'
[3.799s] INFO:colcon.colcon_core.shell:Creating environment hook '/home/ubuntu/workspace/install/blackboard_interfaces/share/blackboard_interfaces/hook/pythonpath.sh'
[3.803s] INFO:colcon.colcon_core.shell:Creating package script '/home/ubuntu/workspace/install/blackboard_interfaces/share/blackboard_interfaces/package.ps1'
[3.807s] INFO:colcon.colcon_core.shell:Creating package descriptor '/home/ubuntu/workspace/install/blackboard_interfaces/share/blackboard_interfaces/package.dsv'
[3.810s] INFO:colcon.colcon_core.shell:Creating package script '/home/ubuntu/workspace/install/blackboard_interfaces/share/blackboard_interfaces/package.sh'
[3.814s] INFO:colcon.colcon_core.shell:Creating package script '/home/ubuntu/workspace/install/blackboard_interfaces/share/blackboard_interfaces/package.bash'
[3.818s] INFO:colcon.colcon_core.shell:Creating package script '/home/ubuntu/workspace/install/blackboard_interfaces/share/blackboard_interfaces/package.zsh'
[3.821s] Level 1:colcon.colcon_core.environment:create_file_with_runtime_dependencies(/home/ubuntu/workspace/install/blackboard_interfaces/share/colcon-core/packages/blackboard_interfaces)
[4.142s] Level 1:colcon.colcon_core.environment:create_environment_scripts_only(blackboard_interfaces)
[4.146s] Level 1:colcon.colcon_core.environment:checking '/home/ubuntu/workspace/install/blackboard_interfaces' for CMake module files
[4.151s] Level 1:colcon.colcon_core.environment:checking '/home/ubuntu/workspace/install/blackboard_interfaces' for CMake config files
[4.155s] Level 1:colcon.colcon_core.shell:create_environment_hook('blackboard_interfaces', 'cmake_prefix_path')
[4.158s] INFO:colcon.colcon_core.shell:Creating environment hook '/home/ubuntu/workspace/install/blackboard_interfaces/share/blackboard_interfaces/hook/cmake_prefix_path.ps1'
[4.160s] INFO:colcon.colcon_core.shell:Creating environment descriptor '/home/ubuntu/workspace/install/blackboard_interfaces/share/blackboard_interfaces/hook/cmake_prefix_path.dsv'
[4.162s] INFO:colcon.colcon_core.shell:Creating environment hook '/home/ubuntu/workspace/install/blackboard_interfaces/share/blackboard_interfaces/hook/cmake_prefix_path.sh'
[4.166s] Level 1:colcon.colcon_core.environment:checking '/home/ubuntu/workspace/install/blackboard_interfaces/lib'
[4.167s] Level 1:colcon.colcon_core.shell:create_environment_hook('blackboard_interfaces', 'ld_library_path_lib')
[4.170s] INFO:colcon.colcon_core.shell:Creating environment hook '/home/ubuntu/workspace/install/blackboard_interfaces/share/blackboard_interfaces/hook/ld_library_path_lib.ps1'
[4.172s] INFO:colcon.colcon_core.shell:Creating environment descriptor '/home/ubuntu/workspace/install/blackboard_interfaces/share/blackboard_interfaces/hook/ld_library_path_lib.dsv'
[4.174s] INFO:colcon.colcon_core.shell:Creating environment hook '/home/ubuntu/workspace/install/blackboard_interfaces/share/blackboard_interfaces/hook/ld_library_path_lib.sh'
[4.176s] Level 1:colcon.colcon_core.environment:checking '/home/ubuntu/workspace/install/blackboard_interfaces/bin'
[4.177s] Level 1:colcon.colcon_core.environment:checking '/home/ubuntu/workspace/install/blackboard_interfaces/lib/pkgconfig/blackboard_interfaces.pc'
[4.177s] Level 1:colcon.colcon_core.environment:checking '/home/ubuntu/workspace/install/blackboard_interfaces/lib/python3.8/site-packages'
[4.178s] Level 1:colcon.colcon_core.shell:create_environment_hook('blackboard_interfaces', 'pythonpath')
[4.180s] INFO:colcon.colcon_core.shell:Creating environment hook '/home/ubuntu/workspace/install/blackboard_interfaces/share/blackboard_interfaces/hook/pythonpath.ps1'
[4.182s] INFO:colcon.colcon_core.shell:Creating environment descriptor '/home/ubuntu/workspace/install/blackboard_interfaces/share/blackboard_interfaces/hook/pythonpath.dsv'
[4.184s] INFO:colcon.colcon_core.shell:Creating environment hook '/home/ubuntu/workspace/install/blackboard_interfaces/share/blackboard_interfaces/hook/pythonpath.sh'
[4.197s] INFO:colcon.colcon_core.shell:Creating package script '/home/ubuntu/workspace/install/blackboard_interfaces/share/blackboard_interfaces/package.ps1'
[4.200s] INFO:colcon.colcon_core.shell:Creating package descriptor '/home/ubuntu/workspace/install/blackboard_interfaces/share/blackboard_interfaces/package.dsv'
[4.204s] INFO:colcon.colcon_core.shell:Creating package script '/home/ubuntu/workspace/install/blackboard_interfaces/share/blackboard_interfaces/package.sh'
[4.206s] INFO:colcon.colcon_core.shell:Creating package script '/home/ubuntu/workspace/install/blackboard_interfaces/share/blackboard_interfaces/package.bash'
[4.209s] INFO:colcon.colcon_core.shell:Creating package script '/home/ubuntu/workspace/install/blackboard_interfaces/share/blackboard_interfaces/package.zsh'
[4.211s] Level 1:colcon.colcon_core.environment:create_file_with_runtime_dependencies(/home/ubuntu/workspace/install/blackboard_interfaces/share/colcon-core/packages/blackboard_interfaces)
[5.061s] Level 1:colcon.colcon_core.shell:create_environment_hook('sshros', 'pythonpath_develop')
[5.064s] INFO:colcon.colcon_core.shell:Creating environment hook '/home/ubuntu/workspace/build/sshros/share/sshros/hook/pythonpath_develop.ps1'
[5.065s] DEBUG:colcon.colcon_core.event_handler.log_command:Invoked command in '/home/ubuntu/workspace/build/sshros' returned '0': PYTHONPATH=/home/ubuntu/workspace/install/sshros/lib/python3.8/site-packages:${PYTHONPATH} /usr/bin/python3 setup.py develop --prefix /home/ubuntu/workspace/install/sshros --editable --build-directory /home/ubuntu/workspace/build/sshros/build --no-deps install_data --install-dir /home/ubuntu/workspace/install/sshros
[5.067s] INFO:colcon.colcon_core.shell:Creating environment descriptor '/home/ubuntu/workspace/build/sshros/share/sshros/hook/pythonpath_develop.dsv'
[5.069s] INFO:colcon.colcon_core.shell:Creating environment hook '/home/ubuntu/workspace/build/sshros/share/sshros/hook/pythonpath_develop.sh'
[5.074s] Level 1:colcon.colcon_core.environment:checking '/home/ubuntu/workspace/install/sshros' for CMake module files
[5.077s] Level 1:colcon.colcon_core.environment:checking '/home/ubuntu/workspace/install/sshros' for CMake config files
[5.081s] Level 1:colcon.colcon_core.environment:checking '/home/ubuntu/workspace/install/sshros/lib'
[5.081s] Level 1:colcon.colcon_core.environment:checking '/home/ubuntu/workspace/install/sshros/bin'
[5.081s] Level 1:colcon.colcon_core.environment:checking '/home/ubuntu/workspace/install/sshros/lib/pkgconfig/sshros.pc'
[5.082s] Level 1:colcon.colcon_core.environment:checking '/home/ubuntu/workspace/install/sshros/lib/python3.8/site-packages'
[5.082s] Level 1:colcon.colcon_core.shell:create_environment_hook('sshros', 'pythonpath')
[5.084s] INFO:colcon.colcon_core.shell:Creating environment hook '/home/ubuntu/workspace/install/sshros/share/sshros/hook/pythonpath.ps1'
[5.090s] INFO:colcon.colcon_core.shell:Creating environment descriptor '/home/ubuntu/workspace/install/sshros/share/sshros/hook/pythonpath.dsv'
[5.097s] INFO:colcon.colcon_core.shell:Creating environment hook '/home/ubuntu/workspace/install/sshros/share/sshros/hook/pythonpath.sh'
[5.099s] Level 1:colcon.colcon_core.environment:create_environment_scripts_only(sshros)
[5.102s] INFO:colcon.colcon_core.shell:Creating package script '/home/ubuntu/workspace/install/sshros/share/sshros/package.ps1'
[5.105s] INFO:colcon.colcon_core.shell:Creating package descriptor '/home/ubuntu/workspace/install/sshros/share/sshros/package.dsv'
[5.107s] INFO:colcon.colcon_core.shell:Creating package script '/home/ubuntu/workspace/install/sshros/share/sshros/package.sh'
[5.109s] INFO:colcon.colcon_core.shell:Creating package script '/home/ubuntu/workspace/install/sshros/share/sshros/package.bash'
[5.111s] INFO:colcon.colcon_core.shell:Creating package script '/home/ubuntu/workspace/install/sshros/share/sshros/package.zsh'
[5.112s] Level 1:colcon.colcon_core.environment:create_file_with_runtime_dependencies(/home/ubuntu/workspace/install/sshros/share/colcon-core/packages/sshros)
[5.114s] DEBUG:colcon.colcon_parallel_executor.executor.parallel:closing loop
[5.115s] DEBUG:colcon.colcon_parallel_executor.executor.parallel:loop closed
[5.116s] DEBUG:colcon.colcon_parallel_executor.executor.parallel:run_until_complete finished with '0'
[5.116s] DEBUG:colcon.colcon_core.event_reactor:joining thread
[5.147s] INFO:colcon.colcon_core.plugin_system:Skipping extension 'colcon_notification.desktop_notification.terminal_notifier': Not used on non-Darwin systems
[5.148s] INFO:colcon.colcon_core.plugin_system:Skipping extension 'colcon_notification.desktop_notification.win32': Not used on non-Windows systems
[5.148s] INFO:colcon.colcon_notification.desktop_notification:Sending desktop notification using 'notify2'
[5.256s] DEBUG:colcon.colcon_core.event_reactor:joined thread
[5.259s] INFO:colcon.colcon_core.shell:Creating prefix script '/home/ubuntu/workspace/install/local_setup.ps1'
[5.263s] INFO:colcon.colcon_core.shell:Creating prefix util module '/home/ubuntu/workspace/install/_local_setup_util_ps1.py'
[5.276s] INFO:colcon.colcon_core.shell:Creating prefix chain script '/home/ubuntu/workspace/install/setup.ps1'
[5.287s] INFO:colcon.colcon_core.shell:Creating prefix script '/home/ubuntu/workspace/install/local_setup.sh'
[5.290s] INFO:colcon.colcon_core.shell:Creating prefix util module '/home/ubuntu/workspace/install/_local_setup_util_sh.py'
[5.293s] INFO:colcon.colcon_core.shell:Creating prefix chain script '/home/ubuntu/workspace/install/setup.sh'
[5.304s] INFO:colcon.colcon_core.shell:Creating prefix script '/home/ubuntu/workspace/install/local_setup.bash'
[5.306s] INFO:colcon.colcon_core.shell:Creating prefix chain script '/home/ubuntu/workspace/install/setup.bash'
[5.317s] INFO:colcon.colcon_core.shell:Creating prefix script '/home/ubuntu/workspace/install/local_setup.zsh'
[5.320s] INFO:colcon.colcon_core.shell:Creating prefix chain script '/home/ubuntu/workspace/install/setup.zsh'
