[1.227s] DEBUG:colcon:Command line arguments: ['/usr/bin/colcon', 'build', '--symlink-install']
[1.227s] DEBUG:colcon:Parsed command line arguments: Namespace(ament_cmake_args=None, base_paths=['.'], build_base='build', catkin_cmake_args=None, catkin_skip_building_tests=False, cmake_args=None, cmake_clean_cache=False, cmake_clean_first=False, cmake_force_configure=False, cmake_target=None, cmake_target_skip_unavailable=False, continue_on_error=False, event_handlers=None, executor='parallel', ignore_user_meta=False, install_base='install', log_base=None, log_level=None, main=<bound method BuildVerb.main of <colcon_core.verb.build.BuildVerb object at 0xffffa0564760>>, merge_install=False, metas=['./colcon.meta'], packages_above=None, packages_above_and_dependencies=None, packages_above_depth=None, packages_end=None, packages_ignore=None, packages_ignore_regex=None, packages_select=None, packages_select_build_failed=False, packages_select_by_dep=None, packages_select_regex=None, packages_select_test_failures=False, packages_skip=None, packages_skip_build_finished=False, packages_skip_by_dep=None, packages_skip_regex=None, packages_skip_test_passed=False, packages_skip_up_to=None, packages_start=None, packages_up_to=None, packages_up_to_regex=None, parallel_workers=4, paths=None, symlink_install=True, test_result_base=None, verb_extension=<colcon_core.verb.build.BuildVerb object at 0xffffa0564760>, verb_name='build', verb_parser=<colcon_defaults.argument_parser.defaults.DefaultArgumentsDecorator object at 0xffffa0564cd0>)
[1.249s] Level 1:colcon.colcon_core.package_discovery:discover_packages(colcon_meta) check parameters
[1.249s] Level 1:colcon.colcon_core.package_discovery:discover_packages(recursive) check parameters
[1.250s] Level 1:colcon.colcon_core.package_discovery:discover_packages(ignore) check parameters
[1.250s] Level 1:colcon.colcon_core.package_discovery:discover_packages(path) check parameters
[1.250s] Level 1:colcon.colcon_core.package_discovery:discover_packages(colcon_meta) discover
[1.250s] Level 1:colcon.colcon_core.package_discovery:discover_packages(recursive) discover
[1.250s] INFO:colcon.colcon_core.package_discovery:Crawling recursively for packages in '/home/ubuntu/workspace'
[1.251s] Level 1:colcon.colcon_core.package_identification:_identify(.) by extensions ['ignore', 'ignore_ament_install']
[1.251s] Level 1:colcon.colcon_core.package_identification:_identify(.) by extension 'ignore'
[1.251s] Level 1:colcon.colcon_core.package_identification:_identify(.) by extension 'ignore_ament_install'
[1.252s] Level 1:colcon.colcon_core.package_identification:_identify(.) by extensions ['colcon_pkg']
[1.252s] Level 1:colcon.colcon_core.package_identification:_identify(.) by extension 'colcon_pkg'
[1.252s] Level 1:colcon.colcon_core.package_identification:_identify(.) by extensions ['colcon_meta']
[1.252s] Level 1:colcon.colcon_core.package_identification:_identify(.) by extension 'colcon_meta'
[1.252s] Level 1:colcon.colcon_core.package_identification:_identify(.) by extensions ['ros']
[1.252s] Level 1:colcon.colcon_core.package_identification:_identify(.) by extension 'ros'
[1.297s] Level 1:colcon.colcon_core.package_identification:_identify(.) by extensions ['cmake', 'python']
[1.298s] Level 1:colcon.colcon_core.package_identification:_identify(.) by extension 'cmake'
[1.298s] Level 1:colcon.colcon_core.package_identification:_identify(.) by extension 'python'
[1.298s] Level 1:colcon.colcon_core.package_identification:_identify(.) by extensions ['python_setup_py']
[1.298s] Level 1:colcon.colcon_core.package_identification:_identify(.) by extension 'python_setup_py'
[1.299s] Level 1:colcon.colcon_core.package_identification:_identify(build) by extensions ['ignore', 'ignore_ament_install']
[1.299s] Level 1:colcon.colcon_core.package_identification:_identify(build) by extension 'ignore'
[1.299s] Level 1:colcon.colcon_core.package_identification:_identify(build) ignored
[1.300s] Level 1:colcon.colcon_core.package_identification:_identify(install) by extensions ['ignore', 'ignore_ament_install']
[1.300s] Level 1:colcon.colcon_core.package_identification:_identify(install) by extension 'ignore'
[1.301s] Level 1:colcon.colcon_core.package_identification:_identify(install) ignored
[1.301s] Level 1:colcon.colcon_core.package_identification:_identify(log) by extensions ['ignore', 'ignore_ament_install']
[1.302s] Level 1:colcon.colcon_core.package_identification:_identify(log) by extension 'ignore'
[1.302s] Level 1:colcon.colcon_core.package_identification:_identify(log) ignored
[1.302s] Level 1:colcon.colcon_core.package_identification:_identify(src) by extensions ['ignore', 'ignore_ament_install']
[1.303s] Level 1:colcon.colcon_core.package_identification:_identify(src) by extension 'ignore'
[1.303s] Level 1:colcon.colcon_core.package_identification:_identify(src) by extension 'ignore_ament_install'
[1.303s] Level 1:colcon.colcon_core.package_identification:_identify(src) by extensions ['colcon_pkg']
[1.303s] Level 1:colcon.colcon_core.package_identification:_identify(src) by extension 'colcon_pkg'
[1.303s] Level 1:colcon.colcon_core.package_identification:_identify(src) by extensions ['colcon_meta']
[1.303s] Level 1:colcon.colcon_core.package_identification:_identify(src) by extension 'colcon_meta'
[1.304s] Level 1:colcon.colcon_core.package_identification:_identify(src) by extensions ['ros']
[1.304s] Level 1:colcon.colcon_core.package_identification:_identify(src) by extension 'ros'
[1.304s] Level 1:colcon.colcon_core.package_identification:_identify(src) by extensions ['cmake', 'python']
[1.304s] Level 1:colcon.colcon_core.package_identification:_identify(src) by extension 'cmake'
[1.304s] Level 1:colcon.colcon_core.package_identification:_identify(src) by extension 'python'
[1.305s] Level 1:colcon.colcon_core.package_identification:_identify(src) by extensions ['python_setup_py']
[1.305s] Level 1:colcon.colcon_core.package_identification:_identify(src) by extension 'python_setup_py'
[1.305s] Level 1:colcon.colcon_core.package_identification:_identify(src/blackboard_interfaces) by extensions ['ignore', 'ignore_ament_install']
[1.306s] Level 1:colcon.colcon_core.package_identification:_identify(src/blackboard_interfaces) by extension 'ignore'
[1.306s] Level 1:colcon.colcon_core.package_identification:_identify(src/blackboard_interfaces) by extension 'ignore_ament_install'
[1.306s] Level 1:colcon.colcon_core.package_identification:_identify(src/blackboard_interfaces) by extensions ['colcon_pkg']
[1.306s] Level 1:colcon.colcon_core.package_identification:_identify(src/blackboard_interfaces) by extension 'colcon_pkg'
[1.306s] Level 1:colcon.colcon_core.package_identification:_identify(src/blackboard_interfaces) by extensions ['colcon_meta']
[1.306s] Level 1:colcon.colcon_core.package_identification:_identify(src/blackboard_interfaces) by extension 'colcon_meta'
[1.307s] Level 1:colcon.colcon_core.package_identification:_identify(src/blackboard_interfaces) by extensions ['ros']
[1.307s] Level 1:colcon.colcon_core.package_identification:_identify(src/blackboard_interfaces) by extension 'ros'
[1.316s] DEBUG:colcon.colcon_core.package_identification:Package 'src/blackboard_interfaces' with type 'ros.ament_cmake' and name 'blackboard_interfaces'
[1.317s] Level 1:colcon.colcon_core.package_identification:_identify(src/sshros) by extensions ['ignore', 'ignore_ament_install']
[1.317s] Level 1:colcon.colcon_core.package_identification:_identify(src/sshros) by extension 'ignore'
[1.317s] Level 1:colcon.colcon_core.package_identification:_identify(src/sshros) by extension 'ignore_ament_install'
[1.318s] Level 1:colcon.colcon_core.package_identification:_identify(src/sshros) by extensions ['colcon_pkg']
[1.318s] Level 1:colcon.colcon_core.package_identification:_identify(src/sshros) by extension 'colcon_pkg'
[1.318s] Level 1:colcon.colcon_core.package_identification:_identify(src/sshros) by extensions ['colcon_meta']
[1.318s] Level 1:colcon.colcon_core.package_identification:_identify(src/sshros) by extension 'colcon_meta'
[1.318s] Level 1:colcon.colcon_core.package_identification:_identify(src/sshros) by extensions ['ros']
[1.318s] Level 1:colcon.colcon_core.package_identification:_identify(src/sshros) by extension 'ros'
[1.321s] DEBUG:colcon.colcon_core.package_identification:Package 'src/sshros' with type 'ros.ament_python' and name 'sshros'
[1.321s] Level 1:colcon.colcon_core.package_discovery:discover_packages(recursive) using defaults
[1.321s] Level 1:colcon.colcon_core.package_discovery:discover_packages(ignore) discover
[1.321s] Level 1:colcon.colcon_core.package_discovery:discover_packages(ignore) using defaults
[1.322s] Level 1:colcon.colcon_core.package_discovery:discover_packages(path) discover
[1.322s] Level 1:colcon.colcon_core.package_discovery:discover_packages(path) using defaults
[1.402s] Level 5:colcon.colcon_core.verb:set package 'blackboard_interfaces' build argument 'cmake_args' from command line to 'None'
[1.403s] Level 5:colcon.colcon_core.verb:set package 'blackboard_interfaces' build argument 'cmake_target' from command line to 'None'
[1.403s] Level 5:colcon.colcon_core.verb:set package 'blackboard_interfaces' build argument 'cmake_target_skip_unavailable' from command line to 'False'
[1.403s] Level 5:colcon.colcon_core.verb:set package 'blackboard_interfaces' build argument 'cmake_clean_cache' from command line to 'False'
[1.403s] Level 5:colcon.colcon_core.verb:set package 'blackboard_interfaces' build argument 'cmake_clean_first' from command line to 'False'
[1.403s] Level 5:colcon.colcon_core.verb:set package 'blackboard_interfaces' build argument 'cmake_force_configure' from command line to 'False'
[1.403s] Level 5:colcon.colcon_core.verb:set package 'blackboard_interfaces' build argument 'ament_cmake_args' from command line to 'None'
[1.403s] Level 5:colcon.colcon_core.verb:set package 'blackboard_interfaces' build argument 'catkin_cmake_args' from command line to 'None'
[1.403s] Level 5:colcon.colcon_core.verb:set package 'blackboard_interfaces' build argument 'catkin_skip_building_tests' from command line to 'False'
[1.404s] DEBUG:colcon.colcon_core.verb:Building package 'blackboard_interfaces' with the following arguments: {'ament_cmake_args': None, 'build_base': '/home/ubuntu/workspace/build/blackboard_interfaces', 'catkin_cmake_args': None, 'catkin_skip_building_tests': False, 'cmake_args': None, 'cmake_clean_cache': False, 'cmake_clean_first': False, 'cmake_force_configure': False, 'cmake_target': None, 'cmake_target_skip_unavailable': False, 'install_base': '/home/ubuntu/workspace/install/blackboard_interfaces', 'merge_install': False, 'path': '/home/ubuntu/workspace/src/blackboard_interfaces', 'symlink_install': True, 'test_result_base': None}
[1.414s] Level 5:colcon.colcon_core.verb:set package 'sshros' build argument 'cmake_args' from command line to 'None'
[1.414s] Level 5:colcon.colcon_core.verb:set package 'sshros' build argument 'cmake_target' from command line to 'None'
[1.414s] Level 5:colcon.colcon_core.verb:set package 'sshros' build argument 'cmake_target_skip_unavailable' from command line to 'False'
[1.415s] Level 5:colcon.colcon_core.verb:set package 'sshros' build argument 'cmake_clean_cache' from command line to 'False'
[1.415s] Level 5:colcon.colcon_core.verb:set package 'sshros' build argument 'cmake_clean_first' from command line to 'False'
[1.415s] Level 5:colcon.colcon_core.verb:set package 'sshros' build argument 'cmake_force_configure' from command line to 'False'
[1.415s] Level 5:colcon.colcon_core.verb:set package 'sshros' build argument 'ament_cmake_args' from command line to 'None'
[1.415s] Level 5:colcon.colcon_core.verb:set package 'sshros' build argument 'catkin_cmake_args' from command line to 'None'
[1.415s] Level 5:colcon.colcon_core.verb:set package 'sshros' build argument 'catkin_skip_building_tests' from command line to 'False'
[1.415s] DEBUG:colcon.colcon_core.verb:Building package 'sshros' with the following arguments: {'ament_cmake_args': None, 'build_base': '/home/ubuntu/workspace/build/sshros', 'catkin_cmake_args': None, 'catkin_skip_building_tests': False, 'cmake_args': None, 'cmake_clean_cache': False, 'cmake_clean_first': False, 'cmake_force_configure': False, 'cmake_target': None, 'cmake_target_skip_unavailable': False, 'install_base': '/home/ubuntu/workspace/install/sshros', 'merge_install': False, 'path': '/home/ubuntu/workspace/src/sshros', 'symlink_install': True, 'test_result_base': None}
[1.417s] INFO:colcon.colcon_core.executor:Executing jobs using 'parallel' executor
[1.424s] DEBUG:colcon.colcon_parallel_executor.executor.parallel:run_until_complete
[1.425s] INFO:colcon.colcon_ros.task.ament_cmake.build:Building ROS package in '/home/ubuntu/workspace/src/blackboard_interfaces' with build type 'ament_cmake'
[1.426s] INFO:colcon.colcon_cmake.task.cmake.build:Building CMake package in '/home/ubuntu/workspace/src/blackboard_interfaces'
[1.441s] INFO:colcon.colcon_core.plugin_system:Skipping extension 'colcon_core.shell.bat': Not used on non-Windows systems
[1.443s] INFO:colcon.colcon_core.shell:Skip shell extension 'powershell' for command environment: Not usable outside of PowerShell
[1.444s] DEBUG:colcon.colcon_core.shell:Skip shell extension 'dsv' for command environment
[1.464s] DEBUG:colcon.colcon_core.shell:Ignoring prefix path '/opt/ros/foxy'
[1.481s] INFO:colcon.colcon_ros.task.ament_python.build:Building ROS package in '/home/ubuntu/workspace/src/sshros' with build type 'ament_python'
[1.487s] Level 1:colcon.colcon_core.shell:create_environment_hook('sshros', 'ament_prefix_path')
[1.491s] INFO:colcon.colcon_core.shell:Creating environment hook '/home/ubuntu/workspace/install/sshros/share/sshros/hook/ament_prefix_path.ps1'
[1.494s] INFO:colcon.colcon_core.shell:Creating environment descriptor '/home/ubuntu/workspace/install/sshros/share/sshros/hook/ament_prefix_path.dsv'
[1.497s] INFO:colcon.colcon_core.shell:Creating environment hook '/home/ubuntu/workspace/install/sshros/share/sshros/hook/ament_prefix_path.sh'
[1.503s] INFO:colcon.colcon_core.shell:Skip shell extension 'powershell' for command environment: Not usable outside of PowerShell
[1.503s] DEBUG:colcon.colcon_core.shell:Skip shell extension 'dsv' for command environment
[1.511s] DEBUG:colcon.colcon_core.shell:Ignoring prefix path '/opt/ros/foxy'
[1.555s] DEBUG:colcon.colcon_core.event_handler.log_command:Invoking command in '/home/ubuntu/workspace/build/blackboard_interfaces': CMAKE_PREFIX_PATH=${CMAKE_PREFIX_PATH}:/home/ubuntu/workspace/install/sshros:/opt/ros/foxy /usr/bin/cmake --build /home/ubuntu/workspace/build/blackboard_interfaces -- -j4 -l4
[2.793s] INFO:colcon.colcon_core.task.python.build:Building Python package in '/home/ubuntu/workspace/src/sshros'
[2.799s] INFO:colcon.colcon_core.shell:Skip shell extension 'powershell' for command environment: Not usable outside of PowerShell
[2.799s] DEBUG:colcon.colcon_core.shell:Skip shell extension 'dsv' for command environment
[2.813s] DEBUG:colcon.colcon_core.shell:Ignoring prefix path '/opt/ros/foxy'
[2.851s] DEBUG:colcon.colcon_core.event_handler.log_command:Invoking command in '/home/ubuntu/workspace/build/sshros': PYTHONPATH=/home/ubuntu/workspace/install/sshros/lib/python3.8/site-packages:${PYTHONPATH} /usr/bin/python3 setup.py develop --prefix /home/ubuntu/workspace/install/sshros --editable --build-directory /home/ubuntu/workspace/build/sshros/build --no-deps install_data --install-dir /home/ubuntu/workspace/install/sshros
[4.963s] Level 1:colcon.colcon_core.shell:create_environment_hook('sshros', 'pythonpath_develop')
[4.966s] INFO:colcon.colcon_core.shell:Creating environment hook '/home/ubuntu/workspace/build/sshros/share/sshros/hook/pythonpath_develop.ps1'
[4.968s] DEBUG:colcon.colcon_core.event_handler.log_command:Invoked command in '/home/ubuntu/workspace/build/sshros' returned '0': PYTHONPATH=/home/ubuntu/workspace/install/sshros/lib/python3.8/site-packages:${PYTHONPATH} /usr/bin/python3 setup.py develop --prefix /home/ubuntu/workspace/install/sshros --editable --build-directory /home/ubuntu/workspace/build/sshros/build --no-deps install_data --install-dir /home/ubuntu/workspace/install/sshros
[4.970s] INFO:colcon.colcon_core.shell:Creating environment descriptor '/home/ubuntu/workspace/build/sshros/share/sshros/hook/pythonpath_develop.dsv'
[4.972s] INFO:colcon.colcon_core.shell:Creating environment hook '/home/ubuntu/workspace/build/sshros/share/sshros/hook/pythonpath_develop.sh'
[5.003s] Level 1:colcon.colcon_core.environment:checking '/home/ubuntu/workspace/install/sshros' for CMake module files
[5.006s] Level 1:colcon.colcon_core.environment:checking '/home/ubuntu/workspace/install/sshros' for CMake config files
[5.013s] Level 1:colcon.colcon_core.environment:checking '/home/ubuntu/workspace/install/sshros/lib'
[5.015s] Level 1:colcon.colcon_core.environment:checking '/home/ubuntu/workspace/install/sshros/bin'
[5.015s] Level 1:colcon.colcon_core.environment:checking '/home/ubuntu/workspace/install/sshros/lib/pkgconfig/sshros.pc'
[5.016s] Level 1:colcon.colcon_core.environment:checking '/home/ubuntu/workspace/install/sshros/lib/python3.8/site-packages'
[5.017s] Level 1:colcon.colcon_core.shell:create_environment_hook('sshros', 'pythonpath')
[5.021s] INFO:colcon.colcon_core.shell:Creating environment hook '/home/ubuntu/workspace/install/sshros/share/sshros/hook/pythonpath.ps1'
[5.024s] INFO:colcon.colcon_core.shell:Creating environment descriptor '/home/ubuntu/workspace/install/sshros/share/sshros/hook/pythonpath.dsv'
[5.026s] INFO:colcon.colcon_core.shell:Creating environment hook '/home/ubuntu/workspace/install/sshros/share/sshros/hook/pythonpath.sh'
[5.030s] Level 1:colcon.colcon_core.environment:create_environment_scripts_only(sshros)
[5.034s] INFO:colcon.colcon_core.shell:Creating package script '/home/ubuntu/workspace/install/sshros/share/sshros/package.ps1'
[5.038s] INFO:colcon.colcon_core.shell:Creating package descriptor '/home/ubuntu/workspace/install/sshros/share/sshros/package.dsv'
[5.041s] INFO:colcon.colcon_core.shell:Creating package script '/home/ubuntu/workspace/install/sshros/share/sshros/package.sh'
[5.045s] INFO:colcon.colcon_core.shell:Creating package script '/home/ubuntu/workspace/install/sshros/share/sshros/package.bash'
[5.049s] INFO:colcon.colcon_core.shell:Creating package script '/home/ubuntu/workspace/install/sshros/share/sshros/package.zsh'
[5.052s] Level 1:colcon.colcon_core.environment:create_file_with_runtime_dependencies(/home/ubuntu/workspace/install/sshros/share/colcon-core/packages/sshros)
[22.397s] DEBUG:colcon.colcon_core.event_handler.log_command:Invoked command in '/home/ubuntu/workspace/build/blackboard_interfaces' returned '0': CMAKE_PREFIX_PATH=${CMAKE_PREFIX_PATH}:/home/ubuntu/workspace/install/sshros:/opt/ros/foxy /usr/bin/cmake --build /home/ubuntu/workspace/build/blackboard_interfaces -- -j4 -l4
[22.807s] DEBUG:colcon.colcon_core.event_handler.log_command:Invoking command in '/home/ubuntu/workspace/build/blackboard_interfaces': CMAKE_PREFIX_PATH=${CMAKE_PREFIX_PATH}:/home/ubuntu/workspace/install/sshros:/opt/ros/foxy /usr/bin/cmake --install /home/ubuntu/workspace/build/blackboard_interfaces
[23.233s] Level 1:colcon.colcon_core.environment:create_environment_scripts_only(blackboard_interfaces)
[23.237s] Level 1:colcon.colcon_core.environment:checking '/home/ubuntu/workspace/install/blackboard_interfaces' for CMake module files
[23.239s] DEBUG:colcon.colcon_core.event_handler.log_command:Invoked command in '/home/ubuntu/workspace/build/blackboard_interfaces' returned '0': CMAKE_PREFIX_PATH=${CMAKE_PREFIX_PATH}:/home/ubuntu/workspace/install/sshros:/opt/ros/foxy /usr/bin/cmake --install /home/ubuntu/workspace/build/blackboard_interfaces
[23.243s] Level 1:colcon.colcon_core.environment:checking '/home/ubuntu/workspace/install/blackboard_interfaces' for CMake config files
[23.246s] Level 1:colcon.colcon_core.shell:create_environment_hook('blackboard_interfaces', 'cmake_prefix_path')
[23.249s] INFO:colcon.colcon_core.shell:Creating environment hook '/home/ubuntu/workspace/install/blackboard_interfaces/share/blackboard_interfaces/hook/cmake_prefix_path.ps1'
[23.251s] INFO:colcon.colcon_core.shell:Creating environment descriptor '/home/ubuntu/workspace/install/blackboard_interfaces/share/blackboard_interfaces/hook/cmake_prefix_path.dsv'
[23.253s] INFO:colcon.colcon_core.shell:Creating environment hook '/home/ubuntu/workspace/install/blackboard_interfaces/share/blackboard_interfaces/hook/cmake_prefix_path.sh'
[23.255s] Level 1:colcon.colcon_core.environment:checking '/home/ubuntu/workspace/install/blackboard_interfaces/lib'
[23.256s] Level 1:colcon.colcon_core.shell:create_environment_hook('blackboard_interfaces', 'ld_library_path_lib')
[23.258s] INFO:colcon.colcon_core.shell:Creating environment hook '/home/ubuntu/workspace/install/blackboard_interfaces/share/blackboard_interfaces/hook/ld_library_path_lib.ps1'
[23.260s] INFO:colcon.colcon_core.shell:Creating environment descriptor '/home/ubuntu/workspace/install/blackboard_interfaces/share/blackboard_interfaces/hook/ld_library_path_lib.dsv'
[23.261s] INFO:colcon.colcon_core.shell:Creating environment hook '/home/ubuntu/workspace/install/blackboard_interfaces/share/blackboard_interfaces/hook/ld_library_path_lib.sh'
[23.263s] Level 1:colcon.colcon_core.environment:checking '/home/ubuntu/workspace/install/blackboard_interfaces/bin'
[23.264s] Level 1:colcon.colcon_core.environment:checking '/home/ubuntu/workspace/install/blackboard_interfaces/lib/pkgconfig/blackboard_interfaces.pc'
[23.264s] Level 1:colcon.colcon_core.environment:checking '/home/ubuntu/workspace/install/blackboard_interfaces/lib/python3.8/site-packages'
[23.264s] Level 1:colcon.colcon_core.shell:create_environment_hook('blackboard_interfaces', 'pythonpath')
[23.266s] INFO:colcon.colcon_core.shell:Creating environment hook '/home/ubuntu/workspace/install/blackboard_interfaces/share/blackboard_interfaces/hook/pythonpath.ps1'
[23.268s] INFO:colcon.colcon_core.shell:Creating environment descriptor '/home/ubuntu/workspace/install/blackboard_interfaces/share/blackboard_interfaces/hook/pythonpath.dsv'
[23.270s] INFO:colcon.colcon_core.shell:Creating environment hook '/home/ubuntu/workspace/install/blackboard_interfaces/share/blackboard_interfaces/hook/pythonpath.sh'
[23.274s] INFO:colcon.colcon_core.shell:Creating package script '/home/ubuntu/workspace/install/blackboard_interfaces/share/blackboard_interfaces/package.ps1'
[23.277s] INFO:colcon.colcon_core.shell:Creating package descriptor '/home/ubuntu/workspace/install/blackboard_interfaces/share/blackboard_interfaces/package.dsv'
[23.279s] INFO:colcon.colcon_core.shell:Creating package script '/home/ubuntu/workspace/install/blackboard_interfaces/share/blackboard_interfaces/package.sh'
[23.282s] INFO:colcon.colcon_core.shell:Creating package script '/home/ubuntu/workspace/install/blackboard_interfaces/share/blackboard_interfaces/package.bash'
[23.283s] INFO:colcon.colcon_core.shell:Creating package script '/home/ubuntu/workspace/install/blackboard_interfaces/share/blackboard_interfaces/package.zsh'
[23.285s] Level 1:colcon.colcon_core.environment:create_file_with_runtime_dependencies(/home/ubuntu/workspace/install/blackboard_interfaces/share/colcon-core/packages/blackboard_interfaces)
[23.633s] Level 1:colcon.colcon_core.environment:create_environment_scripts_only(blackboard_interfaces)
[23.637s] Level 1:colcon.colcon_core.environment:checking '/home/ubuntu/workspace/install/blackboard_interfaces' for CMake module files
[23.641s] Level 1:colcon.colcon_core.environment:checking '/home/ubuntu/workspace/install/blackboard_interfaces' for CMake config files
[23.645s] Level 1:colcon.colcon_core.shell:create_environment_hook('blackboard_interfaces', 'cmake_prefix_path')
[23.647s] INFO:colcon.colcon_core.shell:Creating environment hook '/home/ubuntu/workspace/install/blackboard_interfaces/share/blackboard_interfaces/hook/cmake_prefix_path.ps1'
[23.649s] INFO:colcon.colcon_core.shell:Creating environment descriptor '/home/ubuntu/workspace/install/blackboard_interfaces/share/blackboard_interfaces/hook/cmake_prefix_path.dsv'
[23.651s] INFO:colcon.colcon_core.shell:Creating environment hook '/home/ubuntu/workspace/install/blackboard_interfaces/share/blackboard_interfaces/hook/cmake_prefix_path.sh'
[23.654s] Level 1:colcon.colcon_core.environment:checking '/home/ubuntu/workspace/install/blackboard_interfaces/lib'
[23.654s] Level 1:colcon.colcon_core.shell:create_environment_hook('blackboard_interfaces', 'ld_library_path_lib')
[23.656s] INFO:colcon.colcon_core.shell:Creating environment hook '/home/ubuntu/workspace/install/blackboard_interfaces/share/blackboard_interfaces/hook/ld_library_path_lib.ps1'
[23.658s] INFO:colcon.colcon_core.shell:Creating environment descriptor '/home/ubuntu/workspace/install/blackboard_interfaces/share/blackboard_interfaces/hook/ld_library_path_lib.dsv'
[23.660s] INFO:colcon.colcon_core.shell:Creating environment hook '/home/ubuntu/workspace/install/blackboard_interfaces/share/blackboard_interfaces/hook/ld_library_path_lib.sh'
[23.661s] Level 1:colcon.colcon_core.environment:checking '/home/ubuntu/workspace/install/blackboard_interfaces/bin'
[23.662s] Level 1:colcon.colcon_core.environment:checking '/home/ubuntu/workspace/install/blackboard_interfaces/lib/pkgconfig/blackboard_interfaces.pc'
[23.662s] Level 1:colcon.colcon_core.environment:checking '/home/ubuntu/workspace/install/blackboard_interfaces/lib/python3.8/site-packages'
[23.662s] Level 1:colcon.colcon_core.shell:create_environment_hook('blackboard_interfaces', 'pythonpath')
[23.665s] INFO:colcon.colcon_core.shell:Creating environment hook '/home/ubuntu/workspace/install/blackboard_interfaces/share/blackboard_interfaces/hook/pythonpath.ps1'
[23.667s] INFO:colcon.colcon_core.shell:Creating environment descriptor '/home/ubuntu/workspace/install/blackboard_interfaces/share/blackboard_interfaces/hook/pythonpath.dsv'
[23.668s] INFO:colcon.colcon_core.shell:Creating environment hook '/home/ubuntu/workspace/install/blackboard_interfaces/share/blackboard_interfaces/hook/pythonpath.sh'
[23.672s] INFO:colcon.colcon_core.shell:Creating package script '/home/ubuntu/workspace/install/blackboard_interfaces/share/blackboard_interfaces/package.ps1'
[23.675s] INFO:colcon.colcon_core.shell:Creating package descriptor '/home/ubuntu/workspace/install/blackboard_interfaces/share/blackboard_interfaces/package.dsv'
[23.678s] INFO:colcon.colcon_core.shell:Creating package script '/home/ubuntu/workspace/install/blackboard_interfaces/share/blackboard_interfaces/package.sh'
[23.680s] INFO:colcon.colcon_core.shell:Creating package script '/home/ubuntu/workspace/install/blackboard_interfaces/share/blackboard_interfaces/package.bash'
[23.682s] INFO:colcon.colcon_core.shell:Creating package script '/home/ubuntu/workspace/install/blackboard_interfaces/share/blackboard_interfaces/package.zsh'
[23.684s] Level 1:colcon.colcon_core.environment:create_file_with_runtime_dependencies(/home/ubuntu/workspace/install/blackboard_interfaces/share/colcon-core/packages/blackboard_interfaces)
[23.686s] DEBUG:colcon.colcon_parallel_executor.executor.parallel:closing loop
[23.687s] DEBUG:colcon.colcon_parallel_executor.executor.parallel:loop closed
[23.687s] DEBUG:colcon.colcon_parallel_executor.executor.parallel:run_until_complete finished with '0'
[23.688s] DEBUG:colcon.colcon_core.event_reactor:joining thread
[23.728s] INFO:colcon.colcon_core.plugin_system:Skipping extension 'colcon_notification.desktop_notification.terminal_notifier': Not used on non-Darwin systems
[23.729s] INFO:colcon.colcon_core.plugin_system:Skipping extension 'colcon_notification.desktop_notification.win32': Not used on non-Windows systems
[23.729s] INFO:colcon.colcon_notification.desktop_notification:Sending desktop notification using 'notify2'
[23.814s] DEBUG:colcon.colcon_core.event_reactor:joined thread
[23.817s] INFO:colcon.colcon_core.shell:Creating prefix script '/home/ubuntu/workspace/install/local_setup.ps1'
[23.821s] INFO:colcon.colcon_core.shell:Creating prefix util module '/home/ubuntu/workspace/install/_local_setup_util_ps1.py'
[23.834s] INFO:colcon.colcon_core.shell:Creating prefix chain script '/home/ubuntu/workspace/install/setup.ps1'
[23.845s] INFO:colcon.colcon_core.shell:Creating prefix script '/home/ubuntu/workspace/install/local_setup.sh'
[23.848s] INFO:colcon.colcon_core.shell:Creating prefix util module '/home/ubuntu/workspace/install/_local_setup_util_sh.py'
[23.851s] INFO:colcon.colcon_core.shell:Creating prefix chain script '/home/ubuntu/workspace/install/setup.sh'
[23.862s] INFO:colcon.colcon_core.shell:Creating prefix script '/home/ubuntu/workspace/install/local_setup.bash'
[23.865s] INFO:colcon.colcon_core.shell:Creating prefix chain script '/home/ubuntu/workspace/install/setup.bash'
[23.875s] INFO:colcon.colcon_core.shell:Creating prefix script '/home/ubuntu/workspace/install/local_setup.zsh'
[23.878s] INFO:colcon.colcon_core.shell:Creating prefix chain script '/home/ubuntu/workspace/install/setup.zsh'
