[0.109s] Invoking command in '/home/ubuntu/workspace/build/blackboard_interfaces': CMAKE_PREFIX_PATH=${CMAKE_PREFIX_PATH}:/home/ubuntu/workspace/install/sshros:/opt/ros/foxy /usr/bin/cmake --build /home/ubuntu/workspace/build/blackboard_interfaces -- -j4 -l4
[0.378s] [  3%] Built target blackboard_interfaces__cpp
[0.390s] [ 12%] Built target blackboard_interfaces__rosidl_generator_c
[0.526s] [ 22%] Built target blackboard_interfaces__rosidl_typesupport_cpp
[0.555s] [ 32%] Built target blackboard_interfaces__rosidl_typesupport_introspection_cpp
[0.572s] [ 41%] Built target blackboard_interfaces__rosidl_typesupport_fastrtps_cpp
[0.584s] [ 51%] Built target blackboard_interfaces__rosidl_typesupport_introspection_c
[0.664s] [ 61%] Built target blackboard_interfaces__rosidl_typesupport_c
[0.703s] [ 70%] Built target blackboard_interfaces__rosidl_typesupport_fastrtps_c
[0.799s] [ 70%] Built target blackboard_interfaces
[0.896s] [ 74%] Built target blackboard_interfaces__py
[1.024s] [ 80%] Built target blackboard_interfaces__python
[1.166s] [ 93%] Built target blackboard_interfaces__rosidl_typesupport_introspection_c__pyext
[1.168s] [ 93%] Built target blackboard_interfaces__rosidl_typesupport_c__pyext
[1.187s] [100%] Built target blackboard_interfaces__rosidl_typesupport_fastrtps_c__pyext
[1.370s] Invoked command in '/home/ubuntu/workspace/build/blackboard_interfaces' returned '0': CMAKE_PREFIX_PATH=${CMAKE_PREFIX_PATH}:/home/ubuntu/workspace/install/sshros:/opt/ros/foxy /usr/bin/cmake --build /home/ubuntu/workspace/build/blackboard_interfaces -- -j4 -l4
[1.728s] Invoking command in '/home/ubuntu/workspace/build/blackboard_interfaces': CMAKE_PREFIX_PATH=${CMAKE_PREFIX_PATH}:/home/ubuntu/workspace/install/sshros:/opt/ros/foxy /usr/bin/cmake --install /home/ubuntu/workspace/build/blackboard_interfaces
[1.770s] -- Install configuration: ""
[1.773s] -- Execute custom install script
[1.775s] -- Up-to-date symlink: /home/ubuntu/workspace/install/blackboard_interfaces/share/ament_index/resource_index/rosidl_interfaces/blackboard_interfaces
[1.779s] -- Up-to-date symlink: /home/ubuntu/workspace/install/blackboard_interfaces/include/blackboard_interfaces/msg/detail/task_msg__functions.h
[1.780s] -- Up-to-date symlink: /home/ubuntu/workspace/install/blackboard_interfaces/include/blackboard_interfaces/msg/detail/task_msg__struct.h
[1.781s] -- Up-to-date symlink: /home/ubuntu/workspace/install/blackboard_interfaces/include/blackboard_interfaces/msg/detail/task_msg__type_support.h
[1.783s] -- Up-to-date symlink: /home/ubuntu/workspace/install/blackboard_interfaces/include/blackboard_interfaces/msg/rosidl_generator_c__visibility_control.h
[1.784s] -- Up-to-date symlink: /home/ubuntu/workspace/install/blackboard_interfaces/include/blackboard_interfaces/msg/task_msg.h
[1.786s] -- Up-to-date symlink: /home/ubuntu/workspace/install/blackboard_interfaces/share/blackboard_interfaces/environment/library_path.sh
[1.787s] -- Up-to-date symlink: /home/ubuntu/workspace/install/blackboard_interfaces/share/blackboard_interfaces/environment/library_path.dsv
[1.791s] -- Up-to-date symlink: /home/ubuntu/workspace/install/blackboard_interfaces/include/blackboard_interfaces/msg/detail/task_msg__rosidl_typesupport_fastrtps_c.h
[1.793s] -- Up-to-date symlink: /home/ubuntu/workspace/install/blackboard_interfaces/include/blackboard_interfaces/msg/rosidl_typesupport_fastrtps_c__visibility_control.h
[1.795s] -- Up-to-date symlink: /home/ubuntu/workspace/install/blackboard_interfaces/lib/libblackboard_interfaces__rosidl_typesupport_fastrtps_c.so
[1.800s] -- Up-to-date symlink: /home/ubuntu/workspace/install/blackboard_interfaces/include/blackboard_interfaces/msg/detail/task_msg__rosidl_typesupport_fastrtps_cpp.hpp
[1.801s] -- Up-to-date symlink: /home/ubuntu/workspace/install/blackboard_interfaces/include/blackboard_interfaces/msg/rosidl_typesupport_fastrtps_cpp__visibility_control.h
[1.803s] -- Up-to-date symlink: /home/ubuntu/workspace/install/blackboard_interfaces/lib/libblackboard_interfaces__rosidl_typesupport_fastrtps_cpp.so
[1.806s] -- Up-to-date symlink: /home/ubuntu/workspace/install/blackboard_interfaces/include/blackboard_interfaces/msg/detail/task_msg__rosidl_typesupport_introspection_c.h
[1.808s] -- Up-to-date symlink: /home/ubuntu/workspace/install/blackboard_interfaces/include/blackboard_interfaces/msg/rosidl_typesupport_introspection_c__visibility_control.h
[1.811s] -- Up-to-date symlink: /home/ubuntu/workspace/install/blackboard_interfaces/include/blackboard_interfaces/msg/detail/task_msg__builder.hpp
[1.812s] -- Up-to-date symlink: /home/ubuntu/workspace/install/blackboard_interfaces/include/blackboard_interfaces/msg/detail/task_msg__struct.hpp
[1.814s] -- Up-to-date symlink: /home/ubuntu/workspace/install/blackboard_interfaces/include/blackboard_interfaces/msg/detail/task_msg__traits.hpp
[1.815s] -- Up-to-date symlink: /home/ubuntu/workspace/install/blackboard_interfaces/include/blackboard_interfaces/msg/task_msg.hpp
[1.818s] -- Up-to-date symlink: /home/ubuntu/workspace/install/blackboard_interfaces/include/blackboard_interfaces/msg/detail/task_msg__rosidl_typesupport_introspection_cpp.hpp
[1.820s] -- Up-to-date symlink: /home/ubuntu/workspace/install/blackboard_interfaces/share/blackboard_interfaces/environment/pythonpath.sh
[1.822s] -- Up-to-date symlink: /home/ubuntu/workspace/install/blackboard_interfaces/share/blackboard_interfaces/environment/pythonpath.dsv
[1.824s] -- Up-to-date symlink: /home/ubuntu/workspace/install/blackboard_interfaces/lib/python3.8/site-packages/blackboard_interfaces/__init__.py
[1.827s] -- Up-to-date symlink: /home/ubuntu/workspace/install/blackboard_interfaces/lib/python3.8/site-packages/blackboard_interfaces/msg/__init__.py
[1.828s] -- Up-to-date symlink: /home/ubuntu/workspace/install/blackboard_interfaces/lib/python3.8/site-packages/blackboard_interfaces/msg/_task_msg.py
[1.831s] -- Up-to-date symlink: /home/ubuntu/workspace/install/blackboard_interfaces/lib/python3.8/site-packages/blackboard_interfaces/blackboard_interfaces_s__rosidl_typesupport_fastrtps_c.cpython-38-aarch64-linux-gnu.so
[1.833s] -- Up-to-date symlink: /home/ubuntu/workspace/install/blackboard_interfaces/lib/python3.8/site-packages/blackboard_interfaces/blackboard_interfaces_s__rosidl_typesupport_introspection_c.cpython-38-aarch64-linux-gnu.so
[1.836s] -- Up-to-date symlink: /home/ubuntu/workspace/install/blackboard_interfaces/lib/python3.8/site-packages/blackboard_interfaces/blackboard_interfaces_s__rosidl_typesupport_c.cpython-38-aarch64-linux-gnu.so
[1.838s] -- Up-to-date symlink: /home/ubuntu/workspace/install/blackboard_interfaces/lib/libblackboard_interfaces__python.so
[1.840s] -- Up-to-date symlink: /home/ubuntu/workspace/install/blackboard_interfaces/share/blackboard_interfaces/msg/TaskMsg.idl
[1.841s] -- Up-to-date symlink: /home/ubuntu/workspace/install/blackboard_interfaces/share/blackboard_interfaces/msg/TaskMsg.msg
[1.843s] -- Up-to-date symlink: /home/ubuntu/workspace/install/blackboard_interfaces/share/ament_index/resource_index/package_run_dependencies/blackboard_interfaces
[1.847s] -- Up-to-date symlink: /home/ubuntu/workspace/install/blackboard_interfaces/share/ament_index/resource_index/parent_prefix_path/blackboard_interfaces
[1.850s] -- Up-to-date symlink: /home/ubuntu/workspace/install/blackboard_interfaces/share/blackboard_interfaces/environment/ament_prefix_path.sh
[1.851s] -- Up-to-date symlink: /home/ubuntu/workspace/install/blackboard_interfaces/share/blackboard_interfaces/environment/ament_prefix_path.dsv
[1.853s] -- Up-to-date symlink: /home/ubuntu/workspace/install/blackboard_interfaces/share/blackboard_interfaces/environment/path.sh
[1.854s] -- Up-to-date symlink: /home/ubuntu/workspace/install/blackboard_interfaces/share/blackboard_interfaces/environment/path.dsv
[1.856s] -- Up-to-date symlink: /home/ubuntu/workspace/install/blackboard_interfaces/share/blackboard_interfaces/local_setup.bash
[1.858s] -- Up-to-date symlink: /home/ubuntu/workspace/install/blackboard_interfaces/share/blackboard_interfaces/local_setup.sh
[1.859s] -- Up-to-date symlink: /home/ubuntu/workspace/install/blackboard_interfaces/share/blackboard_interfaces/local_setup.zsh
[1.861s] -- Up-to-date symlink: /home/ubuntu/workspace/install/blackboard_interfaces/share/blackboard_interfaces/local_setup.dsv
[1.862s] -- Symlinking: /home/ubuntu/workspace/install/blackboard_interfaces/share/blackboard_interfaces/package.dsv
[1.902s] -- Up-to-date symlink: /home/ubuntu/workspace/install/blackboard_interfaces/share/ament_index/resource_index/packages/blackboard_interfaces
[1.904s] -- Up-to-date symlink: /home/ubuntu/workspace/install/blackboard_interfaces/share/blackboard_interfaces/cmake/rosidl_cmake-extras.cmake
[1.906s] -- Up-to-date symlink: /home/ubuntu/workspace/install/blackboard_interfaces/share/blackboard_interfaces/cmake/ament_cmake_export_dependencies-extras.cmake
[1.907s] -- Up-to-date symlink: /home/ubuntu/workspace/install/blackboard_interfaces/share/blackboard_interfaces/cmake/ament_cmake_export_libraries-extras.cmake
[1.909s] -- Up-to-date symlink: /home/ubuntu/workspace/install/blackboard_interfaces/share/blackboard_interfaces/cmake/ament_cmake_export_targets-extras.cmake
[1.911s] -- Up-to-date symlink: /home/ubuntu/workspace/install/blackboard_interfaces/share/blackboard_interfaces/cmake/ament_cmake_export_include_directories-extras.cmake
[1.912s] -- Up-to-date symlink: /home/ubuntu/workspace/install/blackboard_interfaces/share/blackboard_interfaces/cmake/rosidl_cmake_export_typesupport_libraries-extras.cmake
[1.914s] -- Up-to-date symlink: /home/ubuntu/workspace/install/blackboard_interfaces/share/blackboard_interfaces/cmake/rosidl_cmake_export_typesupport_targets-extras.cmake
[1.916s] -- Up-to-date symlink: /home/ubuntu/workspace/install/blackboard_interfaces/share/blackboard_interfaces/cmake/blackboard_interfacesConfig.cmake
[1.917s] -- Up-to-date symlink: /home/ubuntu/workspace/install/blackboard_interfaces/share/blackboard_interfaces/cmake/blackboard_interfacesConfig-version.cmake
[1.920s] -- Up-to-date symlink: /home/ubuntu/workspace/install/blackboard_interfaces/share/blackboard_interfaces/package.xml
[1.921s] -- Up-to-date: /home/ubuntu/workspace/install/blackboard_interfaces/lib/libblackboard_interfaces__rosidl_generator_c.so
[1.923s] -- Up-to-date: /home/ubuntu/workspace/install/blackboard_interfaces/lib/libblackboard_interfaces__rosidl_typesupport_introspection_c.so
[1.926s] -- Up-to-date: /home/ubuntu/workspace/install/blackboard_interfaces/lib/libblackboard_interfaces__rosidl_typesupport_c.so
[1.928s] -- Up-to-date: /home/ubuntu/workspace/install/blackboard_interfaces/lib/libblackboard_interfaces__rosidl_typesupport_introspection_cpp.so
[1.931s] -- Up-to-date: /home/ubuntu/workspace/install/blackboard_interfaces/lib/libblackboard_interfaces__rosidl_typesupport_cpp.so
[2.114s] -- Up-to-date: /home/ubuntu/workspace/install/blackboard_interfaces/share/blackboard_interfaces/cmake/blackboard_interfaces__rosidl_generator_cExport.cmake
[2.115s] -- Up-to-date: /home/ubuntu/workspace/install/blackboard_interfaces/share/blackboard_interfaces/cmake/blackboard_interfaces__rosidl_generator_cExport-noconfig.cmake
[2.116s] -- Up-to-date: /home/ubuntu/workspace/install/blackboard_interfaces/share/blackboard_interfaces/cmake/blackboard_interfaces__rosidl_typesupport_introspection_cExport.cmake
[2.117s] -- Up-to-date: /home/ubuntu/workspace/install/blackboard_interfaces/share/blackboard_interfaces/cmake/blackboard_interfaces__rosidl_typesupport_introspection_cExport-noconfig.cmake
[2.118s] -- Up-to-date: /home/ubuntu/workspace/install/blackboard_interfaces/share/blackboard_interfaces/cmake/blackboard_interfaces__rosidl_typesupport_cExport.cmake
[2.119s] -- Up-to-date: /home/ubuntu/workspace/install/blackboard_interfaces/share/blackboard_interfaces/cmake/blackboard_interfaces__rosidl_typesupport_cExport-noconfig.cmake
[2.120s] -- Up-to-date: /home/ubuntu/workspace/install/blackboard_interfaces/share/blackboard_interfaces/cmake/blackboard_interfaces__rosidl_generator_cppExport.cmake
[2.121s] -- Up-to-date: /home/ubuntu/workspace/install/blackboard_interfaces/share/blackboard_interfaces/cmake/blackboard_interfaces__rosidl_typesupport_introspection_cppExport.cmake
[2.122s] -- Up-to-date: /home/ubuntu/workspace/install/blackboard_interfaces/share/blackboard_interfaces/cmake/blackboard_interfaces__rosidl_typesupport_introspection_cppExport-noconfig.cmake
[2.123s] -- Up-to-date: /home/ubuntu/workspace/install/blackboard_interfaces/share/blackboard_interfaces/cmake/blackboard_interfaces__rosidl_typesupport_cppExport.cmake
[2.124s] -- Up-to-date: /home/ubuntu/workspace/install/blackboard_interfaces/share/blackboard_interfaces/cmake/blackboard_interfaces__rosidl_typesupport_cppExport-noconfig.cmake
[2.133s] Invoked command in '/home/ubuntu/workspace/build/blackboard_interfaces' returned '0': CMAKE_PREFIX_PATH=${CMAKE_PREFIX_PATH}:/home/ubuntu/workspace/install/sshros:/opt/ros/foxy /usr/bin/cmake --install /home/ubuntu/workspace/build/blackboard_interfaces
