[0.018s] Invoking command in '/home/student/ros2_bridge_custom_interfaces/ros2_ws/build/blackboard_interfaces': CMAKE_PREFIX_PATH=${CMAKE_PREFIX_PATH}:/home/student/ros2_bridge_custom_interfaces/ros2_ws/install/sshros:/opt/ros/dashing /usr/bin/cmake --build /home/student/ros2_bridge_custom_interfaces/ros2_ws/build/blackboard_interfaces -- -j12 -l12
[0.069s] [ 10%] Built target blackboard_interfaces__rosidl_generator_c
[0.071s] [ 13%] Built target blackboard_interfaces__cpp
[0.091s] [ 24%] Built target blackboard_interfaces__rosidl_typesupport_introspection_c
[0.095s] [ 34%] Built target blackboard_interfaces__rosidl_typesupport_introspection_cpp
[0.098s] [ 44%] Built target blackboard_interfaces__rosidl_typesupport_fastrtps_cpp
[0.122s] [ 55%] Built target blackboard_interfaces__rosidl_typesupport_fastrtps_c
[0.128s] [ 65%] Built target blackboard_interfaces__rosidl_typesupport_cpp
[0.145s] [ 75%] Built target blackboard_interfaces__rosidl_typesupport_c
[0.163s] [ 75%] Built target blackboard_interfaces
[0.181s] [ 79%] Built target blackboard_interfaces__py
[0.203s] [ 86%] Built target blackboard_interfaces__python
[0.232s] [ 93%] Built target blackboard_interfaces__rosidl_typesupport_c__pyext
[0.232s] [100%] Built target blackboard_interfaces__rosidl_typesupport_fastrtps_c__pyext
[0.242s] Invoked command in '/home/student/ros2_bridge_custom_interfaces/ros2_ws/build/blackboard_interfaces' returned '0': CMAKE_PREFIX_PATH=${CMAKE_PREFIX_PATH}:/home/student/ros2_bridge_custom_interfaces/ros2_ws/install/sshros:/opt/ros/dashing /usr/bin/cmake --build /home/student/ros2_bridge_custom_interfaces/ros2_ws/build/blackboard_interfaces -- -j12 -l12
[0.289s] Invoking command in '/home/student/ros2_bridge_custom_interfaces/ros2_ws/build/blackboard_interfaces': CMAKE_PREFIX_PATH=${CMAKE_PREFIX_PATH}:/home/student/ros2_bridge_custom_interfaces/ros2_ws/install/sshros:/opt/ros/dashing /usr/bin/cmake --build /home/student/ros2_bridge_custom_interfaces/ros2_ws/build/blackboard_interfaces --target install -- -j12 -l12
[0.339s] [ 10%] Built target blackboard_interfaces__rosidl_generator_c
[0.341s] [ 13%] Built target blackboard_interfaces__cpp
[0.361s] [ 24%] Built target blackboard_interfaces__rosidl_typesupport_introspection_c
[0.362s] [ 34%] Built target blackboard_interfaces__rosidl_typesupport_introspection_cpp
[0.369s] [ 44%] Built target blackboard_interfaces__rosidl_typesupport_fastrtps_cpp
[0.393s] [ 55%] Built target blackboard_interfaces__rosidl_typesupport_cpp
[0.396s] [ 65%] Built target blackboard_interfaces__rosidl_typesupport_fastrtps_c
[0.419s] [ 75%] Built target blackboard_interfaces__rosidl_typesupport_c
[0.436s] [ 75%] Built target blackboard_interfaces
[0.454s] [ 79%] Built target blackboard_interfaces__py
[0.476s] [ 86%] Built target blackboard_interfaces__python
[0.499s] [ 93%] Built target blackboard_interfaces__rosidl_typesupport_c__pyext
[0.502s] [100%] Built target blackboard_interfaces__rosidl_typesupport_fastrtps_c__pyext
[0.518s] [36mInstall the project...[0m
[0.525s] -- Install configuration: ""
[0.525s] -- Execute custom install script
[0.526s] -- Up-to-date symlink: /home/student/ros2_bridge_custom_interfaces/ros2_ws/install/blackboard_interfaces/share/ament_index/resource_index/rosidl_interfaces/blackboard_interfaces
[0.526s] -- Up-to-date symlink: /home/student/ros2_bridge_custom_interfaces/ros2_ws/install/blackboard_interfaces/include/blackboard_interfaces/msg/task_msg.hpp
[0.526s] -- Up-to-date symlink: /home/student/ros2_bridge_custom_interfaces/ros2_ws/install/blackboard_interfaces/include/blackboard_interfaces/msg/task_msg__struct.hpp
[0.526s] -- Up-to-date symlink: /home/student/ros2_bridge_custom_interfaces/ros2_ws/install/blackboard_interfaces/include/blackboard_interfaces/msg/task_msg__traits.hpp
[0.527s] -- Up-to-date symlink: /home/student/ros2_bridge_custom_interfaces/ros2_ws/install/blackboard_interfaces/include/blackboard_interfaces/msg/rosidl_generator_c__visibility_control.h
[0.527s] -- Up-to-date symlink: /home/student/ros2_bridge_custom_interfaces/ros2_ws/install/blackboard_interfaces/include/blackboard_interfaces/msg/task_msg.h
[0.527s] -- Up-to-date symlink: /home/student/ros2_bridge_custom_interfaces/ros2_ws/install/blackboard_interfaces/include/blackboard_interfaces/msg/task_msg__functions.h
[0.527s] -- Up-to-date symlink: /home/student/ros2_bridge_custom_interfaces/ros2_ws/install/blackboard_interfaces/include/blackboard_interfaces/msg/task_msg__struct.h
[0.527s] -- Up-to-date symlink: /home/student/ros2_bridge_custom_interfaces/ros2_ws/install/blackboard_interfaces/include/blackboard_interfaces/msg/task_msg__type_support.h
[0.528s] -- Up-to-date symlink: /home/student/ros2_bridge_custom_interfaces/ros2_ws/install/blackboard_interfaces/share/blackboard_interfaces/environment/library_path.sh
[0.528s] -- Up-to-date symlink: /home/student/ros2_bridge_custom_interfaces/ros2_ws/install/blackboard_interfaces/lib/libblackboard_interfaces__rosidl_generator_c.so
[0.528s] -- Up-to-date symlink: /home/student/ros2_bridge_custom_interfaces/ros2_ws/install/blackboard_interfaces/lib/libblackboard_interfaces__rosidl_typesupport_c.so
[0.529s] -- Up-to-date symlink: /home/student/ros2_bridge_custom_interfaces/ros2_ws/install/blackboard_interfaces/lib/libblackboard_interfaces__rosidl_typesupport_cpp.so
[0.529s] -- Up-to-date symlink: /home/student/ros2_bridge_custom_interfaces/ros2_ws/install/blackboard_interfaces/include/blackboard_interfaces/msg/rosidl_typesupport_introspection_c__visibility_control.h
[0.529s] -- Up-to-date symlink: /home/student/ros2_bridge_custom_interfaces/ros2_ws/install/blackboard_interfaces/include/blackboard_interfaces/msg/task_msg__rosidl_typesupport_introspection_c.h
[0.530s] -- Up-to-date symlink: /home/student/ros2_bridge_custom_interfaces/ros2_ws/install/blackboard_interfaces/lib/libblackboard_interfaces__rosidl_typesupport_introspection_c.so
[0.530s] -- Up-to-date symlink: /home/student/ros2_bridge_custom_interfaces/ros2_ws/install/blackboard_interfaces/include/blackboard_interfaces/msg/task_msg__rosidl_typesupport_introspection_cpp.hpp
[0.530s] -- Up-to-date symlink: /home/student/ros2_bridge_custom_interfaces/ros2_ws/install/blackboard_interfaces/lib/libblackboard_interfaces__rosidl_typesupport_introspection_cpp.so
[0.531s] -- Up-to-date symlink: /home/student/ros2_bridge_custom_interfaces/ros2_ws/install/blackboard_interfaces/include/blackboard_interfaces/msg/rosidl_typesupport_fastrtps_c__visibility_control.h
[0.531s] -- Up-to-date symlink: /home/student/ros2_bridge_custom_interfaces/ros2_ws/install/blackboard_interfaces/include/blackboard_interfaces/msg/task_msg__rosidl_typesupport_fastrtps_c.h
[0.532s] -- Up-to-date symlink: /home/student/ros2_bridge_custom_interfaces/ros2_ws/install/blackboard_interfaces/lib/libblackboard_interfaces__rosidl_typesupport_fastrtps_c.so
[0.532s] -- Up-to-date symlink: /home/student/ros2_bridge_custom_interfaces/ros2_ws/install/blackboard_interfaces/include/blackboard_interfaces/msg/rosidl_typesupport_fastrtps_cpp__visibility_control.h
[0.532s] -- Up-to-date symlink: /home/student/ros2_bridge_custom_interfaces/ros2_ws/install/blackboard_interfaces/include/blackboard_interfaces/msg/task_msg__rosidl_typesupport_fastrtps_cpp.hpp
[0.532s] -- Up-to-date symlink: /home/student/ros2_bridge_custom_interfaces/ros2_ws/install/blackboard_interfaces/lib/libblackboard_interfaces__rosidl_typesupport_fastrtps_cpp.so
[0.533s] -- Up-to-date symlink: /home/student/ros2_bridge_custom_interfaces/ros2_ws/install/blackboard_interfaces/share/blackboard_interfaces/environment/pythonpath.sh
[0.533s] -- Up-to-date symlink: /home/student/ros2_bridge_custom_interfaces/ros2_ws/install/blackboard_interfaces/lib/python3.6/site-packages/blackboard_interfaces/__init__.py
[0.533s] -- Up-to-date symlink: /home/student/ros2_bridge_custom_interfaces/ros2_ws/install/blackboard_interfaces/lib/python3.6/site-packages/blackboard_interfaces/msg/__init__.py
[0.533s] -- Up-to-date symlink: /home/student/ros2_bridge_custom_interfaces/ros2_ws/install/blackboard_interfaces/lib/python3.6/site-packages/blackboard_interfaces/msg/_task_msg.py
[0.534s] -- Up-to-date symlink: /home/student/ros2_bridge_custom_interfaces/ros2_ws/install/blackboard_interfaces/lib/python3.6/site-packages/blackboard_interfaces/blackboard_interfaces_s__rosidl_typesupport_c.cpython-36m-x86_64-linux-gnu.so
[0.534s] -- Up-to-date symlink: /home/student/ros2_bridge_custom_interfaces/ros2_ws/install/blackboard_interfaces/lib/python3.6/site-packages/blackboard_interfaces/blackboard_interfaces_s__rosidl_typesupport_fastrtps_c.cpython-36m-x86_64-linux-gnu.so
[0.535s] -- Up-to-date symlink: /home/student/ros2_bridge_custom_interfaces/ros2_ws/install/blackboard_interfaces/lib/libblackboard_interfaces__python.so
[0.535s] -- Up-to-date symlink: /home/student/ros2_bridge_custom_interfaces/ros2_ws/install/blackboard_interfaces/share/blackboard_interfaces/msg/TaskMsg.idl
[0.535s] -- Up-to-date symlink: /home/student/ros2_bridge_custom_interfaces/ros2_ws/install/blackboard_interfaces/share/blackboard_interfaces/msg/TaskMsg.msg
[0.535s] -- Up-to-date symlink: /home/student/ros2_bridge_custom_interfaces/ros2_ws/install/blackboard_interfaces/share/blackboard_interfaces/bridge_mapping_rules.yaml
[0.536s] -- Up-to-date symlink: /home/student/ros2_bridge_custom_interfaces/ros2_ws/install/blackboard_interfaces/share/ament_index/resource_index/package_run_dependencies/blackboard_interfaces
[0.536s] -- Up-to-date symlink: /home/student/ros2_bridge_custom_interfaces/ros2_ws/install/blackboard_interfaces/share/ament_index/resource_index/parent_prefix_path/blackboard_interfaces
[0.536s] -- Up-to-date symlink: /home/student/ros2_bridge_custom_interfaces/ros2_ws/install/blackboard_interfaces/share/blackboard_interfaces/environment/ament_prefix_path.sh
[0.536s] -- Up-to-date symlink: /home/student/ros2_bridge_custom_interfaces/ros2_ws/install/blackboard_interfaces/share/blackboard_interfaces/environment/path.sh
[0.537s] -- Up-to-date symlink: /home/student/ros2_bridge_custom_interfaces/ros2_ws/install/blackboard_interfaces/share/blackboard_interfaces/local_setup.bash
[0.537s] -- Up-to-date symlink: /home/student/ros2_bridge_custom_interfaces/ros2_ws/install/blackboard_interfaces/share/blackboard_interfaces/local_setup.sh
[0.537s] -- Up-to-date symlink: /home/student/ros2_bridge_custom_interfaces/ros2_ws/install/blackboard_interfaces/share/blackboard_interfaces/local_setup.zsh
[0.537s] -- Up-to-date symlink: /home/student/ros2_bridge_custom_interfaces/ros2_ws/install/blackboard_interfaces/share/ament_index/resource_index/packages/blackboard_interfaces
[0.538s] -- Up-to-date symlink: /home/student/ros2_bridge_custom_interfaces/ros2_ws/install/blackboard_interfaces/share/blackboard_interfaces/cmake/rosidl_cmake-extras.cmake
[0.538s] -- Up-to-date symlink: /home/student/ros2_bridge_custom_interfaces/ros2_ws/install/blackboard_interfaces/share/blackboard_interfaces/cmake/ament_cmake_export_dependencies-extras.cmake
[0.538s] -- Up-to-date symlink: /home/student/ros2_bridge_custom_interfaces/ros2_ws/install/blackboard_interfaces/share/blackboard_interfaces/cmake/ament_cmake_export_include_directories-extras.cmake
[0.539s] -- Up-to-date symlink: /home/student/ros2_bridge_custom_interfaces/ros2_ws/install/blackboard_interfaces/share/blackboard_interfaces/cmake/ament_cmake_export_libraries-extras.cmake
[0.539s] -- Up-to-date symlink: /home/student/ros2_bridge_custom_interfaces/ros2_ws/install/blackboard_interfaces/share/blackboard_interfaces/cmake/blackboard_interfacesConfig.cmake
[0.539s] -- Up-to-date symlink: /home/student/ros2_bridge_custom_interfaces/ros2_ws/install/blackboard_interfaces/share/blackboard_interfaces/cmake/blackboard_interfacesConfig-version.cmake
[0.539s] -- Up-to-date symlink: /home/student/ros2_bridge_custom_interfaces/ros2_ws/install/blackboard_interfaces/share/blackboard_interfaces/package.xml
[0.580s] Invoked command in '/home/student/ros2_bridge_custom_interfaces/ros2_ws/build/blackboard_interfaces' returned '0': CMAKE_PREFIX_PATH=${CMAKE_PREFIX_PATH}:/home/student/ros2_bridge_custom_interfaces/ros2_ws/install/sshros:/opt/ros/dashing /usr/bin/cmake --build /home/student/ros2_bridge_custom_interfaces/ros2_ws/build/blackboard_interfaces --target install -- -j12 -l12
