-- Found ament_cmake: 0.7.6 (/opt/ros/dashing/share/ament_cmake/cmake)
-- Found PythonInterp: /usr/bin/python3 (found suitable version "3.6.9", minimum required is "3") 
-- Using PYTHON_EXECUTABLE: /usr/bin/python3
-- Override CMake install command with custom implementation using symlinks instead of copying resources
-- Found geometry_msgs: 0.7.1 (/opt/ros/dashing/share/geometry_msgs/cmake)
-- Found rosidl_adapter: 0.7.10 (/opt/ros/dashing/share/rosidl_adapter/cmake)
-- Found rosidl_default_generators: 0.7.0 (/opt/ros/dashing/share/rosidl_default_generators/cmake)
-- Found PythonInterp: /usr/bin/python3 (found version "3.6.9") 
-- Using single matching rosidl_typesupport_c: rosidl_typesupport_fastrtps_c
-- Using single matching rosidl_typesupport_cpp: rosidl_typesupport_fastrtps_cpp
-- Found rmw_implementation_cmake: 0.7.2 (/opt/ros/dashing/share/rmw_implementation_cmake/cmake)
-- Found PythonInterp: /usr/bin/python3 (found suitable version "3.6.9", minimum required is "3.5") 
-- Found python_cmake_module: 0.7.11 (/opt/ros/dashing/share/python_cmake_module/cmake)
-- Using PYTHON_EXECUTABLE: /usr/bin/python3
-- Using PYTHON_INCLUDE_DIRS: /usr/include/python3.6m
-- Using PYTHON_LIBRARIES: /usr/lib/x86_64-linux-gnu/libpython3.6m.so
-- Found ament_lint_auto: 0.7.12 (/opt/ros/dashing/share/ament_lint_auto/cmake)
-- Added test 'lint_cmake' to check CMake code style
-- Added test 'xmllint' to check XML markup files
-- Configuring done
-- Generating done
-- Build files have been written to: /home/student/ros2_bridge_custom_interfaces/ros2_ws/build/blackboard_interfaces
[  3%] Built target blackboard_interfaces__cpp
[  6%] [32m[1mLinking C shared library libblackboard_interfaces__rosidl_generator_c.so[0m
[ 10%] [32m[1mLinking CXX shared library libblackboard_interfaces__rosidl_typesupport_introspection_cpp.so[0m
[ 13%] [32m[1mLinking CXX shared library libblackboard_interfaces__rosidl_typesupport_fastrtps_cpp.so[0m
[ 20%] Built target blackboard_interfaces__rosidl_generator_c
[ 24%] [32m[1mLinking C shared library libblackboard_interfaces__rosidl_typesupport_introspection_c.so[0m
[ 31%] Built target blackboard_interfaces__rosidl_typesupport_introspection_c
[ 37%] Built target blackboard_interfaces__rosidl_typesupport_introspection_cpp
[ 44%] Built target blackboard_interfaces__rosidl_typesupport_fastrtps_cpp
[ 51%] [32m[1mLinking CXX shared library libblackboard_interfaces__rosidl_typesupport_cpp.so[0m
[ 51%] [32m[1mLinking CXX shared library libblackboard_interfaces__rosidl_typesupport_fastrtps_c.so[0m
[ 58%] Built target blackboard_interfaces__rosidl_typesupport_cpp
[ 65%] Built target blackboard_interfaces__rosidl_typesupport_fastrtps_c
[ 68%] [32m[1mLinking CXX shared library libblackboard_interfaces__rosidl_typesupport_c.so[0m
[ 75%] Built target blackboard_interfaces__rosidl_typesupport_c
[ 75%] Built target blackboard_interfaces
[ 79%] Built target blackboard_interfaces__py
[ 82%] [32m[1mLinking C shared library rosidl_generator_py/blackboard_interfaces/libblackboard_interfaces__python.so[0m
[ 86%] Built target blackboard_interfaces__python
[ 89%] [32m[1mLinking C shared library rosidl_generator_py/blackboard_interfaces/blackboard_interfaces_s__rosidl_typesupport_c.cpython-36m-x86_64-linux-gnu.so[0m
[ 93%] [32m[1mLinking C shared library rosidl_generator_py/blackboard_interfaces/blackboard_interfaces_s__rosidl_typesupport_fastrtps_c.cpython-36m-x86_64-linux-gnu.so[0m
[100%] Built target blackboard_interfaces__rosidl_typesupport_c__pyext
[100%] Built target blackboard_interfaces__rosidl_typesupport_fastrtps_c__pyext
[  3%] Built target blackboard_interfaces__cpp
[ 13%] Built target blackboard_interfaces__rosidl_generator_c
[ 24%] Built target blackboard_interfaces__rosidl_typesupport_introspection_c
[ 34%] Built target blackboard_interfaces__rosidl_typesupport_introspection_cpp
[ 44%] Built target blackboard_interfaces__rosidl_typesupport_fastrtps_cpp
[ 65%] Built target blackboard_interfaces__rosidl_typesupport_cpp
[ 65%] Built target blackboard_interfaces__rosidl_typesupport_fastrtps_c
[ 75%] Built target blackboard_interfaces__rosidl_typesupport_c
[ 75%] Built target blackboard_interfaces
[ 79%] Built target blackboard_interfaces__py
[ 86%] Built target blackboard_interfaces__python
[100%] Built target blackboard_interfaces__rosidl_typesupport_fastrtps_c__pyext
[100%] Built target blackboard_interfaces__rosidl_typesupport_c__pyext
[36mInstall the project...[0m
-- Install configuration: ""
-- Execute custom install script
-- Symlinking: /home/student/ros2_bridge_custom_interfaces/ros2_ws/install/blackboard_interfaces/share/ament_index/resource_index/rosidl_interfaces/blackboard_interfaces
-- Symlinking: /home/student/ros2_bridge_custom_interfaces/ros2_ws/install/blackboard_interfaces/include/blackboard_interfaces/msg/task_msg.hpp
-- Symlinking: /home/student/ros2_bridge_custom_interfaces/ros2_ws/install/blackboard_interfaces/include/blackboard_interfaces/msg/task_msg__struct.hpp
-- Symlinking: /home/student/ros2_bridge_custom_interfaces/ros2_ws/install/blackboard_interfaces/include/blackboard_interfaces/msg/task_msg__traits.hpp
-- Symlinking: /home/student/ros2_bridge_custom_interfaces/ros2_ws/install/blackboard_interfaces/include/blackboard_interfaces/msg/rosidl_generator_c__visibility_control.h
-- Symlinking: /home/student/ros2_bridge_custom_interfaces/ros2_ws/install/blackboard_interfaces/include/blackboard_interfaces/msg/task_msg.h
-- Symlinking: /home/student/ros2_bridge_custom_interfaces/ros2_ws/install/blackboard_interfaces/include/blackboard_interfaces/msg/task_msg__functions.h
-- Symlinking: /home/student/ros2_bridge_custom_interfaces/ros2_ws/install/blackboard_interfaces/include/blackboard_interfaces/msg/task_msg__struct.h
-- Symlinking: /home/student/ros2_bridge_custom_interfaces/ros2_ws/install/blackboard_interfaces/include/blackboard_interfaces/msg/task_msg__type_support.h
-- Symlinking: /home/student/ros2_bridge_custom_interfaces/ros2_ws/install/blackboard_interfaces/share/blackboard_interfaces/environment/library_path.sh
-- Symlinking: /home/student/ros2_bridge_custom_interfaces/ros2_ws/install/blackboard_interfaces/lib/libblackboard_interfaces__rosidl_generator_c.so
-- Symlinking: /home/student/ros2_bridge_custom_interfaces/ros2_ws/install/blackboard_interfaces/lib/libblackboard_interfaces__rosidl_typesupport_c.so
-- Symlinking: /home/student/ros2_bridge_custom_interfaces/ros2_ws/install/blackboard_interfaces/lib/libblackboard_interfaces__rosidl_typesupport_cpp.so
-- Symlinking: /home/student/ros2_bridge_custom_interfaces/ros2_ws/install/blackboard_interfaces/include/blackboard_interfaces/msg/rosidl_typesupport_introspection_c__visibility_control.h
-- Symlinking: /home/student/ros2_bridge_custom_interfaces/ros2_ws/install/blackboard_interfaces/include/blackboard_interfaces/msg/task_msg__rosidl_typesupport_introspection_c.h
-- Symlinking: /home/student/ros2_bridge_custom_interfaces/ros2_ws/install/blackboard_interfaces/lib/libblackboard_interfaces__rosidl_typesupport_introspection_c.so
-- Symlinking: /home/student/ros2_bridge_custom_interfaces/ros2_ws/install/blackboard_interfaces/include/blackboard_interfaces/msg/task_msg__rosidl_typesupport_introspection_cpp.hpp
-- Symlinking: /home/student/ros2_bridge_custom_interfaces/ros2_ws/install/blackboard_interfaces/lib/libblackboard_interfaces__rosidl_typesupport_introspection_cpp.so
-- Symlinking: /home/student/ros2_bridge_custom_interfaces/ros2_ws/install/blackboard_interfaces/include/blackboard_interfaces/msg/rosidl_typesupport_fastrtps_c__visibility_control.h
-- Symlinking: /home/student/ros2_bridge_custom_interfaces/ros2_ws/install/blackboard_interfaces/include/blackboard_interfaces/msg/task_msg__rosidl_typesupport_fastrtps_c.h
-- Symlinking: /home/student/ros2_bridge_custom_interfaces/ros2_ws/install/blackboard_interfaces/lib/libblackboard_interfaces__rosidl_typesupport_fastrtps_c.so
-- Symlinking: /home/student/ros2_bridge_custom_interfaces/ros2_ws/install/blackboard_interfaces/include/blackboard_interfaces/msg/rosidl_typesupport_fastrtps_cpp__visibility_control.h
-- Symlinking: /home/student/ros2_bridge_custom_interfaces/ros2_ws/install/blackboard_interfaces/include/blackboard_interfaces/msg/task_msg__rosidl_typesupport_fastrtps_cpp.hpp
-- Symlinking: /home/student/ros2_bridge_custom_interfaces/ros2_ws/install/blackboard_interfaces/lib/libblackboard_interfaces__rosidl_typesupport_fastrtps_cpp.so
-- Symlinking: /home/student/ros2_bridge_custom_interfaces/ros2_ws/install/blackboard_interfaces/share/blackboard_interfaces/environment/pythonpath.sh
-- Symlinking: /home/student/ros2_bridge_custom_interfaces/ros2_ws/install/blackboard_interfaces/lib/python3.6/site-packages/blackboard_interfaces/__init__.py
-- Symlinking: /home/student/ros2_bridge_custom_interfaces/ros2_ws/install/blackboard_interfaces/lib/python3.6/site-packages/blackboard_interfaces/msg/__init__.py
-- Symlinking: /home/student/ros2_bridge_custom_interfaces/ros2_ws/install/blackboard_interfaces/lib/python3.6/site-packages/blackboard_interfaces/msg/_task_msg.py
-- Symlinking: /home/student/ros2_bridge_custom_interfaces/ros2_ws/install/blackboard_interfaces/lib/python3.6/site-packages/blackboard_interfaces/blackboard_interfaces_s__rosidl_typesupport_c.cpython-36m-x86_64-linux-gnu.so
-- Symlinking: /home/student/ros2_bridge_custom_interfaces/ros2_ws/install/blackboard_interfaces/lib/python3.6/site-packages/blackboard_interfaces/blackboard_interfaces_s__rosidl_typesupport_fastrtps_c.cpython-36m-x86_64-linux-gnu.so
-- Symlinking: /home/student/ros2_bridge_custom_interfaces/ros2_ws/install/blackboard_interfaces/lib/libblackboard_interfaces__python.so
-- Symlinking: /home/student/ros2_bridge_custom_interfaces/ros2_ws/install/blackboard_interfaces/share/blackboard_interfaces/msg/TaskMsg.idl
-- Symlinking: /home/student/ros2_bridge_custom_interfaces/ros2_ws/install/blackboard_interfaces/share/blackboard_interfaces/msg/TaskMsg.msg
-- Symlinking: /home/student/ros2_bridge_custom_interfaces/ros2_ws/install/blackboard_interfaces/share/blackboard_interfaces/bridge_mapping_rules.yaml
-- Symlinking: /home/student/ros2_bridge_custom_interfaces/ros2_ws/install/blackboard_interfaces/share/ament_index/resource_index/package_run_dependencies/blackboard_interfaces
-- Symlinking: /home/student/ros2_bridge_custom_interfaces/ros2_ws/install/blackboard_interfaces/share/ament_index/resource_index/parent_prefix_path/blackboard_interfaces
-- Symlinking: /home/student/ros2_bridge_custom_interfaces/ros2_ws/install/blackboard_interfaces/share/blackboard_interfaces/environment/ament_prefix_path.sh
-- Symlinking: /home/student/ros2_bridge_custom_interfaces/ros2_ws/install/blackboard_interfaces/share/blackboard_interfaces/environment/path.sh
-- Symlinking: /home/student/ros2_bridge_custom_interfaces/ros2_ws/install/blackboard_interfaces/share/blackboard_interfaces/local_setup.bash
-- Symlinking: /home/student/ros2_bridge_custom_interfaces/ros2_ws/install/blackboard_interfaces/share/blackboard_interfaces/local_setup.sh
-- Symlinking: /home/student/ros2_bridge_custom_interfaces/ros2_ws/install/blackboard_interfaces/share/blackboard_interfaces/local_setup.zsh
-- Symlinking: /home/student/ros2_bridge_custom_interfaces/ros2_ws/install/blackboard_interfaces/share/ament_index/resource_index/packages/blackboard_interfaces
-- Symlinking: /home/student/ros2_bridge_custom_interfaces/ros2_ws/install/blackboard_interfaces/share/blackboard_interfaces/cmake/rosidl_cmake-extras.cmake
-- Symlinking: /home/student/ros2_bridge_custom_interfaces/ros2_ws/install/blackboard_interfaces/share/blackboard_interfaces/cmake/ament_cmake_export_dependencies-extras.cmake
-- Symlinking: /home/student/ros2_bridge_custom_interfaces/ros2_ws/install/blackboard_interfaces/share/blackboard_interfaces/cmake/ament_cmake_export_include_directories-extras.cmake
-- Symlinking: /home/student/ros2_bridge_custom_interfaces/ros2_ws/install/blackboard_interfaces/share/blackboard_interfaces/cmake/ament_cmake_export_libraries-extras.cmake
-- Symlinking: /home/student/ros2_bridge_custom_interfaces/ros2_ws/install/blackboard_interfaces/share/blackboard_interfaces/cmake/blackboard_interfacesConfig.cmake
-- Symlinking: /home/student/ros2_bridge_custom_interfaces/ros2_ws/install/blackboard_interfaces/share/blackboard_interfaces/cmake/blackboard_interfacesConfig-version.cmake
-- Symlinking: /home/student/ros2_bridge_custom_interfaces/ros2_ws/install/blackboard_interfaces/share/blackboard_interfaces/package.xml
Compiling '/home/student/ros2_bridge_custom_interfaces/ros2_ws/install/blackboard_interfaces/lib/python3.6/site-packages/blackboard_interfaces/__init__.py'...
