[0.016s] Invoking command in '/home/student/ros2_bridge_custom_interfaces/ros2_ws/build/blackboard_interfaces': CMAKE_PREFIX_PATH=${CMAKE_PREFIX_PATH}:/home/student/ros2_bridge_custom_interfaces/ros2_ws/install/sshros:/opt/ros/dashing /usr/bin/cmake /home/student/ros2_bridge_custom_interfaces/ros2_ws/src/blackboard_interfaces -DAMENT_CMAKE_SYMLINK_INSTALL=1 -DCMAKE_INSTALL_PREFIX=/home/student/ros2_bridge_custom_interfaces/ros2_ws/install/blackboard_interfaces
[0.030s] -- Found ament_cmake: 0.7.6 (/opt/ros/dashing/share/ament_cmake/cmake)
[0.050s] -- Found PythonInterp: /usr/bin/python3 (found suitable version "3.6.9", minimum required is "3") 
[0.050s] -- Using PYTHON_EXECUTABLE: /usr/bin/python3
[0.192s] -- Override CMake install command with custom implementation using symlinks instead of copying resources
[0.198s] -- Found geometry_msgs: 0.7.1 (/opt/ros/dashing/share/geometry_msgs/cmake)
[0.206s] -- Found rosidl_adapter: 0.7.10 (/opt/ros/dashing/share/rosidl_adapter/cmake)
[0.233s] -- Found rosidl_default_generators: 0.7.0 (/opt/ros/dashing/share/rosidl_default_generators/cmake)
[0.325s] -- Found PythonInterp: /usr/bin/python3 (found version "3.6.9") 
[0.527s] -- Using single matching rosidl_typesupport_c: rosidl_typesupport_fastrtps_c
[0.557s] -- Using single matching rosidl_typesupport_cpp: rosidl_typesupport_fastrtps_cpp
[0.747s] -- Found rmw_implementation_cmake: 0.7.2 (/opt/ros/dashing/share/rmw_implementation_cmake/cmake)
[0.771s] -- Found PythonInterp: /usr/bin/python3 (found suitable version "3.6.9", minimum required is "3.5") 
[0.771s] -- Found python_cmake_module: 0.7.11 (/opt/ros/dashing/share/python_cmake_module/cmake)
[0.796s] -- Using PYTHON_EXECUTABLE: /usr/bin/python3
[0.796s] -- Using PYTHON_INCLUDE_DIRS: /usr/include/python3.6m
[0.796s] -- Using PYTHON_LIBRARIES: /usr/lib/x86_64-linux-gnu/libpython3.6m.so
[0.893s] -- Found ament_lint_auto: 0.7.12 (/opt/ros/dashing/share/ament_lint_auto/cmake)
[0.902s] -- Added test 'lint_cmake' to check CMake code style
[0.903s] -- Added test 'xmllint' to check XML markup files
[0.906s] -- Configuring done
[1.028s] -- Generating done
[1.032s] -- Build files have been written to: /home/student/ros2_bridge_custom_interfaces/ros2_ws/build/blackboard_interfaces
[1.035s] Invoked command in '/home/student/ros2_bridge_custom_interfaces/ros2_ws/build/blackboard_interfaces' returned '0': CMAKE_PREFIX_PATH=${CMAKE_PREFIX_PATH}:/home/student/ros2_bridge_custom_interfaces/ros2_ws/install/sshros:/opt/ros/dashing /usr/bin/cmake /home/student/ros2_bridge_custom_interfaces/ros2_ws/src/blackboard_interfaces -DAMENT_CMAKE_SYMLINK_INSTALL=1 -DCMAKE_INSTALL_PREFIX=/home/student/ros2_bridge_custom_interfaces/ros2_ws/install/blackboard_interfaces
[1.037s] Invoking command in '/home/student/ros2_bridge_custom_interfaces/ros2_ws/build/blackboard_interfaces': CMAKE_PREFIX_PATH=${CMAKE_PREFIX_PATH}:/home/student/ros2_bridge_custom_interfaces/ros2_ws/install/sshros:/opt/ros/dashing /usr/bin/cmake --build /home/student/ros2_bridge_custom_interfaces/ros2_ws/build/blackboard_interfaces -- -j12 -l12
[1.079s] [  3%] Built target blackboard_interfaces__cpp
[1.081s] [  6%] [32m[1mLinking C shared library libblackboard_interfaces__rosidl_generator_c.so[0m
[1.101s] [ 10%] [32m[1mLinking CXX shared library libblackboard_interfaces__rosidl_typesupport_introspection_cpp.so[0m
[1.105s] [ 13%] [32m[1mLinking CXX shared library libblackboard_interfaces__rosidl_typesupport_fastrtps_cpp.so[0m
[1.115s] [ 20%] Built target blackboard_interfaces__rosidl_generator_c
[1.138s] [ 24%] [32m[1mLinking C shared library libblackboard_interfaces__rosidl_typesupport_introspection_c.so[0m
[1.175s] [ 31%] Built target blackboard_interfaces__rosidl_typesupport_introspection_c
[1.175s] [ 37%] Built target blackboard_interfaces__rosidl_typesupport_introspection_cpp
[1.182s] [ 44%] Built target blackboard_interfaces__rosidl_typesupport_fastrtps_cpp
[1.205s] [ 51%] [32m[1mLinking CXX shared library libblackboard_interfaces__rosidl_typesupport_cpp.so[0m
[1.205s] [ 51%] [32m[1mLinking CXX shared library libblackboard_interfaces__rosidl_typesupport_fastrtps_c.so[0m
[1.284s] [ 58%] Built target blackboard_interfaces__rosidl_typesupport_cpp
[1.287s] [ 65%] Built target blackboard_interfaces__rosidl_typesupport_fastrtps_c
[1.309s] [ 68%] [32m[1mLinking CXX shared library libblackboard_interfaces__rosidl_typesupport_c.so[0m
[1.360s] [ 75%] Built target blackboard_interfaces__rosidl_typesupport_c
[1.376s] [ 75%] Built target blackboard_interfaces
[1.394s] [ 79%] Built target blackboard_interfaces__py
[1.415s] [ 82%] [32m[1mLinking C shared library rosidl_generator_py/blackboard_interfaces/libblackboard_interfaces__python.so[0m
[1.467s] [ 86%] Built target blackboard_interfaces__python
[1.490s] [ 89%] [32m[1mLinking C shared library rosidl_generator_py/blackboard_interfaces/blackboard_interfaces_s__rosidl_typesupport_c.cpython-36m-x86_64-linux-gnu.so[0m
[1.490s] [ 93%] [32m[1mLinking C shared library rosidl_generator_py/blackboard_interfaces/blackboard_interfaces_s__rosidl_typesupport_fastrtps_c.cpython-36m-x86_64-linux-gnu.so[0m
[1.551s] [100%] Built target blackboard_interfaces__rosidl_typesupport_c__pyext
[1.551s] [100%] Built target blackboard_interfaces__rosidl_typesupport_fastrtps_c__pyext
[1.560s] Invoked command in '/home/student/ros2_bridge_custom_interfaces/ros2_ws/build/blackboard_interfaces' returned '0': CMAKE_PREFIX_PATH=${CMAKE_PREFIX_PATH}:/home/student/ros2_bridge_custom_interfaces/ros2_ws/install/sshros:/opt/ros/dashing /usr/bin/cmake --build /home/student/ros2_bridge_custom_interfaces/ros2_ws/build/blackboard_interfaces -- -j12 -l12
[1.606s] Invoking command in '/home/student/ros2_bridge_custom_interfaces/ros2_ws/build/blackboard_interfaces': CMAKE_PREFIX_PATH=${CMAKE_PREFIX_PATH}:/home/student/ros2_bridge_custom_interfaces/ros2_ws/install/sshros:/opt/ros/dashing /usr/bin/cmake --build /home/student/ros2_bridge_custom_interfaces/ros2_ws/build/blackboard_interfaces --target install -- -j12 -l12
[1.649s] [  3%] Built target blackboard_interfaces__cpp
[1.650s] [ 13%] Built target blackboard_interfaces__rosidl_generator_c
[1.670s] [ 24%] Built target blackboard_interfaces__rosidl_typesupport_introspection_c
[1.670s] [ 34%] Built target blackboard_interfaces__rosidl_typesupport_introspection_cpp
[1.673s] [ 44%] Built target blackboard_interfaces__rosidl_typesupport_fastrtps_cpp
[1.699s] [ 65%] Built target blackboard_interfaces__rosidl_typesupport_cpp
[1.699s] [ 65%] Built target blackboard_interfaces__rosidl_typesupport_fastrtps_c
[1.721s] [ 75%] Built target blackboard_interfaces__rosidl_typesupport_c
[1.738s] [ 75%] Built target blackboard_interfaces
[1.755s] [ 79%] Built target blackboard_interfaces__py
[1.777s] [ 86%] Built target blackboard_interfaces__python
[1.799s] [100%] Built target blackboard_interfaces__rosidl_typesupport_fastrtps_c__pyext
[1.799s] [100%] Built target blackboard_interfaces__rosidl_typesupport_c__pyext
[1.814s] [36mInstall the project...[0m
[1.821s] -- Install configuration: ""
[1.822s] -- Execute custom install script
[1.822s] -- Symlinking: /home/student/ros2_bridge_custom_interfaces/ros2_ws/install/blackboard_interfaces/share/ament_index/resource_index/rosidl_interfaces/blackboard_interfaces
[1.830s] -- Symlinking: /home/student/ros2_bridge_custom_interfaces/ros2_ws/install/blackboard_interfaces/include/blackboard_interfaces/msg/task_msg.hpp
[1.837s] -- Symlinking: /home/student/ros2_bridge_custom_interfaces/ros2_ws/install/blackboard_interfaces/include/blackboard_interfaces/msg/task_msg__struct.hpp
[1.844s] -- Symlinking: /home/student/ros2_bridge_custom_interfaces/ros2_ws/install/blackboard_interfaces/include/blackboard_interfaces/msg/task_msg__traits.hpp
[1.852s] -- Symlinking: /home/student/ros2_bridge_custom_interfaces/ros2_ws/install/blackboard_interfaces/include/blackboard_interfaces/msg/rosidl_generator_c__visibility_control.h
[1.858s] -- Symlinking: /home/student/ros2_bridge_custom_interfaces/ros2_ws/install/blackboard_interfaces/include/blackboard_interfaces/msg/task_msg.h
[1.866s] -- Symlinking: /home/student/ros2_bridge_custom_interfaces/ros2_ws/install/blackboard_interfaces/include/blackboard_interfaces/msg/task_msg__functions.h
[1.873s] -- Symlinking: /home/student/ros2_bridge_custom_interfaces/ros2_ws/install/blackboard_interfaces/include/blackboard_interfaces/msg/task_msg__struct.h
[1.880s] -- Symlinking: /home/student/ros2_bridge_custom_interfaces/ros2_ws/install/blackboard_interfaces/include/blackboard_interfaces/msg/task_msg__type_support.h
[1.887s] -- Symlinking: /home/student/ros2_bridge_custom_interfaces/ros2_ws/install/blackboard_interfaces/share/blackboard_interfaces/environment/library_path.sh
[1.894s] -- Symlinking: /home/student/ros2_bridge_custom_interfaces/ros2_ws/install/blackboard_interfaces/lib/libblackboard_interfaces__rosidl_generator_c.so
[1.902s] -- Symlinking: /home/student/ros2_bridge_custom_interfaces/ros2_ws/install/blackboard_interfaces/lib/libblackboard_interfaces__rosidl_typesupport_c.so
[1.909s] -- Symlinking: /home/student/ros2_bridge_custom_interfaces/ros2_ws/install/blackboard_interfaces/lib/libblackboard_interfaces__rosidl_typesupport_cpp.so
[1.916s] -- Symlinking: /home/student/ros2_bridge_custom_interfaces/ros2_ws/install/blackboard_interfaces/include/blackboard_interfaces/msg/rosidl_typesupport_introspection_c__visibility_control.h
[1.923s] -- Symlinking: /home/student/ros2_bridge_custom_interfaces/ros2_ws/install/blackboard_interfaces/include/blackboard_interfaces/msg/task_msg__rosidl_typesupport_introspection_c.h
[1.931s] -- Symlinking: /home/student/ros2_bridge_custom_interfaces/ros2_ws/install/blackboard_interfaces/lib/libblackboard_interfaces__rosidl_typesupport_introspection_c.so
[1.938s] -- Symlinking: /home/student/ros2_bridge_custom_interfaces/ros2_ws/install/blackboard_interfaces/include/blackboard_interfaces/msg/task_msg__rosidl_typesupport_introspection_cpp.hpp
[1.946s] -- Symlinking: /home/student/ros2_bridge_custom_interfaces/ros2_ws/install/blackboard_interfaces/lib/libblackboard_interfaces__rosidl_typesupport_introspection_cpp.so
[1.953s] -- Symlinking: /home/student/ros2_bridge_custom_interfaces/ros2_ws/install/blackboard_interfaces/include/blackboard_interfaces/msg/rosidl_typesupport_fastrtps_c__visibility_control.h
[1.960s] -- Symlinking: /home/student/ros2_bridge_custom_interfaces/ros2_ws/install/blackboard_interfaces/include/blackboard_interfaces/msg/task_msg__rosidl_typesupport_fastrtps_c.h
[1.968s] -- Symlinking: /home/student/ros2_bridge_custom_interfaces/ros2_ws/install/blackboard_interfaces/lib/libblackboard_interfaces__rosidl_typesupport_fastrtps_c.so
[1.975s] -- Symlinking: /home/student/ros2_bridge_custom_interfaces/ros2_ws/install/blackboard_interfaces/include/blackboard_interfaces/msg/rosidl_typesupport_fastrtps_cpp__visibility_control.h
[1.982s] -- Symlinking: /home/student/ros2_bridge_custom_interfaces/ros2_ws/install/blackboard_interfaces/include/blackboard_interfaces/msg/task_msg__rosidl_typesupport_fastrtps_cpp.hpp
[1.989s] -- Symlinking: /home/student/ros2_bridge_custom_interfaces/ros2_ws/install/blackboard_interfaces/lib/libblackboard_interfaces__rosidl_typesupport_fastrtps_cpp.so
[1.997s] -- Symlinking: /home/student/ros2_bridge_custom_interfaces/ros2_ws/install/blackboard_interfaces/share/blackboard_interfaces/environment/pythonpath.sh
[2.004s] -- Symlinking: /home/student/ros2_bridge_custom_interfaces/ros2_ws/install/blackboard_interfaces/lib/python3.6/site-packages/blackboard_interfaces/__init__.py
[2.011s] -- Symlinking: /home/student/ros2_bridge_custom_interfaces/ros2_ws/install/blackboard_interfaces/lib/python3.6/site-packages/blackboard_interfaces/msg/__init__.py
[2.018s] -- Symlinking: /home/student/ros2_bridge_custom_interfaces/ros2_ws/install/blackboard_interfaces/lib/python3.6/site-packages/blackboard_interfaces/msg/_task_msg.py
[2.025s] -- Symlinking: /home/student/ros2_bridge_custom_interfaces/ros2_ws/install/blackboard_interfaces/lib/python3.6/site-packages/blackboard_interfaces/blackboard_interfaces_s__rosidl_typesupport_c.cpython-36m-x86_64-linux-gnu.so
[2.033s] -- Symlinking: /home/student/ros2_bridge_custom_interfaces/ros2_ws/install/blackboard_interfaces/lib/python3.6/site-packages/blackboard_interfaces/blackboard_interfaces_s__rosidl_typesupport_fastrtps_c.cpython-36m-x86_64-linux-gnu.so
[2.040s] -- Symlinking: /home/student/ros2_bridge_custom_interfaces/ros2_ws/install/blackboard_interfaces/lib/libblackboard_interfaces__python.so
[2.048s] -- Symlinking: /home/student/ros2_bridge_custom_interfaces/ros2_ws/install/blackboard_interfaces/share/blackboard_interfaces/msg/TaskMsg.idl
[2.055s] -- Symlinking: /home/student/ros2_bridge_custom_interfaces/ros2_ws/install/blackboard_interfaces/share/blackboard_interfaces/msg/TaskMsg.msg
[2.062s] -- Symlinking: /home/student/ros2_bridge_custom_interfaces/ros2_ws/install/blackboard_interfaces/share/blackboard_interfaces/bridge_mapping_rules.yaml
[2.069s] -- Symlinking: /home/student/ros2_bridge_custom_interfaces/ros2_ws/install/blackboard_interfaces/share/ament_index/resource_index/package_run_dependencies/blackboard_interfaces
[2.076s] -- Symlinking: /home/student/ros2_bridge_custom_interfaces/ros2_ws/install/blackboard_interfaces/share/ament_index/resource_index/parent_prefix_path/blackboard_interfaces
[2.083s] -- Symlinking: /home/student/ros2_bridge_custom_interfaces/ros2_ws/install/blackboard_interfaces/share/blackboard_interfaces/environment/ament_prefix_path.sh
[2.091s] -- Symlinking: /home/student/ros2_bridge_custom_interfaces/ros2_ws/install/blackboard_interfaces/share/blackboard_interfaces/environment/path.sh
[2.098s] -- Symlinking: /home/student/ros2_bridge_custom_interfaces/ros2_ws/install/blackboard_interfaces/share/blackboard_interfaces/local_setup.bash
[2.105s] -- Symlinking: /home/student/ros2_bridge_custom_interfaces/ros2_ws/install/blackboard_interfaces/share/blackboard_interfaces/local_setup.sh
[2.112s] -- Symlinking: /home/student/ros2_bridge_custom_interfaces/ros2_ws/install/blackboard_interfaces/share/blackboard_interfaces/local_setup.zsh
[2.120s] -- Symlinking: /home/student/ros2_bridge_custom_interfaces/ros2_ws/install/blackboard_interfaces/share/ament_index/resource_index/packages/blackboard_interfaces
[2.127s] -- Symlinking: /home/student/ros2_bridge_custom_interfaces/ros2_ws/install/blackboard_interfaces/share/blackboard_interfaces/cmake/rosidl_cmake-extras.cmake
[2.134s] -- Symlinking: /home/student/ros2_bridge_custom_interfaces/ros2_ws/install/blackboard_interfaces/share/blackboard_interfaces/cmake/ament_cmake_export_dependencies-extras.cmake
[2.141s] -- Symlinking: /home/student/ros2_bridge_custom_interfaces/ros2_ws/install/blackboard_interfaces/share/blackboard_interfaces/cmake/ament_cmake_export_include_directories-extras.cmake
[2.149s] -- Symlinking: /home/student/ros2_bridge_custom_interfaces/ros2_ws/install/blackboard_interfaces/share/blackboard_interfaces/cmake/ament_cmake_export_libraries-extras.cmake
[2.156s] -- Symlinking: /home/student/ros2_bridge_custom_interfaces/ros2_ws/install/blackboard_interfaces/share/blackboard_interfaces/cmake/blackboard_interfacesConfig.cmake
[2.163s] -- Symlinking: /home/student/ros2_bridge_custom_interfaces/ros2_ws/install/blackboard_interfaces/share/blackboard_interfaces/cmake/blackboard_interfacesConfig-version.cmake
[2.170s] -- Symlinking: /home/student/ros2_bridge_custom_interfaces/ros2_ws/install/blackboard_interfaces/share/blackboard_interfaces/package.xml
[2.203s] Compiling '/home/student/ros2_bridge_custom_interfaces/ros2_ws/install/blackboard_interfaces/lib/python3.6/site-packages/blackboard_interfaces/__init__.py'...
[2.210s] Invoked command in '/home/student/ros2_bridge_custom_interfaces/ros2_ws/build/blackboard_interfaces' returned '0': CMAKE_PREFIX_PATH=${CMAKE_PREFIX_PATH}:/home/student/ros2_bridge_custom_interfaces/ros2_ws/install/sshros:/opt/ros/dashing /usr/bin/cmake --build /home/student/ros2_bridge_custom_interfaces/ros2_ws/build/blackboard_interfaces --target install -- -j12 -l12
