[0.102s] Invoking command in '/home/ubuntu/workspace/build/blackboard_interfaces': CMAKE_PREFIX_PATH=/home/ubuntu/workspace/install/sshros:/opt/ros/foxy /usr/bin/cmake /home/ubuntu/workspace/src/blackboard_interfaces -DAMENT_CMAKE_SYMLINK_INSTALL=1 -DCMAKE_INSTALL_PREFIX=/home/ubuntu/workspace/install/blackboard_interfaces
[0.181s] -- Found ament_cmake: 0.9.8 (/opt/ros/foxy/share/ament_cmake/cmake)
[0.319s] -- Using PYTHON_EXECUTABLE: /usr/bin/python3
[1.212s] -- Override CMake install command with custom implementation using symlinks instead of copying resources
[1.256s] -- Found rosidl_default_generators: 1.0.1 (/opt/ros/foxy/share/rosidl_default_generators/cmake)
[1.258s] -- Using all available rosidl_typesupport_c: rosidl_typesupport_fastrtps_c;rosidl_typesupport_introspection_c
[1.271s] -- Found rosidl_adapter: 1.2.1 (/opt/ros/foxy/share/rosidl_adapter/cmake)
[2.038s] -- Using all available rosidl_typesupport_cpp: rosidl_typesupport_fastrtps_cpp;rosidl_typesupport_introspection_cpp
[2.166s] -- Found ament_lint_auto: 0.9.6 (/opt/ros/foxy/share/ament_lint_auto/cmake)
[2.651s] -- Added test 'copyright' to check source files copyright and LICENSE
[2.668s] -- Added test 'lint_cmake' to check CMake code style
[2.677s] -- Added test 'xmllint' to check XML markup files
[2.700s] -- Configuring done
[2.714s] -- Generating done
[2.720s] -- Build files have been written to: /home/ubuntu/workspace/build/blackboard_interfaces
[2.740s] Invoked command in '/home/ubuntu/workspace/build/blackboard_interfaces' returned '0': CMAKE_PREFIX_PATH=/home/ubuntu/workspace/install/sshros:/opt/ros/foxy /usr/bin/cmake /home/ubuntu/workspace/src/blackboard_interfaces -DAMENT_CMAKE_SYMLINK_INSTALL=1 -DCMAKE_INSTALL_PREFIX=/home/ubuntu/workspace/install/blackboard_interfaces
[2.751s] Invoking command in '/home/ubuntu/workspace/build/blackboard_interfaces': CMAKE_PREFIX_PATH=/home/ubuntu/workspace/install/sshros:/opt/ros/foxy /usr/bin/cmake --build /home/ubuntu/workspace/build/blackboard_interfaces -- -j4 -l4
[2.927s] Invoked command in '/home/ubuntu/workspace/build/blackboard_interfaces' returned '0': CMAKE_PREFIX_PATH=/home/ubuntu/workspace/install/sshros:/opt/ros/foxy /usr/bin/cmake --build /home/ubuntu/workspace/build/blackboard_interfaces -- -j4 -l4
[3.083s] Invoking command in '/home/ubuntu/workspace/build/blackboard_interfaces': CMAKE_PREFIX_PATH=/home/ubuntu/workspace/install/sshros:/opt/ros/foxy /usr/bin/cmake --install /home/ubuntu/workspace/build/blackboard_interfaces
[3.118s] -- Install configuration: ""
[3.120s] -- Execute custom install script
[3.122s] -- Symlinking: /home/ubuntu/workspace/install/blackboard_interfaces/share/ament_index/resource_index/package_run_dependencies/blackboard_interfaces
[3.171s] -- Symlinking: /home/ubuntu/workspace/install/blackboard_interfaces/share/ament_index/resource_index/parent_prefix_path/blackboard_interfaces
[3.226s] -- Symlinking: /home/ubuntu/workspace/install/blackboard_interfaces/share/blackboard_interfaces/environment/ament_prefix_path.sh
[3.273s] -- Symlinking: /home/ubuntu/workspace/install/blackboard_interfaces/share/blackboard_interfaces/environment/ament_prefix_path.dsv
[3.309s] -- Symlinking: /home/ubuntu/workspace/install/blackboard_interfaces/share/blackboard_interfaces/environment/path.sh
[3.346s] -- Symlinking: /home/ubuntu/workspace/install/blackboard_interfaces/share/blackboard_interfaces/environment/path.dsv
[3.385s] -- Symlinking: /home/ubuntu/workspace/install/blackboard_interfaces/share/blackboard_interfaces/local_setup.bash
[3.419s] -- Symlinking: /home/ubuntu/workspace/install/blackboard_interfaces/share/blackboard_interfaces/local_setup.sh
[3.454s] -- Symlinking: /home/ubuntu/workspace/install/blackboard_interfaces/share/blackboard_interfaces/local_setup.zsh
[3.491s] -- Symlinking: /home/ubuntu/workspace/install/blackboard_interfaces/share/blackboard_interfaces/local_setup.dsv
[3.526s] -- Symlinking: /home/ubuntu/workspace/install/blackboard_interfaces/share/blackboard_interfaces/package.dsv
[3.565s] -- Symlinking: /home/ubuntu/workspace/install/blackboard_interfaces/share/ament_index/resource_index/packages/blackboard_interfaces
[3.599s] -- Symlinking: /home/ubuntu/workspace/install/blackboard_interfaces/share/blackboard_interfaces/cmake/blackboard_interfacesConfig.cmake
[3.633s] -- Symlinking: /home/ubuntu/workspace/install/blackboard_interfaces/share/blackboard_interfaces/cmake/blackboard_interfacesConfig-version.cmake
[3.670s] -- Symlinking: /home/ubuntu/workspace/install/blackboard_interfaces/share/blackboard_interfaces/package.xml
[3.713s] Invoked command in '/home/ubuntu/workspace/build/blackboard_interfaces' returned '0': CMAKE_PREFIX_PATH=/home/ubuntu/workspace/install/sshros:/opt/ros/foxy /usr/bin/cmake --install /home/ubuntu/workspace/build/blackboard_interfaces
