[1.593s] DEBUG:colcon:Command line arguments: ['/usr/bin/colcon', 'build']
[1.594s] DEBUG:colcon:Parsed command line arguments: Namespace(ament_cmake_args=None, base_paths=['.'], build_base='build', catkin_cmake_args=None, catkin_skip_building_tests=False, cmake_args=None, cmake_clean_cache=False, cmake_clean_first=False, cmake_force_configure=False, cmake_target=None, cmake_target_skip_unavailable=False, continue_on_error=False, event_handlers=None, executor='parallel', ignore_user_meta=False, install_base='install', log_base=None, log_level=None, main=<bound method BuildVerb.main of <colcon_core.verb.build.BuildVerb object at 0xffffa8559340>>, merge_install=False, metas=['./colcon.meta'], packages_above=None, packages_above_and_dependencies=None, packages_above_depth=None, packages_end=None, packages_ignore=None, packages_ignore_regex=None, packages_select=None, packages_select_build_failed=False, packages_select_by_dep=None, packages_select_regex=None, packages_select_test_failures=False, packages_skip=None, packages_skip_build_finished=False, packages_skip_by_dep=None, packages_skip_regex=None, packages_skip_test_passed=False, packages_skip_up_to=None, packages_start=None, packages_up_to=None, packages_up_to_regex=None, parallel_workers=4, paths=None, symlink_install=False, test_result_base=None, verb_extension=<colcon_core.verb.build.BuildVerb object at 0xffffa8559340>, verb_name='build', verb_parser=<colcon_defaults.argument_parser.defaults.DefaultArgumentsDecorator object at 0xffffa8559880>)
[1.641s] Level 1:colcon.colcon_core.package_discovery:discover_packages(colcon_meta) check parameters
[1.641s] Level 1:colcon.colcon_core.package_discovery:discover_packages(recursive) check parameters
[1.642s] Level 1:colcon.colcon_core.package_discovery:discover_packages(ignore) check parameters
[1.642s] Level 1:colcon.colcon_core.package_discovery:discover_packages(path) check parameters
[1.642s] Level 1:colcon.colcon_core.package_discovery:discover_packages(colcon_meta) discover
[1.642s] Level 1:colcon.colcon_core.package_discovery:discover_packages(recursive) discover
[1.643s] INFO:colcon.colcon_core.package_discovery:Crawling recursively for packages in '/home/ubuntu/workspace'
[1.643s] Level 1:colcon.colcon_core.package_identification:_identify(.) by extensions ['ignore', 'ignore_ament_install']
[1.644s] Level 1:colcon.colcon_core.package_identification:_identify(.) by extension 'ignore'
[1.644s] Level 1:colcon.colcon_core.package_identification:_identify(.) by extension 'ignore_ament_install'
[1.644s] Level 1:colcon.colcon_core.package_identification:_identify(.) by extensions ['colcon_pkg']
[1.645s] Level 1:colcon.colcon_core.package_identification:_identify(.) by extension 'colcon_pkg'
[1.645s] Level 1:colcon.colcon_core.package_identification:_identify(.) by extensions ['colcon_meta']
[1.645s] Level 1:colcon.colcon_core.package_identification:_identify(.) by extension 'colcon_meta'
[1.645s] Level 1:colcon.colcon_core.package_identification:_identify(.) by extensions ['ros']
[1.645s] Level 1:colcon.colcon_core.package_identification:_identify(.) by extension 'ros'
[1.723s] Level 1:colcon.colcon_core.package_identification:_identify(.) by extensions ['cmake', 'python']
[1.724s] Level 1:colcon.colcon_core.package_identification:_identify(.) by extension 'cmake'
[1.724s] Level 1:colcon.colcon_core.package_identification:_identify(.) by extension 'python'
[1.724s] Level 1:colcon.colcon_core.package_identification:_identify(.) by extensions ['python_setup_py']
[1.724s] Level 1:colcon.colcon_core.package_identification:_identify(.) by extension 'python_setup_py'
[1.725s] Level 1:colcon.colcon_core.package_identification:_identify(build) by extensions ['ignore', 'ignore_ament_install']
[1.725s] Level 1:colcon.colcon_core.package_identification:_identify(build) by extension 'ignore'
[1.725s] Level 1:colcon.colcon_core.package_identification:_identify(build) ignored
[1.726s] Level 1:colcon.colcon_core.package_identification:_identify(install) by extensions ['ignore', 'ignore_ament_install']
[1.726s] Level 1:colcon.colcon_core.package_identification:_identify(install) by extension 'ignore'
[1.727s] Level 1:colcon.colcon_core.package_identification:_identify(install) ignored
[1.727s] Level 1:colcon.colcon_core.package_identification:_identify(log) by extensions ['ignore', 'ignore_ament_install']
[1.728s] Level 1:colcon.colcon_core.package_identification:_identify(log) by extension 'ignore'
[1.728s] Level 1:colcon.colcon_core.package_identification:_identify(log) ignored
[1.728s] Level 1:colcon.colcon_core.package_identification:_identify(src) by extensions ['ignore', 'ignore_ament_install']
[1.729s] Level 1:colcon.colcon_core.package_identification:_identify(src) by extension 'ignore'
[1.729s] Level 1:colcon.colcon_core.package_identification:_identify(src) by extension 'ignore_ament_install'
[1.729s] Level 1:colcon.colcon_core.package_identification:_identify(src) by extensions ['colcon_pkg']
[1.729s] Level 1:colcon.colcon_core.package_identification:_identify(src) by extension 'colcon_pkg'
[1.729s] Level 1:colcon.colcon_core.package_identification:_identify(src) by extensions ['colcon_meta']
[1.730s] Level 1:colcon.colcon_core.package_identification:_identify(src) by extension 'colcon_meta'
[1.730s] Level 1:colcon.colcon_core.package_identification:_identify(src) by extensions ['ros']
[1.730s] Level 1:colcon.colcon_core.package_identification:_identify(src) by extension 'ros'
[1.730s] Level 1:colcon.colcon_core.package_identification:_identify(src) by extensions ['cmake', 'python']
[1.731s] Level 1:colcon.colcon_core.package_identification:_identify(src) by extension 'cmake'
[1.731s] Level 1:colcon.colcon_core.package_identification:_identify(src) by extension 'python'
[1.731s] Level 1:colcon.colcon_core.package_identification:_identify(src) by extensions ['python_setup_py']
[1.731s] Level 1:colcon.colcon_core.package_identification:_identify(src) by extension 'python_setup_py'
[1.732s] Level 1:colcon.colcon_core.package_identification:_identify(src/blackboard_interfaces) by extensions ['ignore', 'ignore_ament_install']
[1.733s] Level 1:colcon.colcon_core.package_identification:_identify(src/blackboard_interfaces) by extension 'ignore'
[1.733s] Level 1:colcon.colcon_core.package_identification:_identify(src/blackboard_interfaces) by extension 'ignore_ament_install'
[1.733s] Level 1:colcon.colcon_core.package_identification:_identify(src/blackboard_interfaces) by extensions ['colcon_pkg']
[1.733s] Level 1:colcon.colcon_core.package_identification:_identify(src/blackboard_interfaces) by extension 'colcon_pkg'
[1.734s] Level 1:colcon.colcon_core.package_identification:_identify(src/blackboard_interfaces) by extensions ['colcon_meta']
[1.734s] Level 1:colcon.colcon_core.package_identification:_identify(src/blackboard_interfaces) by extension 'colcon_meta'
[1.734s] Level 1:colcon.colcon_core.package_identification:_identify(src/blackboard_interfaces) by extensions ['ros']
[1.734s] Level 1:colcon.colcon_core.package_identification:_identify(src/blackboard_interfaces) by extension 'ros'
[1.747s] DEBUG:colcon.colcon_core.package_identification:Package 'src/blackboard_interfaces' with type 'ros.ament_cmake' and name 'blackboard_interfaces'
[1.748s] Level 1:colcon.colcon_core.package_identification:_identify(src/sshros) by extensions ['ignore', 'ignore_ament_install']
[1.748s] Level 1:colcon.colcon_core.package_identification:_identify(src/sshros) by extension 'ignore'
[1.749s] Level 1:colcon.colcon_core.package_identification:_identify(src/sshros) by extension 'ignore_ament_install'
[1.749s] Level 1:colcon.colcon_core.package_identification:_identify(src/sshros) by extensions ['colcon_pkg']
[1.749s] Level 1:colcon.colcon_core.package_identification:_identify(src/sshros) by extension 'colcon_pkg'
[1.749s] Level 1:colcon.colcon_core.package_identification:_identify(src/sshros) by extensions ['colcon_meta']
[1.750s] Level 1:colcon.colcon_core.package_identification:_identify(src/sshros) by extension 'colcon_meta'
[1.750s] Level 1:colcon.colcon_core.package_identification:_identify(src/sshros) by extensions ['ros']
[1.750s] Level 1:colcon.colcon_core.package_identification:_identify(src/sshros) by extension 'ros'
[1.754s] DEBUG:colcon.colcon_core.package_identification:Package 'src/sshros' with type 'ros.ament_python' and name 'sshros'
[1.755s] Level 1:colcon.colcon_core.package_discovery:discover_packages(recursive) using defaults
[1.755s] Level 1:colcon.colcon_core.package_discovery:discover_packages(ignore) discover
[1.755s] Level 1:colcon.colcon_core.package_discovery:discover_packages(ignore) using defaults
[1.755s] Level 1:colcon.colcon_core.package_discovery:discover_packages(path) discover
[1.755s] Level 1:colcon.colcon_core.package_discovery:discover_packages(path) using defaults
[1.857s] Level 5:colcon.colcon_core.verb:set package 'blackboard_interfaces' build argument 'cmake_args' from command line to 'None'
[1.857s] Level 5:colcon.colcon_core.verb:set package 'blackboard_interfaces' build argument 'cmake_target' from command line to 'None'
[1.858s] Level 5:colcon.colcon_core.verb:set package 'blackboard_interfaces' build argument 'cmake_target_skip_unavailable' from command line to 'False'
[1.858s] Level 5:colcon.colcon_core.verb:set package 'blackboard_interfaces' build argument 'cmake_clean_cache' from command line to 'False'
[1.858s] Level 5:colcon.colcon_core.verb:set package 'blackboard_interfaces' build argument 'cmake_clean_first' from command line to 'False'
[1.858s] Level 5:colcon.colcon_core.verb:set package 'blackboard_interfaces' build argument 'cmake_force_configure' from command line to 'False'
[1.858s] Level 5:colcon.colcon_core.verb:set package 'blackboard_interfaces' build argument 'ament_cmake_args' from command line to 'None'
[1.858s] Level 5:colcon.colcon_core.verb:set package 'blackboard_interfaces' build argument 'catkin_cmake_args' from command line to 'None'
[1.858s] Level 5:colcon.colcon_core.verb:set package 'blackboard_interfaces' build argument 'catkin_skip_building_tests' from command line to 'False'
[1.858s] DEBUG:colcon.colcon_core.verb:Building package 'blackboard_interfaces' with the following arguments: {'ament_cmake_args': None, 'build_base': '/home/ubuntu/workspace/build/blackboard_interfaces', 'catkin_cmake_args': None, 'catkin_skip_building_tests': False, 'cmake_args': None, 'cmake_clean_cache': False, 'cmake_clean_first': False, 'cmake_force_configure': False, 'cmake_target': None, 'cmake_target_skip_unavailable': False, 'install_base': '/home/ubuntu/workspace/install/blackboard_interfaces', 'merge_install': False, 'path': '/home/ubuntu/workspace/src/blackboard_interfaces', 'symlink_install': False, 'test_result_base': None}
[1.869s] Level 5:colcon.colcon_core.verb:set package 'sshros' build argument 'cmake_args' from command line to 'None'
[1.869s] Level 5:colcon.colcon_core.verb:set package 'sshros' build argument 'cmake_target' from command line to 'None'
[1.869s] Level 5:colcon.colcon_core.verb:set package 'sshros' build argument 'cmake_target_skip_unavailable' from command line to 'False'
[1.869s] Level 5:colcon.colcon_core.verb:set package 'sshros' build argument 'cmake_clean_cache' from command line to 'False'
[1.869s] Level 5:colcon.colcon_core.verb:set package 'sshros' build argument 'cmake_clean_first' from command line to 'False'
[1.870s] Level 5:colcon.colcon_core.verb:set package 'sshros' build argument 'cmake_force_configure' from command line to 'False'
[1.870s] Level 5:colcon.colcon_core.verb:set package 'sshros' build argument 'ament_cmake_args' from command line to 'None'
[1.870s] Level 5:colcon.colcon_core.verb:set package 'sshros' build argument 'catkin_cmake_args' from command line to 'None'
[1.870s] Level 5:colcon.colcon_core.verb:set package 'sshros' build argument 'catkin_skip_building_tests' from command line to 'False'
[1.870s] DEBUG:colcon.colcon_core.verb:Building package 'sshros' with the following arguments: {'ament_cmake_args': None, 'build_base': '/home/ubuntu/workspace/build/sshros', 'catkin_cmake_args': None, 'catkin_skip_building_tests': False, 'cmake_args': None, 'cmake_clean_cache': False, 'cmake_clean_first': False, 'cmake_force_configure': False, 'cmake_target': None, 'cmake_target_skip_unavailable': False, 'install_base': '/home/ubuntu/workspace/install/sshros', 'merge_install': False, 'path': '/home/ubuntu/workspace/src/sshros', 'symlink_install': False, 'test_result_base': None}
[1.871s] INFO:colcon.colcon_core.executor:Executing jobs using 'parallel' executor
[1.879s] DEBUG:colcon.colcon_parallel_executor.executor.parallel:run_until_complete
[1.880s] INFO:colcon.colcon_ros.task.ament_cmake.build:Building ROS package in '/home/ubuntu/workspace/src/blackboard_interfaces' with build type 'ament_cmake'
[1.881s] INFO:colcon.colcon_cmake.task.cmake.build:Building CMake package in '/home/ubuntu/workspace/src/blackboard_interfaces'
[1.907s] INFO:colcon.colcon_core.plugin_system:Skipping extension 'colcon_core.shell.bat': Not used on non-Windows systems
[1.908s] INFO:colcon.colcon_core.shell:Skip shell extension 'powershell' for command environment: Not usable outside of PowerShell
[1.908s] DEBUG:colcon.colcon_core.shell:Skip shell extension 'dsv' for command environment
[1.927s] DEBUG:colcon.colcon_core.shell:Ignoring prefix path '/opt/ros/foxy'
[1.939s] INFO:colcon.colcon_ros.task.ament_python.build:Building ROS package in '/home/ubuntu/workspace/src/sshros' with build type 'ament_python'
[1.940s] Level 1:colcon.colcon_core.shell:create_environment_hook('sshros', 'ament_prefix_path')
[1.943s] INFO:colcon.colcon_core.shell:Creating environment hook '/home/ubuntu/workspace/install/sshros/share/sshros/hook/ament_prefix_path.ps1'
[1.950s] INFO:colcon.colcon_core.shell:Creating environment descriptor '/home/ubuntu/workspace/install/sshros/share/sshros/hook/ament_prefix_path.dsv'
[1.954s] INFO:colcon.colcon_core.shell:Creating environment hook '/home/ubuntu/workspace/install/sshros/share/sshros/hook/ament_prefix_path.sh'
[1.961s] INFO:colcon.colcon_core.shell:Skip shell extension 'powershell' for command environment: Not usable outside of PowerShell
[1.961s] DEBUG:colcon.colcon_core.shell:Skip shell extension 'dsv' for command environment
[1.968s] DEBUG:colcon.colcon_core.shell:Ignoring prefix path '/opt/ros/foxy'
[2.011s] DEBUG:colcon.colcon_core.event_handler.log_command:Invoking command in '/home/ubuntu/workspace/build/blackboard_interfaces': CMAKE_PREFIX_PATH=/opt/ros/foxy /usr/bin/cmake --build /home/ubuntu/workspace/build/blackboard_interfaces -- -j4 -l4
[3.213s] INFO:colcon.colcon_core.task.python.build:Building Python package in '/home/ubuntu/workspace/src/sshros'
[3.216s] INFO:colcon.colcon_core.shell:Skip shell extension 'powershell' for command environment: Not usable outside of PowerShell
[3.217s] DEBUG:colcon.colcon_core.shell:Skip shell extension 'dsv' for command environment
[3.225s] DEBUG:colcon.colcon_core.shell:Ignoring prefix path '/opt/ros/foxy'
[3.257s] DEBUG:colcon.colcon_core.event_handler.log_command:Invoking command in '/home/ubuntu/workspace/build/sshros': PYTHONPATH=/home/ubuntu/workspace/install/sshros/lib/python3.8/site-packages:${PYTHONPATH} /usr/bin/python3 setup.py develop --prefix /home/ubuntu/workspace/install/sshros --uninstall --editable --build-directory /home/ubuntu/workspace/build/sshros/build
[3.489s] DEBUG:colcon.colcon_core.event_handler.log_command:Invoked command in '/home/ubuntu/workspace/build/blackboard_interfaces' returned '0': CMAKE_PREFIX_PATH=/opt/ros/foxy /usr/bin/cmake --build /home/ubuntu/workspace/build/blackboard_interfaces -- -j4 -l4
[3.818s] DEBUG:colcon.colcon_core.event_handler.log_command:Invoking command in '/home/ubuntu/workspace/build/blackboard_interfaces': CMAKE_PREFIX_PATH=/opt/ros/foxy /usr/bin/cmake --install /home/ubuntu/workspace/build/blackboard_interfaces
[4.269s] Level 1:colcon.colcon_core.environment:create_environment_scripts_only(blackboard_interfaces)
[4.272s] DEBUG:colcon.colcon_core.event_handler.log_command:Invoked command in '/home/ubuntu/workspace/build/blackboard_interfaces' returned '0': CMAKE_PREFIX_PATH=/opt/ros/foxy /usr/bin/cmake --install /home/ubuntu/workspace/build/blackboard_interfaces
[4.299s] Level 1:colcon.colcon_core.environment:checking '/home/ubuntu/workspace/install/blackboard_interfaces' for CMake module files
[4.304s] Level 1:colcon.colcon_core.environment:checking '/home/ubuntu/workspace/install/blackboard_interfaces' for CMake config files
[4.311s] Level 1:colcon.colcon_core.shell:create_environment_hook('blackboard_interfaces', 'cmake_prefix_path')
[4.313s] INFO:colcon.colcon_core.shell:Creating environment hook '/home/ubuntu/workspace/install/blackboard_interfaces/share/blackboard_interfaces/hook/cmake_prefix_path.ps1'
[4.316s] INFO:colcon.colcon_core.shell:Creating environment descriptor '/home/ubuntu/workspace/install/blackboard_interfaces/share/blackboard_interfaces/hook/cmake_prefix_path.dsv'
[4.318s] INFO:colcon.colcon_core.shell:Creating environment hook '/home/ubuntu/workspace/install/blackboard_interfaces/share/blackboard_interfaces/hook/cmake_prefix_path.sh'
[4.322s] Level 1:colcon.colcon_core.environment:checking '/home/ubuntu/workspace/install/blackboard_interfaces/lib'
[4.324s] Level 1:colcon.colcon_core.shell:create_environment_hook('blackboard_interfaces', 'ld_library_path_lib')
[4.326s] INFO:colcon.colcon_core.shell:Creating environment hook '/home/ubuntu/workspace/install/blackboard_interfaces/share/blackboard_interfaces/hook/ld_library_path_lib.ps1'
[4.328s] INFO:colcon.colcon_core.shell:Creating environment descriptor '/home/ubuntu/workspace/install/blackboard_interfaces/share/blackboard_interfaces/hook/ld_library_path_lib.dsv'
[4.330s] INFO:colcon.colcon_core.shell:Creating environment hook '/home/ubuntu/workspace/install/blackboard_interfaces/share/blackboard_interfaces/hook/ld_library_path_lib.sh'
[4.333s] Level 1:colcon.colcon_core.environment:checking '/home/ubuntu/workspace/install/blackboard_interfaces/bin'
[4.333s] Level 1:colcon.colcon_core.environment:checking '/home/ubuntu/workspace/install/blackboard_interfaces/lib/pkgconfig/blackboard_interfaces.pc'
[4.334s] Level 1:colcon.colcon_core.environment:checking '/home/ubuntu/workspace/install/blackboard_interfaces/lib/python3.8/site-packages'
[4.335s] Level 1:colcon.colcon_core.shell:create_environment_hook('blackboard_interfaces', 'pythonpath')
[4.339s] INFO:colcon.colcon_core.shell:Creating environment hook '/home/ubuntu/workspace/install/blackboard_interfaces/share/blackboard_interfaces/hook/pythonpath.ps1'
[4.341s] INFO:colcon.colcon_core.shell:Creating environment descriptor '/home/ubuntu/workspace/install/blackboard_interfaces/share/blackboard_interfaces/hook/pythonpath.dsv'
[4.343s] INFO:colcon.colcon_core.shell:Creating environment hook '/home/ubuntu/workspace/install/blackboard_interfaces/share/blackboard_interfaces/hook/pythonpath.sh'
[4.348s] INFO:colcon.colcon_core.shell:Creating package script '/home/ubuntu/workspace/install/blackboard_interfaces/share/blackboard_interfaces/package.ps1'
[4.354s] INFO:colcon.colcon_core.shell:Creating package descriptor '/home/ubuntu/workspace/install/blackboard_interfaces/share/blackboard_interfaces/package.dsv'
[4.359s] INFO:colcon.colcon_core.shell:Creating package script '/home/ubuntu/workspace/install/blackboard_interfaces/share/blackboard_interfaces/package.sh'
[4.363s] INFO:colcon.colcon_core.shell:Creating package script '/home/ubuntu/workspace/install/blackboard_interfaces/share/blackboard_interfaces/package.bash'
[4.369s] INFO:colcon.colcon_core.shell:Creating package script '/home/ubuntu/workspace/install/blackboard_interfaces/share/blackboard_interfaces/package.zsh'
[4.374s] Level 1:colcon.colcon_core.environment:create_file_with_runtime_dependencies(/home/ubuntu/workspace/install/blackboard_interfaces/share/colcon-core/packages/blackboard_interfaces)
[4.661s] Level 1:colcon.colcon_core.environment:create_environment_scripts_only(blackboard_interfaces)
[4.664s] Level 1:colcon.colcon_core.environment:checking '/home/ubuntu/workspace/install/blackboard_interfaces' for CMake module files
[4.669s] Level 1:colcon.colcon_core.environment:checking '/home/ubuntu/workspace/install/blackboard_interfaces' for CMake config files
[4.672s] Level 1:colcon.colcon_core.shell:create_environment_hook('blackboard_interfaces', 'cmake_prefix_path')
[4.675s] INFO:colcon.colcon_core.shell:Creating environment hook '/home/ubuntu/workspace/install/blackboard_interfaces/share/blackboard_interfaces/hook/cmake_prefix_path.ps1'
[4.677s] INFO:colcon.colcon_core.shell:Creating environment descriptor '/home/ubuntu/workspace/install/blackboard_interfaces/share/blackboard_interfaces/hook/cmake_prefix_path.dsv'
[4.680s] INFO:colcon.colcon_core.shell:Creating environment hook '/home/ubuntu/workspace/install/blackboard_interfaces/share/blackboard_interfaces/hook/cmake_prefix_path.sh'
[4.683s] Level 1:colcon.colcon_core.environment:checking '/home/ubuntu/workspace/install/blackboard_interfaces/lib'
[4.684s] Level 1:colcon.colcon_core.shell:create_environment_hook('blackboard_interfaces', 'ld_library_path_lib')
[4.686s] INFO:colcon.colcon_core.shell:Creating environment hook '/home/ubuntu/workspace/install/blackboard_interfaces/share/blackboard_interfaces/hook/ld_library_path_lib.ps1'
[4.688s] INFO:colcon.colcon_core.shell:Creating environment descriptor '/home/ubuntu/workspace/install/blackboard_interfaces/share/blackboard_interfaces/hook/ld_library_path_lib.dsv'
[4.690s] INFO:colcon.colcon_core.shell:Creating environment hook '/home/ubuntu/workspace/install/blackboard_interfaces/share/blackboard_interfaces/hook/ld_library_path_lib.sh'
[4.692s] Level 1:colcon.colcon_core.environment:checking '/home/ubuntu/workspace/install/blackboard_interfaces/bin'
[4.693s] Level 1:colcon.colcon_core.environment:checking '/home/ubuntu/workspace/install/blackboard_interfaces/lib/pkgconfig/blackboard_interfaces.pc'
[4.693s] Level 1:colcon.colcon_core.environment:checking '/home/ubuntu/workspace/install/blackboard_interfaces/lib/python3.8/site-packages'
[4.693s] Level 1:colcon.colcon_core.shell:create_environment_hook('blackboard_interfaces', 'pythonpath')
[4.696s] INFO:colcon.colcon_core.shell:Creating environment hook '/home/ubuntu/workspace/install/blackboard_interfaces/share/blackboard_interfaces/hook/pythonpath.ps1'
[4.698s] INFO:colcon.colcon_core.shell:Creating environment descriptor '/home/ubuntu/workspace/install/blackboard_interfaces/share/blackboard_interfaces/hook/pythonpath.dsv'
[4.700s] INFO:colcon.colcon_core.shell:Creating environment hook '/home/ubuntu/workspace/install/blackboard_interfaces/share/blackboard_interfaces/hook/pythonpath.sh'
[4.705s] INFO:colcon.colcon_core.shell:Creating package script '/home/ubuntu/workspace/install/blackboard_interfaces/share/blackboard_interfaces/package.ps1'
[4.709s] INFO:colcon.colcon_core.shell:Creating package descriptor '/home/ubuntu/workspace/install/blackboard_interfaces/share/blackboard_interfaces/package.dsv'
[4.712s] INFO:colcon.colcon_core.shell:Creating package script '/home/ubuntu/workspace/install/blackboard_interfaces/share/blackboard_interfaces/package.sh'
[4.715s] INFO:colcon.colcon_core.shell:Creating package script '/home/ubuntu/workspace/install/blackboard_interfaces/share/blackboard_interfaces/package.bash'
[4.718s] INFO:colcon.colcon_core.shell:Creating package script '/home/ubuntu/workspace/install/blackboard_interfaces/share/blackboard_interfaces/package.zsh'
[4.722s] Level 1:colcon.colcon_core.environment:create_file_with_runtime_dependencies(/home/ubuntu/workspace/install/blackboard_interfaces/share/colcon-core/packages/blackboard_interfaces)
[5.140s] DEBUG:colcon.colcon_core.event_handler.log_command:Invoked command in '/home/ubuntu/workspace/build/sshros' returned '0': PYTHONPATH=/home/ubuntu/workspace/install/sshros/lib/python3.8/site-packages:${PYTHONPATH} /usr/bin/python3 setup.py develop --prefix /home/ubuntu/workspace/install/sshros --uninstall --editable --build-directory /home/ubuntu/workspace/build/sshros/build
[5.143s] DEBUG:colcon.colcon_core.event_handler.log_command:Invoking command in '/home/ubuntu/workspace/src/sshros': PYTHONPATH=/home/ubuntu/workspace/install/sshros/lib/python3.8/site-packages:${PYTHONPATH} /usr/bin/python3 setup.py egg_info --egg-base ../../build/sshros build --build-base /home/ubuntu/workspace/build/sshros/build install --prefix /home/ubuntu/workspace/install/sshros --record /home/ubuntu/workspace/build/sshros/install.log --single-version-externally-managed
[6.405s] Level 1:colcon.colcon_core.environment:checking '/home/ubuntu/workspace/install/sshros' for CMake module files
[6.407s] DEBUG:colcon.colcon_core.event_handler.log_command:Invoked command in '/home/ubuntu/workspace/src/sshros' returned '0': PYTHONPATH=/home/ubuntu/workspace/install/sshros/lib/python3.8/site-packages:${PYTHONPATH} /usr/bin/python3 setup.py egg_info --egg-base ../../build/sshros build --build-base /home/ubuntu/workspace/build/sshros/build install --prefix /home/ubuntu/workspace/install/sshros --record /home/ubuntu/workspace/build/sshros/install.log --single-version-externally-managed
[6.409s] Level 1:colcon.colcon_core.environment:checking '/home/ubuntu/workspace/install/sshros' for CMake config files
[6.415s] Level 1:colcon.colcon_core.environment:checking '/home/ubuntu/workspace/install/sshros/lib'
[6.416s] Level 1:colcon.colcon_core.environment:checking '/home/ubuntu/workspace/install/sshros/bin'
[6.416s] Level 1:colcon.colcon_core.environment:checking '/home/ubuntu/workspace/install/sshros/lib/pkgconfig/sshros.pc'
[6.416s] Level 1:colcon.colcon_core.environment:checking '/home/ubuntu/workspace/install/sshros/lib/python3.8/site-packages'
[6.417s] Level 1:colcon.colcon_core.shell:create_environment_hook('sshros', 'pythonpath')
[6.420s] INFO:colcon.colcon_core.shell:Creating environment hook '/home/ubuntu/workspace/install/sshros/share/sshros/hook/pythonpath.ps1'
[6.422s] INFO:colcon.colcon_core.shell:Creating environment descriptor '/home/ubuntu/workspace/install/sshros/share/sshros/hook/pythonpath.dsv'
[6.424s] INFO:colcon.colcon_core.shell:Creating environment hook '/home/ubuntu/workspace/install/sshros/share/sshros/hook/pythonpath.sh'
[6.426s] Level 1:colcon.colcon_core.environment:create_environment_scripts_only(sshros)
[6.428s] INFO:colcon.colcon_core.shell:Creating package script '/home/ubuntu/workspace/install/sshros/share/sshros/package.ps1'
[6.431s] INFO:colcon.colcon_core.shell:Creating package descriptor '/home/ubuntu/workspace/install/sshros/share/sshros/package.dsv'
[6.433s] INFO:colcon.colcon_core.shell:Creating package script '/home/ubuntu/workspace/install/sshros/share/sshros/package.sh'
[6.435s] INFO:colcon.colcon_core.shell:Creating package script '/home/ubuntu/workspace/install/sshros/share/sshros/package.bash'
[6.437s] INFO:colcon.colcon_core.shell:Creating package script '/home/ubuntu/workspace/install/sshros/share/sshros/package.zsh'
[6.439s] Level 1:colcon.colcon_core.environment:create_file_with_runtime_dependencies(/home/ubuntu/workspace/install/sshros/share/colcon-core/packages/sshros)
[6.442s] DEBUG:colcon.colcon_parallel_executor.executor.parallel:closing loop
[6.444s] DEBUG:colcon.colcon_parallel_executor.executor.parallel:loop closed
[6.444s] DEBUG:colcon.colcon_parallel_executor.executor.parallel:run_until_complete finished with '0'
[6.445s] DEBUG:colcon.colcon_core.event_reactor:joining thread
[6.478s] INFO:colcon.colcon_core.plugin_system:Skipping extension 'colcon_notification.desktop_notification.terminal_notifier': Not used on non-Darwin systems
[6.478s] INFO:colcon.colcon_core.plugin_system:Skipping extension 'colcon_notification.desktop_notification.win32': Not used on non-Windows systems
[6.479s] INFO:colcon.colcon_notification.desktop_notification:Sending desktop notification using 'notify2'
[6.573s] DEBUG:colcon.colcon_core.event_reactor:joined thread
[6.576s] INFO:colcon.colcon_core.shell:Creating prefix script '/home/ubuntu/workspace/install/local_setup.ps1'
[6.582s] INFO:colcon.colcon_core.shell:Creating prefix util module '/home/ubuntu/workspace/install/_local_setup_util_ps1.py'
[6.604s] INFO:colcon.colcon_core.shell:Creating prefix chain script '/home/ubuntu/workspace/install/setup.ps1'
[6.629s] INFO:colcon.colcon_core.shell:Creating prefix script '/home/ubuntu/workspace/install/local_setup.sh'
[6.638s] INFO:colcon.colcon_core.shell:Creating prefix util module '/home/ubuntu/workspace/install/_local_setup_util_sh.py'
[6.641s] INFO:colcon.colcon_core.shell:Creating prefix chain script '/home/ubuntu/workspace/install/setup.sh'
[6.654s] INFO:colcon.colcon_core.shell:Creating prefix script '/home/ubuntu/workspace/install/local_setup.bash'
[6.658s] INFO:colcon.colcon_core.shell:Creating prefix chain script '/home/ubuntu/workspace/install/setup.bash'
[6.670s] INFO:colcon.colcon_core.shell:Creating prefix script '/home/ubuntu/workspace/install/local_setup.zsh'
[6.674s] INFO:colcon.colcon_core.shell:Creating prefix chain script '/home/ubuntu/workspace/install/setup.zsh'
