[0.106s] Invoking command in '/home/ubuntu/workspace/build/blackboard_interfaces': CMAKE_PREFIX_PATH=${CMAKE_PREFIX_PATH}:/home/ubuntu/workspace/install/sshros:/opt/ros/foxy /usr/bin/cmake --build /home/ubuntu/workspace/build/blackboard_interfaces -- -j4 -l4
[0.236s] -- Found ament_cmake: 0.9.8 (/opt/ros/foxy/share/ament_cmake/cmake)
[0.375s] -- Found PythonInterp: /usr/bin/python3 (found suitable version "3.8.5", minimum required is "3") 
[0.375s] -- Using PYTHON_EXECUTABLE: /usr/bin/python3
[1.271s] -- Override CMake install command with custom implementation using symlinks instead of copying resources
[1.308s] -- Found geometry_msgs: 2.0.4 (/opt/ros/foxy/share/geometry_msgs/cmake)
[1.438s] -- Using all available rosidl_typesupport_c: rosidl_typesupport_fastrtps_c;rosidl_typesupport_introspection_c
[1.456s] -- Found rosidl_adapter: 1.2.1 (/opt/ros/foxy/share/rosidl_adapter/cmake)
[2.121s] -- Using all available rosidl_typesupport_cpp: rosidl_typesupport_fastrtps_cpp;rosidl_typesupport_introspection_cpp
[2.492s] -- Found rosidl_default_generators: 1.0.1 (/opt/ros/foxy/share/rosidl_default_generators/cmake)
[2.677s] -- Found PythonInterp: /usr/bin/python3 (found version "3.8.5") 
[3.603s] CMake Error at /opt/ros/foxy/share/rosidl_adapter/cmake/rosidl_adapt_interfaces.cmake:60 (message):
[3.604s]   execute_process(/usr/bin/python3 -m rosidl_adapter --package-name
[3.604s]   blackboard_interfaces --arguments-file
[3.605s]   /home/ubuntu/workspace/build/blackboard_interfaces/rosidl_adapter__arguments__blackboard_interfaces.json
[3.605s]   --output-dir
[3.605s]   /home/ubuntu/workspace/build/blackboard_interfaces/rosidl_adapter/blackboard_interfaces
[3.606s]   --output-file
[3.606s]   /home/ubuntu/workspace/build/blackboard_interfaces/rosidl_adapter/blackboard_interfaces.idls)
[3.606s]   returned error code 1:
[3.606s] 
[3.607s]   Error processing 'int16 taskType' of 'blackboard_interfaces/TaskMsg':
[3.607s]   ''taskType' is an invalid field name.  It should have the pattern
[3.607s]   '^(?!.*__)(?!.*_$)[a-z][a-z0-9_]*$''
[3.608s] 
[3.608s]   Traceback (most recent call last):
[3.608s] 
[3.609s]     File "/usr/lib/python3.8/runpy.py", line 194, in _run_module_as_main
[3.609s]       return _run_code(code, main_globals, None,
[3.609s]     File "/usr/lib/python3.8/runpy.py", line 87, in _run_code
[3.609s]       exec(code, run_globals)
[3.610s]     File "/opt/ros/foxy/lib/python3.8/site-packages/rosidl_adapter/__main__.py", line 19, in <module>
[3.610s]       sys.exit(main())
[3.610s]     File "/opt/ros/foxy/lib/python3.8/site-packages/rosidl_adapter/main.py", line 53, in main
[3.611s]       abs_idl_file = convert_to_idl(
[3.611s]     File "/opt/ros/foxy/lib/python3.8/site-packages/rosidl_adapter/__init__.py", line 19, in convert_to_idl
[3.611s]       return convert_msg_to_idl(
[3.611s]     File "/opt/ros/foxy/lib/python3.8/site-packages/rosidl_adapter/msg/__init__.py", line 28, in convert_msg_to_idl
[3.612s]       msg = parse_message_string(package_name, input_file.stem, content)
[3.612s]     File "/opt/ros/foxy/lib/python3.8/site-packages/rosidl_adapter/parser.py", line 515, in parse_message_string
[3.612s]       fields.append(Field(
[3.613s]     File "/opt/ros/foxy/lib/python3.8/site-packages/rosidl_adapter/parser.py", line 353, in __init__
[3.613s]       raise NameError(
[3.613s] 
[3.613s]   NameError: 'taskType' is an invalid field name.  It should have the pattern
[3.614s]   '^(?!.*__)(?!.*_$)[a-z][a-z0-9_]*$'
[3.614s] 
[3.614s] Call Stack (most recent call first):
[3.615s]   /opt/ros/foxy/share/rosidl_cmake/cmake/rosidl_generate_interfaces.cmake:130 (rosidl_adapt_interfaces)
[3.615s]   CMakeLists.txt:23 (rosidl_generate_interfaces)
[3.615s] 
[3.615s] 
[3.616s] -- Configuring incomplete, errors occurred!
[3.617s] See also "/home/ubuntu/workspace/build/blackboard_interfaces/CMakeFiles/CMakeOutput.log".
[3.634s] make: *** [Makefile:222: cmake_check_build_system] Error 1
[3.641s] Invoked command in '/home/ubuntu/workspace/build/blackboard_interfaces' returned '2': CMAKE_PREFIX_PATH=${CMAKE_PREFIX_PATH}:/home/ubuntu/workspace/install/sshros:/opt/ros/foxy /usr/bin/cmake --build /home/ubuntu/workspace/build/blackboard_interfaces -- -j4 -l4
