running egg_info
writing ../../build/sshros/sshros.egg-info/PKG-INFO
writing dependency_links to ../../build/sshros/sshros.egg-info/dependency_links.txt
writing entry points to ../../build/sshros/sshros.egg-info/entry_points.txt
writing requirements to ../../build/sshros/sshros.egg-info/requires.txt
writing top-level names to ../../build/sshros/sshros.egg-info/top_level.txt
reading manifest file '../../build/sshros/sshros.egg-info/SOURCES.txt'
writing manifest file '../../build/sshros/sshros.egg-info/SOURCES.txt'
running build
running build_py
copying sshros/test.py -> /home/ubuntu/workspace/build/sshros/build/lib/sshros
running install
running install_lib
copying /home/ubuntu/workspace/build/sshros/build/lib/sshros/test.py -> /home/ubuntu/workspace/install/sshros/lib/python3.8/site-packages/sshros
byte-compiling /home/ubuntu/workspace/install/sshros/lib/python3.8/site-packages/sshros/test.py to test.cpython-38.pyc
running install_data
running install_egg_info
removing '/home/ubuntu/workspace/install/sshros/lib/python3.8/site-packages/sshros-0.0.0-py3.8.egg-info' (and everything under it)
Copying ../../build/sshros/sshros.egg-info to /home/ubuntu/workspace/install/sshros/lib/python3.8/site-packages/sshros-0.0.0-py3.8.egg-info
running install_scripts
writing list of installed files to '/home/ubuntu/workspace/build/sshros/install.log'
