[1.018s] Invoking command in '/home/ubuntu/workspace/src/sshros': PYTHONPATH=/home/ubuntu/workspace/install/sshros/lib/python3.8/site-packages:${PYTHONPATH} /usr/bin/python3 setup.py egg_info --egg-base ../../build/sshros build --build-base /home/ubuntu/workspace/build/sshros/build install --prefix /home/ubuntu/workspace/install/sshros --record /home/ubuntu/workspace/build/sshros/install.log --single-version-externally-managed
[1.891s] running egg_info
[1.893s] writing ../../build/sshros/sshros.egg-info/PKG-INFO
[1.895s] writing dependency_links to ../../build/sshros/sshros.egg-info/dependency_links.txt
[1.896s] writing entry points to ../../build/sshros/sshros.egg-info/entry_points.txt
[1.896s] writing requirements to ../../build/sshros/sshros.egg-info/requires.txt
[1.897s] writing top-level names to ../../build/sshros/sshros.egg-info/top_level.txt
[2.084s] reading manifest file '../../build/sshros/sshros.egg-info/SOURCES.txt'
[2.088s] writing manifest file '../../build/sshros/sshros.egg-info/SOURCES.txt'
[2.088s] running build
[2.089s] running build_py
[2.091s] copying sshros/test.py -> /home/ubuntu/workspace/build/sshros/build/lib/sshros
[2.092s] running install
[2.096s] running install_lib
[2.102s] copying /home/ubuntu/workspace/build/sshros/build/lib/sshros/test.py -> /home/ubuntu/workspace/install/sshros/lib/python3.8/site-packages/sshros
[2.107s] byte-compiling /home/ubuntu/workspace/install/sshros/lib/python3.8/site-packages/sshros/test.py to test.cpython-38.pyc
[2.113s] running install_data
[2.117s] running install_egg_info
[2.125s] removing '/home/ubuntu/workspace/install/sshros/lib/python3.8/site-packages/sshros-0.0.0-py3.8.egg-info' (and everything under it)
[2.127s] Copying ../../build/sshros/sshros.egg-info to /home/ubuntu/workspace/install/sshros/lib/python3.8/site-packages/sshros-0.0.0-py3.8.egg-info
[2.133s] running install_scripts
[2.216s] writing list of installed files to '/home/ubuntu/workspace/build/sshros/install.log'
[2.319s] Invoked command in '/home/ubuntu/workspace/src/sshros' returned '0': PYTHONPATH=/home/ubuntu/workspace/install/sshros/lib/python3.8/site-packages:${PYTHONPATH} /usr/bin/python3 setup.py egg_info --egg-base ../../build/sshros build --build-base /home/ubuntu/workspace/build/sshros/build install --prefix /home/ubuntu/workspace/install/sshros --record /home/ubuntu/workspace/build/sshros/install.log --single-version-externally-managed
