[0.109s] Invoking command in '/home/ubuntu/workspace/build/blackboard_interfaces': CMAKE_PREFIX_PATH=${CMAKE_PREFIX_PATH}:/home/ubuntu/workspace/install/sshros:/opt/ros/foxy /usr/bin/cmake --build /home/ubuntu/workspace/build/blackboard_interfaces -- -j4 -l4
[0.241s] -- Found ament_cmake: 0.9.8 (/opt/ros/foxy/share/ament_cmake/cmake)
[0.380s] -- Using PYTHON_EXECUTABLE: /usr/bin/python3
[1.277s] -- Override CMake install command with custom implementation using symlinks instead of copying resources
[1.326s] -- Found geometry_msgs: 2.0.4 (/opt/ros/foxy/share/geometry_msgs/cmake)
[1.510s] -- Using all available rosidl_typesupport_c: rosidl_typesupport_fastrtps_c;rosidl_typesupport_introspection_c
[1.527s] -- Found rosidl_adapter: 1.2.1 (/opt/ros/foxy/share/rosidl_adapter/cmake)
[2.203s] -- Using all available rosidl_typesupport_cpp: rosidl_typesupport_fastrtps_cpp;rosidl_typesupport_introspection_cpp
[2.618s] -- Found rosidl_default_generators: 1.0.1 (/opt/ros/foxy/share/rosidl_default_generators/cmake)
[2.800s] -- Found PythonInterp: /usr/bin/python3 (found version "3.8.5") 
[3.713s] CMake Error at /opt/ros/foxy/share/rosidl_adapter/cmake/rosidl_adapt_interfaces.cmake:60 (message):
[3.713s]   execute_process(/usr/bin/python3 -m rosidl_adapter --package-name
[3.714s]   blackboard_interfaces --arguments-file
[3.714s]   /home/ubuntu/workspace/build/blackboard_interfaces/rosidl_adapter__arguments__blackboard_interfaces.json
[3.714s]   --output-dir
[3.715s]   /home/ubuntu/workspace/build/blackboard_interfaces/rosidl_adapter/blackboard_interfaces
[3.715s]   --output-file
[3.715s]   /home/ubuntu/workspace/build/blackboard_interfaces/rosidl_adapter/blackboard_interfaces.idls)
[3.716s]   returned error code 1:
[3.716s] 
[3.716s]   Error processing 'int16 taskId' of 'blackboard_interfaces/TaskMsg':
[3.716s]   ''taskId' is an invalid field name.  It should have the pattern
[3.717s]   '^(?!.*__)(?!.*_$)[a-z][a-z0-9_]*$''
[3.717s] 
[3.717s]   Traceback (most recent call last):
[3.718s] 
[3.718s]     File "/usr/lib/python3.8/runpy.py", line 194, in _run_module_as_main
[3.718s]       return _run_code(code, main_globals, None,
[3.719s]     File "/usr/lib/python3.8/runpy.py", line 87, in _run_code
[3.719s]       exec(code, run_globals)
[3.719s]     File "/opt/ros/foxy/lib/python3.8/site-packages/rosidl_adapter/__main__.py", line 19, in <module>
[3.719s]       sys.exit(main())
[3.720s]     File "/opt/ros/foxy/lib/python3.8/site-packages/rosidl_adapter/main.py", line 53, in main
[3.720s]       abs_idl_file = convert_to_idl(
[3.721s]     File "/opt/ros/foxy/lib/python3.8/site-packages/rosidl_adapter/__init__.py", line 19, in convert_to_idl
[3.721s]       return convert_msg_to_idl(
[3.722s]     File "/opt/ros/foxy/lib/python3.8/site-packages/rosidl_adapter/msg/__init__.py", line 28, in convert_msg_to_idl
[3.722s]       msg = parse_message_string(package_name, input_file.stem, content)
[3.723s]     File "/opt/ros/foxy/lib/python3.8/site-packages/rosidl_adapter/parser.py", line 515, in parse_message_string
[3.723s]       fields.append(Field(
[3.724s]     File "/opt/ros/foxy/lib/python3.8/site-packages/rosidl_adapter/parser.py", line 353, in __init__
[3.724s]       raise NameError(
[3.725s] 
[3.725s]   NameError: 'taskId' is an invalid field name.  It should have the pattern
[3.726s]   '^(?!.*__)(?!.*_$)[a-z][a-z0-9_]*$'
[3.726s] 
[3.727s] Call Stack (most recent call first):
[3.727s]   /opt/ros/foxy/share/rosidl_cmake/cmake/rosidl_generate_interfaces.cmake:130 (rosidl_adapt_interfaces)
[3.727s]   CMakeLists.txt:23 (rosidl_generate_interfaces)
[3.728s] 
[3.729s] 
[3.729s] -- Configuring incomplete, errors occurred!
[3.730s] See also "/home/ubuntu/workspace/build/blackboard_interfaces/CMakeFiles/CMakeOutput.log".
[3.742s] make: *** [Makefile:222: cmake_check_build_system] Error 1
[3.748s] Invoked command in '/home/ubuntu/workspace/build/blackboard_interfaces' returned '2': CMAKE_PREFIX_PATH=${CMAKE_PREFIX_PATH}:/home/ubuntu/workspace/install/sshros:/opt/ros/foxy /usr/bin/cmake --build /home/ubuntu/workspace/build/blackboard_interfaces -- -j4 -l4
