[0.101s] Invoking command in '/home/ubuntu/workspace/build/blackboard_interfaces': CMAKE_PREFIX_PATH=/home/ubuntu/workspace/install/sshros:/opt/ros/foxy /usr/bin/cmake /home/ubuntu/workspace/src/blackboard_interfaces -DAMENT_CMAKE_SYMLINK_INSTALL=1 -DCMAKE_INSTALL_PREFIX=/home/ubuntu/workspace/install/blackboard_interfaces
[1.243s] -- The C compiler identification is GNU 9.3.0
[2.023s] -- The CXX compiler identification is GNU 9.3.0
[2.059s] -- Check for working C compiler: /usr/bin/cc
[2.403s] -- Check for working C compiler: /usr/bin/cc -- works
[2.410s] -- Detecting C compiler ABI info
[2.736s] -- Detecting C compiler ABI info - done
[2.783s] -- Detecting C compile features
[2.785s] -- Detecting C compile features - done
[2.799s] -- Check for working CXX compiler: /usr/bin/c++
[3.155s] -- Check for working CXX compiler: /usr/bin/c++ -- works
[3.160s] -- Detecting CXX compiler ABI info
[3.551s] -- Detecting CXX compiler ABI info - done
[3.595s] -- Detecting CXX compile features
[3.597s] -- Detecting CXX compile features - done
[3.625s] -- Found ament_cmake: 0.9.8 (/opt/ros/foxy/share/ament_cmake/cmake)
[3.791s] -- Found PythonInterp: /usr/bin/python3 (found suitable version "3.8.5", minimum required is "3") 
[3.792s] -- Using PYTHON_EXECUTABLE: /usr/bin/python3
[4.559s] -- Override CMake install command with custom implementation using symlinks instead of copying resources
[4.789s] -- Found rosidl_default_generators: 1.0.1 (/opt/ros/foxy/share/rosidl_default_generators/cmake)
[4.860s] -- Using all available rosidl_typesupport_c: rosidl_typesupport_fastrtps_c;rosidl_typesupport_introspection_c
[4.924s] -- Found rosidl_adapter: 1.2.1 (/opt/ros/foxy/share/rosidl_adapter/cmake)
[5.509s] -- Found OpenSSL: /usr/lib/aarch64-linux-gnu/libcrypto.so (found version "1.1.1f")  
[5.662s] -- Found FastRTPS: /opt/ros/foxy/include  
[6.131s] -- Using all available rosidl_typesupport_cpp: rosidl_typesupport_fastrtps_cpp;rosidl_typesupport_introspection_cpp
[6.288s] CMake Error at /opt/ros/foxy/share/rosidl_cmake/cmake/rosidl_generate_interfaces.cmake:93 (message):
[6.289s]   rosidl_generate_interfaces() the passed file 'blackboard_interfaces'
[6.289s]   doesn't exist relative to the CMAKE_CURRENT_SOURCE_DIR
[6.290s]   '/home/ubuntu/workspace/src/blackboard_interfaces'
[6.290s] Call Stack (most recent call first):
[6.290s]   CMakeLists.txt:22 (rosidl_generate_interfaces)
[6.290s] 
[6.291s] 
[6.301s] -- Configuring incomplete, errors occurred!
[6.301s] See also "/home/ubuntu/workspace/build/blackboard_interfaces/CMakeFiles/CMakeOutput.log".
[6.317s] Invoked command in '/home/ubuntu/workspace/build/blackboard_interfaces' returned '1': CMAKE_PREFIX_PATH=/home/ubuntu/workspace/install/sshros:/opt/ros/foxy /usr/bin/cmake /home/ubuntu/workspace/src/blackboard_interfaces -DAMENT_CMAKE_SYMLINK_INSTALL=1 -DCMAKE_INSTALL_PREFIX=/home/ubuntu/workspace/install/blackboard_interfaces
