[1.215s] DEBUG:colcon:Command line arguments: ['/usr/bin/colcon', 'build', '--symlink-install']
[1.216s] DEBUG:colcon:Parsed command line arguments: Namespace(ament_cmake_args=None, base_paths=['.'], build_base='build', catkin_cmake_args=None, catkin_skip_building_tests=False, cmake_args=None, cmake_clean_cache=False, cmake_clean_first=False, cmake_force_configure=False, cmake_target=None, cmake_target_skip_unavailable=False, continue_on_error=False, event_handlers=None, executor='parallel', ignore_user_meta=False, install_base='install', log_base=None, log_level=None, main=<bound method BuildVerb.main of <colcon_core.verb.build.BuildVerb object at 0xffffb51a6700>>, merge_install=False, metas=['./colcon.meta'], packages_above=None, packages_above_and_dependencies=None, packages_above_depth=None, packages_end=None, packages_ignore=None, packages_ignore_regex=None, packages_select=None, packages_select_build_failed=False, packages_select_by_dep=None, packages_select_regex=None, packages_select_test_failures=False, packages_skip=None, packages_skip_build_finished=False, packages_skip_by_dep=None, packages_skip_regex=None, packages_skip_test_passed=False, packages_skip_up_to=None, packages_start=None, packages_up_to=None, packages_up_to_regex=None, parallel_workers=4, paths=None, symlink_install=True, test_result_base=None, verb_extension=<colcon_core.verb.build.BuildVerb object at 0xffffb51a6700>, verb_name='build', verb_parser=<colcon_defaults.argument_parser.defaults.DefaultArgumentsDecorator object at 0xffffb51a6c40>)
[1.238s] Level 1:colcon.colcon_core.package_discovery:discover_packages(colcon_meta) check parameters
[1.238s] Level 1:colcon.colcon_core.package_discovery:discover_packages(recursive) check parameters
[1.238s] Level 1:colcon.colcon_core.package_discovery:discover_packages(ignore) check parameters
[1.238s] Level 1:colcon.colcon_core.package_discovery:discover_packages(path) check parameters
[1.239s] Level 1:colcon.colcon_core.package_discovery:discover_packages(colcon_meta) discover
[1.239s] Level 1:colcon.colcon_core.package_discovery:discover_packages(recursive) discover
[1.239s] INFO:colcon.colcon_core.package_discovery:Crawling recursively for packages in '/home/ubuntu/workspace'
[1.240s] Level 1:colcon.colcon_core.package_identification:_identify(.) by extensions ['ignore', 'ignore_ament_install']
[1.240s] Level 1:colcon.colcon_core.package_identification:_identify(.) by extension 'ignore'
[1.240s] Level 1:colcon.colcon_core.package_identification:_identify(.) by extension 'ignore_ament_install'
[1.240s] Level 1:colcon.colcon_core.package_identification:_identify(.) by extensions ['colcon_pkg']
[1.241s] Level 1:colcon.colcon_core.package_identification:_identify(.) by extension 'colcon_pkg'
[1.241s] Level 1:colcon.colcon_core.package_identification:_identify(.) by extensions ['colcon_meta']
[1.241s] Level 1:colcon.colcon_core.package_identification:_identify(.) by extension 'colcon_meta'
[1.241s] Level 1:colcon.colcon_core.package_identification:_identify(.) by extensions ['ros']
[1.241s] Level 1:colcon.colcon_core.package_identification:_identify(.) by extension 'ros'
[1.286s] Level 1:colcon.colcon_core.package_identification:_identify(.) by extensions ['cmake', 'python']
[1.287s] Level 1:colcon.colcon_core.package_identification:_identify(.) by extension 'cmake'
[1.287s] Level 1:colcon.colcon_core.package_identification:_identify(.) by extension 'python'
[1.287s] Level 1:colcon.colcon_core.package_identification:_identify(.) by extensions ['python_setup_py']
[1.287s] Level 1:colcon.colcon_core.package_identification:_identify(.) by extension 'python_setup_py'
[1.288s] Level 1:colcon.colcon_core.package_identification:_identify(build) by extensions ['ignore', 'ignore_ament_install']
[1.288s] Level 1:colcon.colcon_core.package_identification:_identify(build) by extension 'ignore'
[1.288s] Level 1:colcon.colcon_core.package_identification:_identify(build) ignored
[1.289s] Level 1:colcon.colcon_core.package_identification:_identify(install) by extensions ['ignore', 'ignore_ament_install']
[1.289s] Level 1:colcon.colcon_core.package_identification:_identify(install) by extension 'ignore'
[1.290s] Level 1:colcon.colcon_core.package_identification:_identify(install) ignored
[1.290s] Level 1:colcon.colcon_core.package_identification:_identify(log) by extensions ['ignore', 'ignore_ament_install']
[1.290s] Level 1:colcon.colcon_core.package_identification:_identify(log) by extension 'ignore'
[1.291s] Level 1:colcon.colcon_core.package_identification:_identify(log) ignored
[1.291s] Level 1:colcon.colcon_core.package_identification:_identify(src) by extensions ['ignore', 'ignore_ament_install']
[1.291s] Level 1:colcon.colcon_core.package_identification:_identify(src) by extension 'ignore'
[1.292s] Level 1:colcon.colcon_core.package_identification:_identify(src) by extension 'ignore_ament_install'
[1.292s] Level 1:colcon.colcon_core.package_identification:_identify(src) by extensions ['colcon_pkg']
[1.292s] Level 1:colcon.colcon_core.package_identification:_identify(src) by extension 'colcon_pkg'
[1.292s] Level 1:colcon.colcon_core.package_identification:_identify(src) by extensions ['colcon_meta']
[1.292s] Level 1:colcon.colcon_core.package_identification:_identify(src) by extension 'colcon_meta'
[1.292s] Level 1:colcon.colcon_core.package_identification:_identify(src) by extensions ['ros']
[1.293s] Level 1:colcon.colcon_core.package_identification:_identify(src) by extension 'ros'
[1.293s] Level 1:colcon.colcon_core.package_identification:_identify(src) by extensions ['cmake', 'python']
[1.293s] Level 1:colcon.colcon_core.package_identification:_identify(src) by extension 'cmake'
[1.293s] Level 1:colcon.colcon_core.package_identification:_identify(src) by extension 'python'
[1.293s] Level 1:colcon.colcon_core.package_identification:_identify(src) by extensions ['python_setup_py']
[1.294s] Level 1:colcon.colcon_core.package_identification:_identify(src) by extension 'python_setup_py'
[1.294s] Level 1:colcon.colcon_core.package_identification:_identify(src/msg) by extensions ['ignore', 'ignore_ament_install']
[1.294s] Level 1:colcon.colcon_core.package_identification:_identify(src/msg) by extension 'ignore'
[1.294s] Level 1:colcon.colcon_core.package_identification:_identify(src/msg) by extension 'ignore_ament_install'
[1.295s] Level 1:colcon.colcon_core.package_identification:_identify(src/msg) by extensions ['colcon_pkg']
[1.295s] Level 1:colcon.colcon_core.package_identification:_identify(src/msg) by extension 'colcon_pkg'
[1.295s] Level 1:colcon.colcon_core.package_identification:_identify(src/msg) by extensions ['colcon_meta']
[1.295s] Level 1:colcon.colcon_core.package_identification:_identify(src/msg) by extension 'colcon_meta'
[1.295s] Level 1:colcon.colcon_core.package_identification:_identify(src/msg) by extensions ['ros']
[1.296s] Level 1:colcon.colcon_core.package_identification:_identify(src/msg) by extension 'ros'
[1.296s] Level 1:colcon.colcon_core.package_identification:_identify(src/msg) by extensions ['cmake', 'python']
[1.296s] Level 1:colcon.colcon_core.package_identification:_identify(src/msg) by extension 'cmake'
[1.296s] Level 1:colcon.colcon_core.package_identification:_identify(src/msg) by extension 'python'
[1.296s] Level 1:colcon.colcon_core.package_identification:_identify(src/msg) by extensions ['python_setup_py']
[1.297s] Level 1:colcon.colcon_core.package_identification:_identify(src/msg) by extension 'python_setup_py'
[1.297s] Level 1:colcon.colcon_core.package_identification:_identify(src/sshros) by extensions ['ignore', 'ignore_ament_install']
[1.297s] Level 1:colcon.colcon_core.package_identification:_identify(src/sshros) by extension 'ignore'
[1.298s] Level 1:colcon.colcon_core.package_identification:_identify(src/sshros) by extension 'ignore_ament_install'
[1.298s] Level 1:colcon.colcon_core.package_identification:_identify(src/sshros) by extensions ['colcon_pkg']
[1.298s] Level 1:colcon.colcon_core.package_identification:_identify(src/sshros) by extension 'colcon_pkg'
[1.298s] Level 1:colcon.colcon_core.package_identification:_identify(src/sshros) by extensions ['colcon_meta']
[1.298s] Level 1:colcon.colcon_core.package_identification:_identify(src/sshros) by extension 'colcon_meta'
[1.298s] Level 1:colcon.colcon_core.package_identification:_identify(src/sshros) by extensions ['ros']
[1.299s] Level 1:colcon.colcon_core.package_identification:_identify(src/sshros) by extension 'ros'
[1.308s] DEBUG:colcon.colcon_core.package_identification:Package 'src/sshros' with type 'ros.ament_python' and name 'sshros'
[1.308s] Level 1:colcon.colcon_core.package_discovery:discover_packages(recursive) using defaults
[1.308s] Level 1:colcon.colcon_core.package_discovery:discover_packages(ignore) discover
[1.308s] Level 1:colcon.colcon_core.package_discovery:discover_packages(ignore) using defaults
[1.309s] Level 1:colcon.colcon_core.package_discovery:discover_packages(path) discover
[1.309s] Level 1:colcon.colcon_core.package_discovery:discover_packages(path) using defaults
[1.389s] Level 5:colcon.colcon_core.verb:set package 'sshros' build argument 'cmake_args' from command line to 'None'
[1.390s] Level 5:colcon.colcon_core.verb:set package 'sshros' build argument 'cmake_target' from command line to 'None'
[1.390s] Level 5:colcon.colcon_core.verb:set package 'sshros' build argument 'cmake_target_skip_unavailable' from command line to 'False'
[1.390s] Level 5:colcon.colcon_core.verb:set package 'sshros' build argument 'cmake_clean_cache' from command line to 'False'
[1.390s] Level 5:colcon.colcon_core.verb:set package 'sshros' build argument 'cmake_clean_first' from command line to 'False'
[1.390s] Level 5:colcon.colcon_core.verb:set package 'sshros' build argument 'cmake_force_configure' from command line to 'False'
[1.390s] Level 5:colcon.colcon_core.verb:set package 'sshros' build argument 'ament_cmake_args' from command line to 'None'
[1.390s] Level 5:colcon.colcon_core.verb:set package 'sshros' build argument 'catkin_cmake_args' from command line to 'None'
[1.391s] Level 5:colcon.colcon_core.verb:set package 'sshros' build argument 'catkin_skip_building_tests' from command line to 'False'
[1.391s] DEBUG:colcon.colcon_core.verb:Building package 'sshros' with the following arguments: {'ament_cmake_args': None, 'build_base': '/home/ubuntu/workspace/build/sshros', 'catkin_cmake_args': None, 'catkin_skip_building_tests': False, 'cmake_args': None, 'cmake_clean_cache': False, 'cmake_clean_first': False, 'cmake_force_configure': False, 'cmake_target': None, 'cmake_target_skip_unavailable': False, 'install_base': '/home/ubuntu/workspace/install/sshros', 'merge_install': False, 'path': '/home/ubuntu/workspace/src/sshros', 'symlink_install': True, 'test_result_base': None}
[1.392s] INFO:colcon.colcon_core.executor:Executing jobs using 'parallel' executor
[1.400s] DEBUG:colcon.colcon_parallel_executor.executor.parallel:run_until_complete
[1.401s] INFO:colcon.colcon_ros.task.ament_python.build:Building ROS package in '/home/ubuntu/workspace/src/sshros' with build type 'ament_python'
[1.401s] Level 1:colcon.colcon_core.shell:create_environment_hook('sshros', 'ament_prefix_path')
[1.418s] INFO:colcon.colcon_core.plugin_system:Skipping extension 'colcon_core.shell.bat': Not used on non-Windows systems
[1.419s] INFO:colcon.colcon_core.shell:Creating environment hook '/home/ubuntu/workspace/install/sshros/share/sshros/hook/ament_prefix_path.ps1'
[1.422s] INFO:colcon.colcon_core.shell:Creating environment descriptor '/home/ubuntu/workspace/install/sshros/share/sshros/hook/ament_prefix_path.dsv'
[1.424s] INFO:colcon.colcon_core.shell:Creating environment hook '/home/ubuntu/workspace/install/sshros/share/sshros/hook/ament_prefix_path.sh'
[1.429s] INFO:colcon.colcon_core.shell:Skip shell extension 'powershell' for command environment: Not usable outside of PowerShell
[1.430s] DEBUG:colcon.colcon_core.shell:Skip shell extension 'dsv' for command environment
[1.446s] DEBUG:colcon.colcon_core.shell:Ignoring prefix path '/opt/ros/foxy'
[2.391s] INFO:colcon.colcon_core.task.python.build:Building Python package in '/home/ubuntu/workspace/src/sshros'
[2.394s] INFO:colcon.colcon_core.shell:Skip shell extension 'powershell' for command environment: Not usable outside of PowerShell
[2.394s] DEBUG:colcon.colcon_core.shell:Skip shell extension 'dsv' for command environment
[2.403s] DEBUG:colcon.colcon_core.shell:Ignoring prefix path '/opt/ros/foxy'
[2.432s] DEBUG:colcon.colcon_core.event_handler.log_command:Invoking command in '/home/ubuntu/workspace/build/sshros': PYTHONPATH=/home/ubuntu/workspace/install/sshros/lib/python3.8/site-packages:${PYTHONPATH} /usr/bin/python3 setup.py develop --prefix /home/ubuntu/workspace/install/sshros --editable --build-directory /home/ubuntu/workspace/build/sshros/build --no-deps install_data --install-dir /home/ubuntu/workspace/install/sshros
[4.177s] Level 1:colcon.colcon_core.shell:create_environment_hook('sshros', 'pythonpath_develop')
[4.180s] INFO:colcon.colcon_core.shell:Creating environment hook '/home/ubuntu/workspace/build/sshros/share/sshros/hook/pythonpath_develop.ps1'
[4.182s] DEBUG:colcon.colcon_core.event_handler.log_command:Invoked command in '/home/ubuntu/workspace/build/sshros' returned '0': PYTHONPATH=/home/ubuntu/workspace/install/sshros/lib/python3.8/site-packages:${PYTHONPATH} /usr/bin/python3 setup.py develop --prefix /home/ubuntu/workspace/install/sshros --editable --build-directory /home/ubuntu/workspace/build/sshros/build --no-deps install_data --install-dir /home/ubuntu/workspace/install/sshros
[4.184s] INFO:colcon.colcon_core.shell:Creating environment descriptor '/home/ubuntu/workspace/build/sshros/share/sshros/hook/pythonpath_develop.dsv'
[4.185s] INFO:colcon.colcon_core.shell:Creating environment hook '/home/ubuntu/workspace/build/sshros/share/sshros/hook/pythonpath_develop.sh'
[4.200s] Level 1:colcon.colcon_core.environment:checking '/home/ubuntu/workspace/install/sshros' for CMake module files
[4.203s] Level 1:colcon.colcon_core.environment:checking '/home/ubuntu/workspace/install/sshros' for CMake config files
[4.206s] Level 1:colcon.colcon_core.environment:checking '/home/ubuntu/workspace/install/sshros/lib'
[4.207s] Level 1:colcon.colcon_core.environment:checking '/home/ubuntu/workspace/install/sshros/bin'
[4.207s] Level 1:colcon.colcon_core.environment:checking '/home/ubuntu/workspace/install/sshros/lib/pkgconfig/sshros.pc'
[4.208s] Level 1:colcon.colcon_core.environment:checking '/home/ubuntu/workspace/install/sshros/lib/python3.8/site-packages'
[4.208s] Level 1:colcon.colcon_core.shell:create_environment_hook('sshros', 'pythonpath')
[4.210s] INFO:colcon.colcon_core.shell:Creating environment hook '/home/ubuntu/workspace/install/sshros/share/sshros/hook/pythonpath.ps1'
[4.212s] INFO:colcon.colcon_core.shell:Creating environment descriptor '/home/ubuntu/workspace/install/sshros/share/sshros/hook/pythonpath.dsv'
[4.213s] INFO:colcon.colcon_core.shell:Creating environment hook '/home/ubuntu/workspace/install/sshros/share/sshros/hook/pythonpath.sh'
[4.215s] Level 1:colcon.colcon_core.environment:create_environment_scripts_only(sshros)
[4.218s] INFO:colcon.colcon_core.shell:Creating package script '/home/ubuntu/workspace/install/sshros/share/sshros/package.ps1'
[4.222s] INFO:colcon.colcon_core.shell:Creating package descriptor '/home/ubuntu/workspace/install/sshros/share/sshros/package.dsv'
[4.225s] INFO:colcon.colcon_core.shell:Creating package script '/home/ubuntu/workspace/install/sshros/share/sshros/package.sh'
[4.229s] INFO:colcon.colcon_core.shell:Creating package script '/home/ubuntu/workspace/install/sshros/share/sshros/package.bash'
[4.232s] INFO:colcon.colcon_core.shell:Creating package script '/home/ubuntu/workspace/install/sshros/share/sshros/package.zsh'
[4.235s] Level 1:colcon.colcon_core.environment:create_file_with_runtime_dependencies(/home/ubuntu/workspace/install/sshros/share/colcon-core/packages/sshros)
[4.236s] DEBUG:colcon.colcon_parallel_executor.executor.parallel:closing loop
[4.238s] DEBUG:colcon.colcon_parallel_executor.executor.parallel:loop closed
[4.238s] DEBUG:colcon.colcon_parallel_executor.executor.parallel:run_until_complete finished with '0'
[4.239s] DEBUG:colcon.colcon_core.event_reactor:joining thread
[4.264s] INFO:colcon.colcon_core.plugin_system:Skipping extension 'colcon_notification.desktop_notification.terminal_notifier': Not used on non-Darwin systems
[4.265s] INFO:colcon.colcon_core.plugin_system:Skipping extension 'colcon_notification.desktop_notification.win32': Not used on non-Windows systems
[4.265s] INFO:colcon.colcon_notification.desktop_notification:Sending desktop notification using 'notify2'
[4.334s] DEBUG:colcon.colcon_core.event_reactor:joined thread
[4.337s] INFO:colcon.colcon_core.shell:Creating prefix script '/home/ubuntu/workspace/install/local_setup.ps1'
[4.341s] INFO:colcon.colcon_core.shell:Creating prefix util module '/home/ubuntu/workspace/install/_local_setup_util_ps1.py'
[4.347s] INFO:colcon.colcon_core.shell:Creating prefix chain script '/home/ubuntu/workspace/install/setup.ps1'
[4.358s] INFO:colcon.colcon_core.shell:Creating prefix script '/home/ubuntu/workspace/install/local_setup.sh'
[4.361s] INFO:colcon.colcon_core.shell:Creating prefix util module '/home/ubuntu/workspace/install/_local_setup_util_sh.py'
[4.364s] INFO:colcon.colcon_core.shell:Creating prefix chain script '/home/ubuntu/workspace/install/setup.sh'
[4.375s] INFO:colcon.colcon_core.shell:Creating prefix script '/home/ubuntu/workspace/install/local_setup.bash'
[4.378s] INFO:colcon.colcon_core.shell:Creating prefix chain script '/home/ubuntu/workspace/install/setup.bash'
[4.394s] INFO:colcon.colcon_core.shell:Creating prefix script '/home/ubuntu/workspace/install/local_setup.zsh'
[4.397s] INFO:colcon.colcon_core.shell:Creating prefix chain script '/home/ubuntu/workspace/install/setup.zsh'
