running egg_info
creating ../../build/sshros/sshros.egg-info
writing ../../build/sshros/sshros.egg-info/PKG-INFO
writing dependency_links to ../../build/sshros/sshros.egg-info/dependency_links.txt
writing entry points to ../../build/sshros/sshros.egg-info/entry_points.txt
writing requirements to ../../build/sshros/sshros.egg-info/requires.txt
writing top-level names to ../../build/sshros/sshros.egg-info/top_level.txt
writing manifest file '../../build/sshros/sshros.egg-info/SOURCES.txt'
reading manifest file '../../build/sshros/sshros.egg-info/SOURCES.txt'
writing manifest file '../../build/sshros/sshros.egg-info/SOURCES.txt'
running build
running build_py
creating /home/student/ros2_bridge_custom_interfaces/ros2_ws/build/sshros/build
creating /home/student/ros2_bridge_custom_interfaces/ros2_ws/build/sshros/build/lib
creating /home/student/ros2_bridge_custom_interfaces/ros2_ws/build/sshros/build/lib/sshros
copying sshros/test.py -> /home/student/ros2_bridge_custom_interfaces/ros2_ws/build/sshros/build/lib/sshros
copying sshros/test_ssh.py -> /home/student/ros2_bridge_custom_interfaces/ros2_ws/build/sshros/build/lib/sshros
copying sshros/__init__.py -> /home/student/ros2_bridge_custom_interfaces/ros2_ws/build/sshros/build/lib/sshros
running install
running install_lib
creating /home/student/ros2_bridge_custom_interfaces/ros2_ws/install/sshros/lib/python3.6/site-packages/sshros
copying /home/student/ros2_bridge_custom_interfaces/ros2_ws/build/sshros/build/lib/sshros/test.py -> /home/student/ros2_bridge_custom_interfaces/ros2_ws/install/sshros/lib/python3.6/site-packages/sshros
copying /home/student/ros2_bridge_custom_interfaces/ros2_ws/build/sshros/build/lib/sshros/test_ssh.py -> /home/student/ros2_bridge_custom_interfaces/ros2_ws/install/sshros/lib/python3.6/site-packages/sshros
copying /home/student/ros2_bridge_custom_interfaces/ros2_ws/build/sshros/build/lib/sshros/__init__.py -> /home/student/ros2_bridge_custom_interfaces/ros2_ws/install/sshros/lib/python3.6/site-packages/sshros
byte-compiling /home/student/ros2_bridge_custom_interfaces/ros2_ws/install/sshros/lib/python3.6/site-packages/sshros/test.py to test.cpython-36.pyc
byte-compiling /home/student/ros2_bridge_custom_interfaces/ros2_ws/install/sshros/lib/python3.6/site-packages/sshros/test_ssh.py to test_ssh.cpython-36.pyc
byte-compiling /home/student/ros2_bridge_custom_interfaces/ros2_ws/install/sshros/lib/python3.6/site-packages/sshros/__init__.py to __init__.cpython-36.pyc
running install_data
creating /home/student/ros2_bridge_custom_interfaces/ros2_ws/install/sshros/share/ament_index
creating /home/student/ros2_bridge_custom_interfaces/ros2_ws/install/sshros/share/ament_index/resource_index
creating /home/student/ros2_bridge_custom_interfaces/ros2_ws/install/sshros/share/ament_index/resource_index/packages
copying resource/sshros -> /home/student/ros2_bridge_custom_interfaces/ros2_ws/install/sshros/share/ament_index/resource_index/packages
copying package.xml -> /home/student/ros2_bridge_custom_interfaces/ros2_ws/install/sshros/share/sshros
running install_egg_info
Copying ../../build/sshros/sshros.egg-info to /home/student/ros2_bridge_custom_interfaces/ros2_ws/install/sshros/lib/python3.6/site-packages/sshros-0.0.0-py3.6.egg-info
running install_scripts
Installing test = sshros.test:maintest_ssh script to /home/student/ros2_bridge_custom_interfaces/ros2_ws/install/sshros/lib/sshros
writing list of installed files to '/home/student/ros2_bridge_custom_interfaces/ros2_ws/build/sshros/install.log'
