[0.193s] Invoking command in '/home/student/ros2_bridge_custom_interfaces/ros2_ws/src/sshros': PYTHONPATH=/home/student/ros2_bridge_custom_interfaces/ros2_ws/install/sshros/lib/python3.6/site-packages:${PYTHONPATH} /usr/bin/python3 setup.py egg_info --egg-base ../../build/sshros build --build-base /home/student/ros2_bridge_custom_interfaces/ros2_ws/build/sshros/build install --prefix /home/student/ros2_bridge_custom_interfaces/ros2_ws/install/sshros --record /home/student/ros2_bridge_custom_interfaces/ros2_ws/build/sshros/install.log --single-version-externally-managed
[0.369s] running egg_info
[0.370s] creating ../../build/sshros/sshros.egg-info
[0.370s] writing ../../build/sshros/sshros.egg-info/PKG-INFO
[0.370s] writing dependency_links to ../../build/sshros/sshros.egg-info/dependency_links.txt
[0.370s] writing entry points to ../../build/sshros/sshros.egg-info/entry_points.txt
[0.370s] writing requirements to ../../build/sshros/sshros.egg-info/requires.txt
[0.370s] writing top-level names to ../../build/sshros/sshros.egg-info/top_level.txt
[0.370s] writing manifest file '../../build/sshros/sshros.egg-info/SOURCES.txt'
[0.395s] reading manifest file '../../build/sshros/sshros.egg-info/SOURCES.txt'
[0.396s] writing manifest file '../../build/sshros/sshros.egg-info/SOURCES.txt'
[0.396s] running build
[0.396s] running build_py
[0.396s] creating /home/student/ros2_bridge_custom_interfaces/ros2_ws/build/sshros/build
[0.396s] creating /home/student/ros2_bridge_custom_interfaces/ros2_ws/build/sshros/build/lib
[0.396s] creating /home/student/ros2_bridge_custom_interfaces/ros2_ws/build/sshros/build/lib/sshros
[0.396s] copying sshros/test.py -> /home/student/ros2_bridge_custom_interfaces/ros2_ws/build/sshros/build/lib/sshros
[0.396s] copying sshros/test_ssh.py -> /home/student/ros2_bridge_custom_interfaces/ros2_ws/build/sshros/build/lib/sshros
[0.397s] copying sshros/__init__.py -> /home/student/ros2_bridge_custom_interfaces/ros2_ws/build/sshros/build/lib/sshros
[0.397s] running install
[0.397s] running install_lib
[0.397s] creating /home/student/ros2_bridge_custom_interfaces/ros2_ws/install/sshros/lib/python3.6/site-packages/sshros
[0.397s] copying /home/student/ros2_bridge_custom_interfaces/ros2_ws/build/sshros/build/lib/sshros/test.py -> /home/student/ros2_bridge_custom_interfaces/ros2_ws/install/sshros/lib/python3.6/site-packages/sshros
[0.397s] copying /home/student/ros2_bridge_custom_interfaces/ros2_ws/build/sshros/build/lib/sshros/test_ssh.py -> /home/student/ros2_bridge_custom_interfaces/ros2_ws/install/sshros/lib/python3.6/site-packages/sshros
[0.398s] copying /home/student/ros2_bridge_custom_interfaces/ros2_ws/build/sshros/build/lib/sshros/__init__.py -> /home/student/ros2_bridge_custom_interfaces/ros2_ws/install/sshros/lib/python3.6/site-packages/sshros
[0.398s] byte-compiling /home/student/ros2_bridge_custom_interfaces/ros2_ws/install/sshros/lib/python3.6/site-packages/sshros/test.py to test.cpython-36.pyc
[0.398s] byte-compiling /home/student/ros2_bridge_custom_interfaces/ros2_ws/install/sshros/lib/python3.6/site-packages/sshros/test_ssh.py to test_ssh.cpython-36.pyc
[0.398s] byte-compiling /home/student/ros2_bridge_custom_interfaces/ros2_ws/install/sshros/lib/python3.6/site-packages/sshros/__init__.py to __init__.cpython-36.pyc
[0.398s] running install_data
[0.399s] creating /home/student/ros2_bridge_custom_interfaces/ros2_ws/install/sshros/share/ament_index
[0.399s] creating /home/student/ros2_bridge_custom_interfaces/ros2_ws/install/sshros/share/ament_index/resource_index
[0.399s] creating /home/student/ros2_bridge_custom_interfaces/ros2_ws/install/sshros/share/ament_index/resource_index/packages
[0.399s] copying resource/sshros -> /home/student/ros2_bridge_custom_interfaces/ros2_ws/install/sshros/share/ament_index/resource_index/packages
[0.399s] copying package.xml -> /home/student/ros2_bridge_custom_interfaces/ros2_ws/install/sshros/share/sshros
[0.399s] running install_egg_info
[0.400s] Copying ../../build/sshros/sshros.egg-info to /home/student/ros2_bridge_custom_interfaces/ros2_ws/install/sshros/lib/python3.6/site-packages/sshros-0.0.0-py3.6.egg-info
[0.401s] running install_scripts
[0.415s] Installing test = sshros.test:maintest_ssh script to /home/student/ros2_bridge_custom_interfaces/ros2_ws/install/sshros/lib/sshros
[0.416s] writing list of installed files to '/home/student/ros2_bridge_custom_interfaces/ros2_ws/build/sshros/install.log'
[0.432s] Invoked command in '/home/student/ros2_bridge_custom_interfaces/ros2_ws/src/sshros' returned '0': PYTHONPATH=/home/student/ros2_bridge_custom_interfaces/ros2_ws/install/sshros/lib/python3.6/site-packages:${PYTHONPATH} /usr/bin/python3 setup.py egg_info --egg-base ../../build/sshros build --build-base /home/student/ros2_bridge_custom_interfaces/ros2_ws/build/sshros/build install --prefix /home/student/ros2_bridge_custom_interfaces/ros2_ws/install/sshros --record /home/student/ros2_bridge_custom_interfaces/ros2_ws/build/sshros/install.log --single-version-externally-managed
