running egg_info
creating ../../build/sshros/sshros.egg-info
writing ../../build/sshros/sshros.egg-info/PKG-INFO
writing dependency_links to ../../build/sshros/sshros.egg-info/dependency_links.txt
writing entry points to ../../build/sshros/sshros.egg-info/entry_points.txt
writing requirements to ../../build/sshros/sshros.egg-info/requires.txt
writing top-level names to ../../build/sshros/sshros.egg-info/top_level.txt
writing manifest file '../../build/sshros/sshros.egg-info/SOURCES.txt'
reading manifest file '../../build/sshros/sshros.egg-info/SOURCES.txt'
writing manifest file '../../build/sshros/sshros.egg-info/SOURCES.txt'
running build
running build_py
creating /home/ubuntu/workspace/build/sshros/build
creating /home/ubuntu/workspace/build/sshros/build/lib
creating /home/ubuntu/workspace/build/sshros/build/lib/sshros
copying sshros/__init__.py -> /home/ubuntu/workspace/build/sshros/build/lib/sshros
running install
running install_lib
creating /home/ubuntu/workspace/install/sshros/lib/python3.8/site-packages/sshros
copying /home/ubuntu/workspace/build/sshros/build/lib/sshros/__init__.py -> /home/ubuntu/workspace/install/sshros/lib/python3.8/site-packages/sshros
byte-compiling /home/ubuntu/workspace/install/sshros/lib/python3.8/site-packages/sshros/__init__.py to __init__.cpython-38.pyc
running install_data
creating /home/ubuntu/workspace/install/sshros/share/ament_index
creating /home/ubuntu/workspace/install/sshros/share/ament_index/resource_index
creating /home/ubuntu/workspace/install/sshros/share/ament_index/resource_index/packages
copying resource/sshros -> /home/ubuntu/workspace/install/sshros/share/ament_index/resource_index/packages
copying package.xml -> /home/ubuntu/workspace/install/sshros/share/sshros
running install_egg_info
Copying ../../build/sshros/sshros.egg-info to /home/ubuntu/workspace/install/sshros/lib/python3.8/site-packages/sshros-0.0.0-py3.8.egg-info
running install_scripts
writing list of installed files to '/home/ubuntu/workspace/build/sshros/install.log'
