[0.926s] Invoking command in '/home/ubuntu/workspace/src/sshros': PYTHONPATH=/home/ubuntu/workspace/install/sshros/lib/python3.8/site-packages:${PYTHONPATH} /usr/bin/python3 setup.py egg_info --egg-base ../../build/sshros build --build-base /home/ubuntu/workspace/build/sshros/build install --prefix /home/ubuntu/workspace/install/sshros --record /home/ubuntu/workspace/build/sshros/install.log --single-version-externally-managed
[1.720s] running egg_info
[1.722s] creating ../../build/sshros/sshros.egg-info
[1.722s] writing ../../build/sshros/sshros.egg-info/PKG-INFO
[1.723s] writing dependency_links to ../../build/sshros/sshros.egg-info/dependency_links.txt
[1.724s] writing entry points to ../../build/sshros/sshros.egg-info/entry_points.txt
[1.724s] writing requirements to ../../build/sshros/sshros.egg-info/requires.txt
[1.725s] writing top-level names to ../../build/sshros/sshros.egg-info/top_level.txt
[1.735s] writing manifest file '../../build/sshros/sshros.egg-info/SOURCES.txt'
[1.903s] reading manifest file '../../build/sshros/sshros.egg-info/SOURCES.txt'
[1.906s] writing manifest file '../../build/sshros/sshros.egg-info/SOURCES.txt'
[1.906s] running build
[1.907s] running build_py
[1.908s] creating /home/ubuntu/workspace/build/sshros/build
[1.908s] creating /home/ubuntu/workspace/build/sshros/build/lib
[1.909s] creating /home/ubuntu/workspace/build/sshros/build/lib/sshros
[1.909s] copying sshros/__init__.py -> /home/ubuntu/workspace/build/sshros/build/lib/sshros
[1.910s] running install
[1.912s] running install_lib
[1.917s] creating /home/ubuntu/workspace/install/sshros/lib/python3.8/site-packages/sshros
[1.918s] copying /home/ubuntu/workspace/build/sshros/build/lib/sshros/__init__.py -> /home/ubuntu/workspace/install/sshros/lib/python3.8/site-packages/sshros
[1.920s] byte-compiling /home/ubuntu/workspace/install/sshros/lib/python3.8/site-packages/sshros/__init__.py to __init__.cpython-38.pyc
[1.925s] running install_data
[1.928s] creating /home/ubuntu/workspace/install/sshros/share/ament_index
[1.928s] creating /home/ubuntu/workspace/install/sshros/share/ament_index/resource_index
[1.929s] creating /home/ubuntu/workspace/install/sshros/share/ament_index/resource_index/packages
[1.929s] copying resource/sshros -> /home/ubuntu/workspace/install/sshros/share/ament_index/resource_index/packages
[1.930s] copying package.xml -> /home/ubuntu/workspace/install/sshros/share/sshros
[1.930s] running install_egg_info
[1.938s] Copying ../../build/sshros/sshros.egg-info to /home/ubuntu/workspace/install/sshros/lib/python3.8/site-packages/sshros-0.0.0-py3.8.egg-info
[1.942s] running install_scripts
[2.022s] writing list of installed files to '/home/ubuntu/workspace/build/sshros/install.log'
[2.119s] Invoked command in '/home/ubuntu/workspace/src/sshros' returned '0': PYTHONPATH=/home/ubuntu/workspace/install/sshros/lib/python3.8/site-packages:${PYTHONPATH} /usr/bin/python3 setup.py egg_info --egg-base ../../build/sshros build --build-base /home/ubuntu/workspace/build/sshros/build install --prefix /home/ubuntu/workspace/install/sshros --record /home/ubuntu/workspace/build/sshros/install.log --single-version-externally-managed
