[0.115s] Invoking command in '/home/ubuntu/workspace/build/blackboard_interfaces': CMAKE_PREFIX_PATH=${CMAKE_PREFIX_PATH}:/home/ubuntu/workspace/install/sshros:/opt/ros/foxy /usr/bin/cmake --build /home/ubuntu/workspace/build/blackboard_interfaces -- -j4 -l4
[0.248s] -- Found ament_cmake: 0.9.8 (/opt/ros/foxy/share/ament_cmake/cmake)
[0.387s] -- Found PythonInterp: /usr/bin/python3 (found suitable version "3.8.5", minimum required is "3") 
[0.388s] -- Using PYTHON_EXECUTABLE: /usr/bin/python3
[1.288s] -- Override CMake install command with custom implementation using symlinks instead of copying resources
[1.325s] -- Found geometry_msgs: 2.0.4 (/opt/ros/foxy/share/geometry_msgs/cmake)
[1.459s] -- Using all available rosidl_typesupport_c: rosidl_typesupport_fastrtps_c;rosidl_typesupport_introspection_c
[1.476s] -- Found rosidl_adapter: 1.2.1 (/opt/ros/foxy/share/rosidl_adapter/cmake)
[2.144s] -- Using all available rosidl_typesupport_cpp: rosidl_typesupport_fastrtps_cpp;rosidl_typesupport_introspection_cpp
[2.515s] -- Found rosidl_default_generators: 1.0.1 (/opt/ros/foxy/share/rosidl_default_generators/cmake)
[2.698s] -- Found PythonInterp: /usr/bin/python3 (found version "3.8.5") 
[3.373s] -- Found ament_cmake_ros: 0.9.2 (/opt/ros/foxy/share/ament_cmake_ros/cmake)
[3.986s] -- Using all available rosidl_typesupport_c: rosidl_typesupport_fastrtps_c;rosidl_typesupport_introspection_c
[4.030s] -- Using all available rosidl_typesupport_cpp: rosidl_typesupport_fastrtps_cpp;rosidl_typesupport_introspection_cpp
[4.160s] -- Found PythonInterp: /usr/bin/python3 (found suitable version "3.8.5", minimum required is "3.5") 
[4.178s] -- Found python_cmake_module: 0.8.1 (/opt/ros/foxy/share/python_cmake_module/cmake)
[4.323s] -- Found PythonLibs: /usr/lib/aarch64-linux-gnu/libpython3.8.so (found suitable version "3.8.5", minimum required is "3.5") 
[4.324s] -- Using PYTHON_EXECUTABLE: /usr/bin/python3
[4.324s] -- Using PYTHON_INCLUDE_DIRS: /usr/include/python3.8
[4.325s] -- Using PYTHON_LIBRARIES: /usr/lib/aarch64-linux-gnu/libpython3.8.so
[4.448s] -- Found PythonExtra: .so  
[4.651s] -- Found ament_lint_auto: 0.9.6 (/opt/ros/foxy/share/ament_lint_auto/cmake)
[4.720s] -- Added test 'copyright' to check source files copyright and LICENSE
[4.731s] -- Added test 'lint_cmake' to check CMake code style
[4.737s] -- Added test 'xmllint' to check XML markup files
[4.779s] -- Configuring done
[4.946s] -- Generating done
[4.963s] -- Build files have been written to: /home/ubuntu/workspace/build/blackboard_interfaces
[5.074s] [35m[1mScanning dependencies of target blackboard_interfaces__cpp[0m
[5.076s] [  3%] [34m[1mGenerating C code for ROS interfaces[0m
[5.122s] [  6%] [34m[1mGenerating C++ code for ROS interfaces[0m
[6.310s] [  6%] Built target blackboard_interfaces__cpp
[6.327s] [35m[1mScanning dependencies of target blackboard_interfaces__rosidl_generator_c[0m
[6.361s] [  9%] [34m[1mGenerating C++ introspection for ROS interfaces[0m
[6.364s] [ 12%] [34m[1mGenerating C++ type support for eProsima Fast-RTPS[0m
[6.367s] [ 16%] [34m[1mGenerating C++ type support dispatch for ROS interfaces[0m
[6.425s] [ 19%] [32mBuilding C object CMakeFiles/blackboard_interfaces__rosidl_generator_c.dir/rosidl_generator_c/blackboard_interfaces/msg/detail/task_msg__functions.c.o[0m
[6.779s] [ 22%] [32m[1mLinking C shared library libblackboard_interfaces__rosidl_generator_c.so[0m
[7.008s] [ 22%] Built target blackboard_interfaces__rosidl_generator_c
[7.080s] [ 25%] [34m[1mGenerating C introspection for ROS interfaces[0m
[7.620s] [35m[1mScanning dependencies of target blackboard_interfaces__rosidl_typesupport_cpp[0m
[7.733s] [ 29%] [32mBuilding CXX object CMakeFiles/blackboard_interfaces__rosidl_typesupport_cpp.dir/rosidl_typesupport_cpp/blackboard_interfaces/msg/task_msg__type_support.cpp.o[0m
[7.739s] [35m[1mScanning dependencies of target blackboard_interfaces__rosidl_typesupport_introspection_cpp[0m
[7.827s] [ 32%] [32mBuilding CXX object CMakeFiles/blackboard_interfaces__rosidl_typesupport_introspection_cpp.dir/rosidl_typesupport_introspection_cpp/blackboard_interfaces/msg/detail/task_msg__type_support.cpp.o[0m
[7.841s] [35m[1mScanning dependencies of target blackboard_interfaces__rosidl_typesupport_fastrtps_cpp[0m
[7.950s] [ 35%] [32mBuilding CXX object CMakeFiles/blackboard_interfaces__rosidl_typesupport_fastrtps_cpp.dir/rosidl_typesupport_fastrtps_cpp/blackboard_interfaces/msg/detail/dds_fastrtps/task_msg__type_support.cpp.o[0m
[8.483s] [35m[1mScanning dependencies of target blackboard_interfaces__rosidl_typesupport_introspection_c[0m
[8.577s] [ 38%] [32mBuilding C object CMakeFiles/blackboard_interfaces__rosidl_typesupport_introspection_c.dir/rosidl_typesupport_introspection_c/blackboard_interfaces/msg/detail/task_msg__type_support.c.o[0m
[8.839s] [ 41%] [32m[1mLinking C shared library libblackboard_interfaces__rosidl_typesupport_introspection_c.so[0m
[9.033s] [ 41%] Built target blackboard_interfaces__rosidl_typesupport_introspection_c
[9.109s] [ 45%] [34m[1mGenerating C type support dispatch for ROS interfaces[0m
[9.729s] [ 48%] [32m[1mLinking CXX shared library libblackboard_interfaces__rosidl_typesupport_cpp.so[0m
[9.961s] [ 48%] Built target blackboard_interfaces__rosidl_typesupport_cpp
[10.058s] [ 51%] [32m[1mLinking CXX shared library libblackboard_interfaces__rosidl_typesupport_introspection_cpp.so[0m
[10.397s] [ 51%] Built target blackboard_interfaces__rosidl_typesupport_introspection_cpp
[10.498s] [35m[1mScanning dependencies of target blackboard_interfaces__rosidl_typesupport_c[0m
[10.560s] [ 54%] [32mBuilding CXX object CMakeFiles/blackboard_interfaces__rosidl_typesupport_c.dir/rosidl_typesupport_c/blackboard_interfaces/msg/task_msg__type_support.cpp.o[0m
[10.714s] [ 58%] [32m[1mLinking CXX shared library libblackboard_interfaces__rosidl_typesupport_c.so[0m
[10.879s] [ 58%] Built target blackboard_interfaces__rosidl_typesupport_c
[11.048s] [ 61%] [32m[1mLinking CXX shared library libblackboard_interfaces__rosidl_typesupport_fastrtps_cpp.so[0m
[11.452s] [ 61%] Built target blackboard_interfaces__rosidl_typesupport_fastrtps_cpp
[11.498s] [ 64%] [34m[1mGenerating C type support for eProsima Fast-RTPS[0m
[12.532s] [35m[1mScanning dependencies of target blackboard_interfaces__rosidl_typesupport_fastrtps_c[0m
[12.601s] [ 67%] [32mBuilding CXX object CMakeFiles/blackboard_interfaces__rosidl_typesupport_fastrtps_c.dir/rosidl_typesupport_fastrtps_c/blackboard_interfaces/msg/detail/task_msg__type_support_c.cpp.o[0m
[14.214s] [ 70%] [32m[1mLinking CXX shared library libblackboard_interfaces__rosidl_typesupport_fastrtps_c.so[0m
[14.581s] [ 70%] Built target blackboard_interfaces__rosidl_typesupport_fastrtps_c
[14.630s] [35m[1mScanning dependencies of target blackboard_interfaces[0m
[14.678s] [ 70%] Built target blackboard_interfaces
[14.723s] [35m[1mScanning dependencies of target blackboard_interfaces__py[0m
[14.769s] [ 74%] [34m[1mGenerating Python code for ROS interfaces[0m
[17.038s] [ 74%] Built target blackboard_interfaces__py
[17.083s] [35m[1mScanning dependencies of target blackboard_interfaces__python[0m
[17.259s] [ 77%] [32mBuilding C object CMakeFiles/blackboard_interfaces__python.dir/rosidl_generator_py/blackboard_interfaces/msg/_task_msg_s.c.o[0m
[17.767s] [ 80%] [32m[1mLinking C shared library rosidl_generator_py/blackboard_interfaces/libblackboard_interfaces__python.so[0m
[17.948s] [ 80%] Built target blackboard_interfaces__python
[17.997s] [35m[1mScanning dependencies of target blackboard_interfaces__rosidl_typesupport_introspection_c__pyext[0m
[18.000s] [35m[1mScanning dependencies of target blackboard_interfaces__rosidl_typesupport_fastrtps_c__pyext[0m
[18.002s] [35m[1mScanning dependencies of target blackboard_interfaces__rosidl_typesupport_c__pyext[0m
[18.095s] [ 83%] [32mBuilding C object CMakeFiles/blackboard_interfaces__rosidl_typesupport_introspection_c__pyext.dir/rosidl_generator_py/blackboard_interfaces/_blackboard_interfaces_s.ep.rosidl_typesupport_introspection_c.c.o[0m
[18.106s] [ 87%] [32mBuilding C object CMakeFiles/blackboard_interfaces__rosidl_typesupport_c__pyext.dir/rosidl_generator_py/blackboard_interfaces/_blackboard_interfaces_s.ep.rosidl_typesupport_c.c.o[0m
[18.113s] [ 90%] [32mBuilding C object CMakeFiles/blackboard_interfaces__rosidl_typesupport_fastrtps_c__pyext.dir/rosidl_generator_py/blackboard_interfaces/_blackboard_interfaces_s.ep.rosidl_typesupport_fastrtps_c.c.o[0m
[18.532s] [ 96%] [32m[1mLinking C shared library rosidl_generator_py/blackboard_interfaces/blackboard_interfaces_s__rosidl_typesupport_introspection_c.cpython-38-aarch64-linux-gnu.so[0m
[18.533s] [ 96%] [32m[1mLinking C shared library rosidl_generator_py/blackboard_interfaces/blackboard_interfaces_s__rosidl_typesupport_c.cpython-38-aarch64-linux-gnu.so[0m
[18.583s] [100%] [32m[1mLinking CXX shared library rosidl_generator_py/blackboard_interfaces/blackboard_interfaces_s__rosidl_typesupport_fastrtps_c.cpython-38-aarch64-linux-gnu.so[0m
[18.729s] [100%] Built target blackboard_interfaces__rosidl_typesupport_c__pyext
[18.745s] [100%] Built target blackboard_interfaces__rosidl_typesupport_introspection_c__pyext
[18.890s] [100%] Built target blackboard_interfaces__rosidl_typesupport_fastrtps_c__pyext
[18.937s] Invoked command in '/home/ubuntu/workspace/build/blackboard_interfaces' returned '0': CMAKE_PREFIX_PATH=${CMAKE_PREFIX_PATH}:/home/ubuntu/workspace/install/sshros:/opt/ros/foxy /usr/bin/cmake --build /home/ubuntu/workspace/build/blackboard_interfaces -- -j4 -l4
[19.340s] Invoking command in '/home/ubuntu/workspace/build/blackboard_interfaces': CMAKE_PREFIX_PATH=${CMAKE_PREFIX_PATH}:/home/ubuntu/workspace/install/sshros:/opt/ros/foxy /usr/bin/cmake --install /home/ubuntu/workspace/build/blackboard_interfaces
[19.379s] -- Install configuration: ""
[19.381s] -- Execute custom install script
[19.382s] -- Symlinking: /home/ubuntu/workspace/install/blackboard_interfaces/share/ament_index/resource_index/rosidl_interfaces/blackboard_interfaces
[19.423s] -- Symlinking: /home/ubuntu/workspace/install/blackboard_interfaces/include/blackboard_interfaces/msg/detail/task_msg__functions.h
[19.461s] -- Symlinking: /home/ubuntu/workspace/install/blackboard_interfaces/include/blackboard_interfaces/msg/detail/task_msg__struct.h
[19.497s] -- Symlinking: /home/ubuntu/workspace/install/blackboard_interfaces/include/blackboard_interfaces/msg/detail/task_msg__type_support.h
[19.535s] -- Symlinking: /home/ubuntu/workspace/install/blackboard_interfaces/include/blackboard_interfaces/msg/rosidl_generator_c__visibility_control.h
[19.575s] -- Symlinking: /home/ubuntu/workspace/install/blackboard_interfaces/include/blackboard_interfaces/msg/task_msg.h
[19.609s] -- Symlinking: /home/ubuntu/workspace/install/blackboard_interfaces/share/blackboard_interfaces/environment/library_path.sh
[19.644s] -- Symlinking: /home/ubuntu/workspace/install/blackboard_interfaces/share/blackboard_interfaces/environment/library_path.dsv
[19.683s] -- Symlinking: /home/ubuntu/workspace/install/blackboard_interfaces/include/blackboard_interfaces/msg/detail/task_msg__rosidl_typesupport_fastrtps_c.h
[19.721s] -- Symlinking: /home/ubuntu/workspace/install/blackboard_interfaces/include/blackboard_interfaces/msg/rosidl_typesupport_fastrtps_c__visibility_control.h
[19.760s] -- Symlinking: /home/ubuntu/workspace/install/blackboard_interfaces/lib/libblackboard_interfaces__rosidl_typesupport_fastrtps_c.so
[19.799s] -- Symlinking: /home/ubuntu/workspace/install/blackboard_interfaces/include/blackboard_interfaces/msg/detail/task_msg__rosidl_typesupport_fastrtps_cpp.hpp
[19.836s] -- Symlinking: /home/ubuntu/workspace/install/blackboard_interfaces/include/blackboard_interfaces/msg/rosidl_typesupport_fastrtps_cpp__visibility_control.h
[19.878s] -- Symlinking: /home/ubuntu/workspace/install/blackboard_interfaces/lib/libblackboard_interfaces__rosidl_typesupport_fastrtps_cpp.so
[19.914s] -- Symlinking: /home/ubuntu/workspace/install/blackboard_interfaces/include/blackboard_interfaces/msg/detail/task_msg__rosidl_typesupport_introspection_c.h
[19.952s] -- Symlinking: /home/ubuntu/workspace/install/blackboard_interfaces/include/blackboard_interfaces/msg/rosidl_typesupport_introspection_c__visibility_control.h
[19.989s] -- Symlinking: /home/ubuntu/workspace/install/blackboard_interfaces/include/blackboard_interfaces/msg/detail/task_msg__builder.hpp
[20.026s] -- Symlinking: /home/ubuntu/workspace/install/blackboard_interfaces/include/blackboard_interfaces/msg/detail/task_msg__struct.hpp
[20.064s] -- Symlinking: /home/ubuntu/workspace/install/blackboard_interfaces/include/blackboard_interfaces/msg/detail/task_msg__traits.hpp
[20.102s] -- Symlinking: /home/ubuntu/workspace/install/blackboard_interfaces/include/blackboard_interfaces/msg/task_msg.hpp
[20.138s] -- Symlinking: /home/ubuntu/workspace/install/blackboard_interfaces/include/blackboard_interfaces/msg/detail/task_msg__rosidl_typesupport_introspection_cpp.hpp
[20.175s] -- Symlinking: /home/ubuntu/workspace/install/blackboard_interfaces/share/blackboard_interfaces/environment/pythonpath.sh
[20.210s] -- Symlinking: /home/ubuntu/workspace/install/blackboard_interfaces/share/blackboard_interfaces/environment/pythonpath.dsv
[20.245s] -- Symlinking: /home/ubuntu/workspace/install/blackboard_interfaces/lib/python3.8/site-packages/blackboard_interfaces/__init__.py
[20.283s] -- Symlinking: /home/ubuntu/workspace/install/blackboard_interfaces/lib/python3.8/site-packages/blackboard_interfaces/msg/__init__.py
[20.321s] -- Symlinking: /home/ubuntu/workspace/install/blackboard_interfaces/lib/python3.8/site-packages/blackboard_interfaces/msg/_task_msg.py
[20.360s] -- Symlinking: /home/ubuntu/workspace/install/blackboard_interfaces/lib/python3.8/site-packages/blackboard_interfaces/blackboard_interfaces_s__rosidl_typesupport_fastrtps_c.cpython-38-aarch64-linux-gnu.so
[20.398s] -- Symlinking: /home/ubuntu/workspace/install/blackboard_interfaces/lib/python3.8/site-packages/blackboard_interfaces/blackboard_interfaces_s__rosidl_typesupport_introspection_c.cpython-38-aarch64-linux-gnu.so
[20.436s] -- Symlinking: /home/ubuntu/workspace/install/blackboard_interfaces/lib/python3.8/site-packages/blackboard_interfaces/blackboard_interfaces_s__rosidl_typesupport_c.cpython-38-aarch64-linux-gnu.so
[20.477s] -- Symlinking: /home/ubuntu/workspace/install/blackboard_interfaces/lib/libblackboard_interfaces__python.so
[20.512s] -- Symlinking: /home/ubuntu/workspace/install/blackboard_interfaces/share/blackboard_interfaces/msg/TaskMsg.idl
[20.551s] -- Symlinking: /home/ubuntu/workspace/install/blackboard_interfaces/share/blackboard_interfaces/msg/TaskMsg.msg
[20.590s] -- Up-to-date symlink: /home/ubuntu/workspace/install/blackboard_interfaces/share/ament_index/resource_index/package_run_dependencies/blackboard_interfaces
[20.592s] -- Up-to-date symlink: /home/ubuntu/workspace/install/blackboard_interfaces/share/ament_index/resource_index/parent_prefix_path/blackboard_interfaces
[20.593s] -- Up-to-date symlink: /home/ubuntu/workspace/install/blackboard_interfaces/share/blackboard_interfaces/environment/ament_prefix_path.sh
[20.595s] -- Up-to-date symlink: /home/ubuntu/workspace/install/blackboard_interfaces/share/blackboard_interfaces/environment/ament_prefix_path.dsv
[20.598s] -- Up-to-date symlink: /home/ubuntu/workspace/install/blackboard_interfaces/share/blackboard_interfaces/environment/path.sh
[20.600s] -- Up-to-date symlink: /home/ubuntu/workspace/install/blackboard_interfaces/share/blackboard_interfaces/environment/path.dsv
[20.602s] -- Up-to-date symlink: /home/ubuntu/workspace/install/blackboard_interfaces/share/blackboard_interfaces/local_setup.bash
[20.604s] -- Up-to-date symlink: /home/ubuntu/workspace/install/blackboard_interfaces/share/blackboard_interfaces/local_setup.sh
[20.605s] -- Up-to-date symlink: /home/ubuntu/workspace/install/blackboard_interfaces/share/blackboard_interfaces/local_setup.zsh
[20.606s] -- Up-to-date symlink: /home/ubuntu/workspace/install/blackboard_interfaces/share/blackboard_interfaces/local_setup.dsv
[20.607s] -- Symlinking: /home/ubuntu/workspace/install/blackboard_interfaces/share/blackboard_interfaces/package.dsv
[20.646s] -- Up-to-date symlink: /home/ubuntu/workspace/install/blackboard_interfaces/share/ament_index/resource_index/packages/blackboard_interfaces
[20.647s] -- Symlinking: /home/ubuntu/workspace/install/blackboard_interfaces/share/blackboard_interfaces/cmake/rosidl_cmake-extras.cmake
[20.687s] -- Symlinking: /home/ubuntu/workspace/install/blackboard_interfaces/share/blackboard_interfaces/cmake/ament_cmake_export_dependencies-extras.cmake
[20.722s] -- Symlinking: /home/ubuntu/workspace/install/blackboard_interfaces/share/blackboard_interfaces/cmake/ament_cmake_export_libraries-extras.cmake
[20.757s] -- Symlinking: /home/ubuntu/workspace/install/blackboard_interfaces/share/blackboard_interfaces/cmake/ament_cmake_export_targets-extras.cmake
[20.793s] -- Symlinking: /home/ubuntu/workspace/install/blackboard_interfaces/share/blackboard_interfaces/cmake/ament_cmake_export_include_directories-extras.cmake
[20.828s] -- Symlinking: /home/ubuntu/workspace/install/blackboard_interfaces/share/blackboard_interfaces/cmake/rosidl_cmake_export_typesupport_libraries-extras.cmake
[20.863s] -- Symlinking: /home/ubuntu/workspace/install/blackboard_interfaces/share/blackboard_interfaces/cmake/rosidl_cmake_export_typesupport_targets-extras.cmake
[20.899s] -- Up-to-date symlink: /home/ubuntu/workspace/install/blackboard_interfaces/share/blackboard_interfaces/cmake/blackboard_interfacesConfig.cmake
[20.900s] -- Up-to-date symlink: /home/ubuntu/workspace/install/blackboard_interfaces/share/blackboard_interfaces/cmake/blackboard_interfacesConfig-version.cmake
[20.902s] -- Up-to-date symlink: /home/ubuntu/workspace/install/blackboard_interfaces/share/blackboard_interfaces/package.xml
[20.903s] -- Installing: /home/ubuntu/workspace/install/blackboard_interfaces/lib/libblackboard_interfaces__rosidl_generator_c.so
[20.905s] -- Set runtime path of "/home/ubuntu/workspace/install/blackboard_interfaces/lib/libblackboard_interfaces__rosidl_generator_c.so" to ""
[20.906s] -- Installing: /home/ubuntu/workspace/install/blackboard_interfaces/lib/libblackboard_interfaces__rosidl_typesupport_introspection_c.so
[20.908s] -- Set runtime path of "/home/ubuntu/workspace/install/blackboard_interfaces/lib/libblackboard_interfaces__rosidl_typesupport_introspection_c.so" to ""
[20.909s] -- Installing: /home/ubuntu/workspace/install/blackboard_interfaces/lib/libblackboard_interfaces__rosidl_typesupport_c.so
[20.911s] -- Set runtime path of "/home/ubuntu/workspace/install/blackboard_interfaces/lib/libblackboard_interfaces__rosidl_typesupport_c.so" to ""
[20.912s] -- Installing: /home/ubuntu/workspace/install/blackboard_interfaces/lib/libblackboard_interfaces__rosidl_typesupport_introspection_cpp.so
[20.915s] -- Set runtime path of "/home/ubuntu/workspace/install/blackboard_interfaces/lib/libblackboard_interfaces__rosidl_typesupport_introspection_cpp.so" to ""
[20.916s] -- Installing: /home/ubuntu/workspace/install/blackboard_interfaces/lib/libblackboard_interfaces__rosidl_typesupport_cpp.so
[20.918s] -- Set runtime path of "/home/ubuntu/workspace/install/blackboard_interfaces/lib/libblackboard_interfaces__rosidl_typesupport_cpp.so" to ""
[21.067s] Compiling '/home/ubuntu/workspace/install/blackboard_interfaces/lib/python3.8/site-packages/blackboard_interfaces/__init__.py'...
[21.093s] -- Installing: /home/ubuntu/workspace/install/blackboard_interfaces/share/blackboard_interfaces/cmake/blackboard_interfaces__rosidl_generator_cExport.cmake
[21.095s] -- Installing: /home/ubuntu/workspace/install/blackboard_interfaces/share/blackboard_interfaces/cmake/blackboard_interfaces__rosidl_generator_cExport-noconfig.cmake
[21.096s] -- Installing: /home/ubuntu/workspace/install/blackboard_interfaces/share/blackboard_interfaces/cmake/blackboard_interfaces__rosidl_typesupport_introspection_cExport.cmake
[21.098s] -- Installing: /home/ubuntu/workspace/install/blackboard_interfaces/share/blackboard_interfaces/cmake/blackboard_interfaces__rosidl_typesupport_introspection_cExport-noconfig.cmake
[21.100s] -- Installing: /home/ubuntu/workspace/install/blackboard_interfaces/share/blackboard_interfaces/cmake/blackboard_interfaces__rosidl_typesupport_cExport.cmake
[21.101s] -- Installing: /home/ubuntu/workspace/install/blackboard_interfaces/share/blackboard_interfaces/cmake/blackboard_interfaces__rosidl_typesupport_cExport-noconfig.cmake
[21.103s] -- Installing: /home/ubuntu/workspace/install/blackboard_interfaces/share/blackboard_interfaces/cmake/blackboard_interfaces__rosidl_generator_cppExport.cmake
[21.105s] -- Installing: /home/ubuntu/workspace/install/blackboard_interfaces/share/blackboard_interfaces/cmake/blackboard_interfaces__rosidl_typesupport_introspection_cppExport.cmake
[21.106s] -- Installing: /home/ubuntu/workspace/install/blackboard_interfaces/share/blackboard_interfaces/cmake/blackboard_interfaces__rosidl_typesupport_introspection_cppExport-noconfig.cmake
[21.108s] -- Installing: /home/ubuntu/workspace/install/blackboard_interfaces/share/blackboard_interfaces/cmake/blackboard_interfaces__rosidl_typesupport_cppExport.cmake
[21.109s] -- Installing: /home/ubuntu/workspace/install/blackboard_interfaces/share/blackboard_interfaces/cmake/blackboard_interfaces__rosidl_typesupport_cppExport-noconfig.cmake
[21.121s] Invoked command in '/home/ubuntu/workspace/build/blackboard_interfaces' returned '0': CMAKE_PREFIX_PATH=${CMAKE_PREFIX_PATH}:/home/ubuntu/workspace/install/sshros:/opt/ros/foxy /usr/bin/cmake --install /home/ubuntu/workspace/build/blackboard_interfaces
